{"/home/user/Docker/iris/src/js/components/Link.js": {"path":"/home/user/Docker/iris/src/js/components/Link.js","statementMap":{"0":{"start":{"line":20,"column":2},"end":{"line":20,"column":64}},"1":{"start":{"line":20,"column":11},"end":{"line":20,"column":64}},"2":{"start":{"line":21,"column":18},"end":{"line":21,"column":30}},"3":{"start":{"line":22,"column":19},"end":{"line":22,"column":32}},"4":{"start":{"line":24,"column":18},"end":{"line":44,"column":3}},"5":{"start":{"line":28,"column":17},"end":{"line":28,"column":48}},"6":{"start":{"line":30,"column":4},"end":{"line":39,"column":6}},"7":{"start":{"line":43,"column":4},"end":{"line":43,"column":62}},"8":{"start":{"line":43,"column":23},"end":{"line":43,"column":62}},"9":{"start":{"line":49,"column":15},"end":{"line":49,"column":37}},"10":{"start":{"line":50,"column":22},"end":{"line":50,"column":67}},"11":{"start":{"line":51,"column":23},"end":{"line":51,"column":82}},"12":{"start":{"line":55,"column":17},"end":{"line":55,"column":77}},"13":{"start":{"line":56,"column":2},"end":{"line":65,"column":4}}},"fnMap":{"0":{"name":"(anonymous_0)","decl":{"start":{"line":10,"column":15},"end":{"line":10,"column":16}},"loc":{"start":{"line":19,"column":6},"end":{"line":66,"column":1}},"line":19},"1":{"name":"(anonymous_1)","decl":{"start":{"line":24,"column":18},"end":{"line":24,"column":19}},"loc":{"start":{"line":24,"column":24},"end":{"line":44,"column":3}},"line":24}},"branchMap":{"0":{"loc":{"start":{"line":14,"column":2},"end":{"line":14,"column":16}},"type":"default-arg","locations":[{"start":{"line":14,"column":14},"end":{"line":14,"column":16}}],"line":14},"1":{"loc":{"start":{"line":20,"column":2},"end":{"line":20,"column":64}},"type":"if","locations":[{"start":{"line":20,"column":2},"end":{"line":20,"column":64}},{"start":{"line":20,"column":2},"end":{"line":20,"column":64}}],"line":20},"2":{"loc":{"start":{"line":43,"column":4},"end":{"line":43,"column":62}},"type":"if","locations":[{"start":{"line":43,"column":4},"end":{"line":43,"column":62}},{"start":{"line":43,"column":4},"end":{"line":43,"column":62}}],"line":43},"3":{"loc":{"start":{"line":51,"column":23},"end":{"line":51,"column":82}},"type":"cond-expr","locations":[{"start":{"line":51,"column":31},"end":{"line":51,"column":51}},{"start":{"line":51,"column":54},"end":{"line":51,"column":82}}],"line":51},"4":{"loc":{"start":{"line":55,"column":17},"end":{"line":55,"column":77}},"type":"cond-expr","locations":[{"start":{"line":55,"column":44},"end":{"line":55,"column":71}},{"start":{"line":55,"column":75},"end":{"line":55,"column":77}}],"line":55},"5":{"loc":{"start":{"line":55,"column":17},"end":{"line":55,"column":40}},"type":"binary-expr","locations":[{"start":{"line":55,"column":17},"end":{"line":55,"column":24}},{"start":{"line":55,"column":28},"end":{"line":55,"column":40}}],"line":55},"6":{"loc":{"start":{"line":55,"column":44},"end":{"line":55,"column":71}},"type":"binary-expr","locations":[{"start":{"line":55,"column":44},"end":{"line":55,"column":59}},{"start":{"line":55,"column":63},"end":{"line":55,"column":71}}],"line":55}},"s":{"0":1,"1":0,"2":1,"3":1,"4":1,"5":0,"6":0,"7":0,"8":0,"9":1,"10":1,"11":1,"12":1,"13":1},"f":{"0":1,"1":0},"b":{"0":[0],"1":[0,1],"2":[0,0],"3":[0,1],"4":[0,1],"5":[1,1],"6":[0,0]},"_coverageSchema":"43e27e138ebf9cfc5966b082cf9a028302ed4184","hash":"ade581dbb36bea6d7999f4bc9f7eb66eebf5a51f"}
,"/home/user/Docker/iris/src/js/components/URILink.js": {"path":"/home/user/Docker/iris/src/js/components/URILink.js","statementMap":{"0":{"start":{"line":7,"column":11},"end":{"line":7,"column":15}},"1":{"start":{"line":8,"column":22},"end":{"line":8,"column":27}},"2":{"start":{"line":9,"column":18},"end":{"line":9,"column":44}},"3":{"start":{"line":10,"column":2},"end":{"line":12,"column":3}},"4":{"start":{"line":11,"column":4},"end":{"line":11,"column":34}},"5":{"start":{"line":14,"column":2},"end":{"line":50,"column":3}},"6":{"start":{"line":16,"column":6},"end":{"line":16,"column":30}},"7":{"start":{"line":17,"column":6},"end":{"line":17,"column":12}},"8":{"start":{"line":20,"column":6},"end":{"line":20,"column":28}},"9":{"start":{"line":21,"column":6},"end":{"line":21,"column":12}},"10":{"start":{"line":24,"column":6},"end":{"line":24,"column":27}},"11":{"start":{"line":25,"column":6},"end":{"line":25,"column":12}},"12":{"start":{"line":28,"column":6},"end":{"line":28,"column":27}},"13":{"start":{"line":29,"column":6},"end":{"line":29,"column":12}},"14":{"start":{"line":32,"column":6},"end":{"line":32,"column":26}},"15":{"start":{"line":33,"column":6},"end":{"line":33,"column":12}},"16":{"start":{"line":36,"column":6},"end":{"line":36,"column":36}},"17":{"start":{"line":37,"column":6},"end":{"line":37,"column":12}},"18":{"start":{"line":40,"column":6},"end":{"line":40,"column":46}},"19":{"start":{"line":41,"column":6},"end":{"line":41,"column":12}},"20":{"start":{"line":44,"column":21},"end":{"line":44,"column":37}},"21":{"start":{"line":45,"column":6},"end":{"line":45,"column":51}},"22":{"start":{"line":46,"column":6},"end":{"line":46,"column":12}},"23":{"start":{"line":49,"column":6},"end":{"line":49,"column":16}},"24":{"start":{"line":52,"column":2},"end":{"line":62,"column":3}},"25":{"start":{"line":53,"column":4},"end":{"line":61,"column":6}},"26":{"start":{"line":57,"column":31},"end":{"line":57,"column":90}},"27":{"start":{"line":63,"column":2},"end":{"line":67,"column":4}}},"fnMap":{"0":{"name":"(anonymous_0)","decl":{"start":{"line":6,"column":20},"end":{"line":6,"column":21}},"loc":{"start":{"line":6,"column":31},"end":{"line":68,"column":1}},"line":6},"1":{"name":"(anonymous_1)","decl":{"start":{"line":57,"column":23},"end":{"line":57,"column":24}},"loc":{"start":{"line":57,"column":31},"end":{"line":57,"column":90}},"line":57}},"branchMap":{"0":{"loc":{"start":{"line":9,"column":18},"end":{"line":9,"column":44}},"type":"binary-expr","locations":[{"start":{"line":9,"column":18},"end":{"line":9,"column":22}},{"start":{"line":9,"column":26},"end":{"line":9,"column":44}}],"line":9},"1":{"loc":{"start":{"line":10,"column":2},"end":{"line":12,"column":3}},"type":"if","locations":[{"start":{"line":10,"column":2},"end":{"line":12,"column":3}},{"start":{"line":10,"column":2},"end":{"line":12,"column":3}}],"line":10},"2":{"loc":{"start":{"line":14,"column":2},"end":{"line":50,"column":3}},"type":"switch","locations":[{"start":{"line":15,"column":4},"end":{"line":17,"column":12}},{"start":{"line":19,"column":4},"end":{"line":21,"column":12}},{"start":{"line":23,"column":4},"end":{"line":25,"column":12}},{"start":{"line":27,"column":4},"end":{"line":29,"column":12}},{"start":{"line":31,"column":4},"end":{"line":33,"column":12}},{"start":{"line":35,"column":4},"end":{"line":37,"column":12}},{"start":{"line":39,"column":4},"end":{"line":41,"column":12}},{"start":{"line":43,"column":4},"end":{"line":46,"column":12}},{"start":{"line":48,"column":4},"end":{"line":49,"column":16}}],"line":14},"3":{"loc":{"start":{"line":52,"column":2},"end":{"line":62,"column":3}},"type":"if","locations":[{"start":{"line":52,"column":2},"end":{"line":62,"column":3}},{"start":{"line":52,"column":2},"end":{"line":62,"column":3}}],"line":52},"4":{"loc":{"start":{"line":55,"column":19},"end":{"line":55,"column":59}},"type":"cond-expr","locations":[{"start":{"line":55,"column":37},"end":{"line":55,"column":52}},{"start":{"line":55,"column":55},"end":{"line":55,"column":59}}],"line":55},"5":{"loc":{"start":{"line":57,"column":31},"end":{"line":57,"column":90}},"type":"cond-expr","locations":[{"start":{"line":57,"column":57},"end":{"line":57,"column":83}},{"start":{"line":57,"column":86},"end":{"line":57,"column":90}}],"line":57},"6":{"loc":{"start":{"line":64,"column":21},"end":{"line":64,"column":61}},"type":"cond-expr","locations":[{"start":{"line":64,"column":39},"end":{"line":64,"column":54}},{"start":{"line":64,"column":57},"end":{"line":64,"column":61}}],"line":64}},"s":{"0":0,"1":0,"2":0,"3":0,"4":0,"5":0,"6":0,"7":0,"8":0,"9":0,"10":0,"11":0,"12":0,"13":0,"14":0,"15":0,"16":0,"17":0,"18":0,"19":0,"20":0,"21":0,"22":0,"23":0,"24":0,"25":0,"26":0,"27":0},"f":{"0":0,"1":0},"b":{"0":[0,0],"1":[0,0],"2":[0,0,0,0,0,0,0,0,0],"3":[0,0],"4":[0,0],"5":[0,0],"6":[0,0]},"_coverageSchema":"43e27e138ebf9cfc5966b082cf9a028302ed4184","hash":"00ba42a577cc72dadeb81a479071431c0a112a14"}
,"/home/user/Docker/iris/src/js/services/core/actions.js": {"path":"/home/user/Docker/iris/src/js/services/core/actions.js","statementMap":{"0":{"start":{"line":5,"column":23},"end":{"line":5,"column":64}},"1":{"start":{"line":6,"column":22},"end":{"line":6,"column":62}},"2":{"start":{"line":9,"column":2},"end":{"line":45,"column":4}},"3":{"start":{"line":10,"column":19},"end":{"line":13,"column":5}},"4":{"start":{"line":16,"column":4},"end":{"line":20,"column":5}},"5":{"start":{"line":17,"column":9},"end":{"line":17,"column":102}},"6":{"start":{"line":19,"column":9},"end":{"line":19,"column":102}},"7":{"start":{"line":22,"column":4},"end":{"line":44,"column":6}},"8":{"start":{"line":24,"column":8},"end":{"line":27,"column":11}},"9":{"start":{"line":30,"column":8},"end":{"line":42,"column":10}},"10":{"start":{"line":49,"column":2},"end":{"line":54,"column":4}},"11":{"start":{"line":58,"column":2},"end":{"line":64,"column":3}},"12":{"start":{"line":59,"column":4},"end":{"line":63,"column":5}},"13":{"start":{"line":60,"column":6},"end":{"line":60,"column":29}},"14":{"start":{"line":61,"column":11},"end":{"line":63,"column":5}},"15":{"start":{"line":62,"column":6},"end":{"line":62,"column":35}},"16":{"start":{"line":65,"column":2},"end":{"line":73,"column":3}},"17":{"start":{"line":66,"column":4},"end":{"line":72,"column":5}},"18":{"start":{"line":67,"column":6},"end":{"line":67,"column":37}},"19":{"start":{"line":68,"column":11},"end":{"line":72,"column":5}},"20":{"start":{"line":69,"column":6},"end":{"line":69,"column":39}},"21":{"start":{"line":70,"column":11},"end":{"line":72,"column":5}},"22":{"start":{"line":71,"column":6},"end":{"line":71,"column":43}},"23":{"start":{"line":75,"column":2},"end":{"line":81,"column":4}},"24":{"start":{"line":85,"column":2},"end":{"line":88,"column":4}},"25":{"start":{"line":92,"column":2},"end":{"line":95,"column":4}},"26":{"start":{"line":99,"column":2},"end":{"line":101,"column":4}},"27":{"start":{"line":105,"column":2},"end":{"line":107,"column":4}},"28":{"start":{"line":119,"column":2},"end":{"line":123,"column":4}},"29":{"start":{"line":127,"column":2},"end":{"line":131,"column":4}},"30":{"start":{"line":135,"column":2},"end":{"line":139,"column":4}},"31":{"start":{"line":143,"column":2},"end":{"line":147,"column":4}},"32":{"start":{"line":151,"column":2},"end":{"line":155,"column":4}},"33":{"start":{"line":159,"column":2},"end":{"line":163,"column":4}},"34":{"start":{"line":167,"column":2},"end":{"line":171,"column":4}},"35":{"start":{"line":182,"column":2},"end":{"line":182,"column":31}},"36":{"start":{"line":185,"column":2},"end":{"line":188,"column":4}},"37":{"start":{"line":192,"column":2},"end":{"line":192,"column":33}},"38":{"start":{"line":195,"column":2},"end":{"line":198,"column":4}},"39":{"start":{"line":202,"column":2},"end":{"line":202,"column":31}},"40":{"start":{"line":205,"column":2},"end":{"line":208,"column":4}},"41":{"start":{"line":212,"column":2},"end":{"line":212,"column":37}},"42":{"start":{"line":215,"column":2},"end":{"line":218,"column":4}},"43":{"start":{"line":222,"column":2},"end":{"line":222,"column":29}},"44":{"start":{"line":225,"column":2},"end":{"line":228,"column":4}},"45":{"start":{"line":231,"column":2},"end":{"line":237,"column":4}},"46":{"start":{"line":241,"column":2},"end":{"line":248,"column":4}},"47":{"start":{"line":252,"column":2},"end":{"line":257,"column":4}},"48":{"start":{"line":261,"column":2},"end":{"line":264,"column":4}},"49":{"start":{"line":273,"column":16},"end":{"line":273,"column":36}},"50":{"start":{"line":274,"column":2},"end":{"line":300,"column":3}},"51":{"start":{"line":276,"column":6},"end":{"line":283,"column":8}},"52":{"start":{"line":287,"column":6},"end":{"line":293,"column":8}},"53":{"start":{"line":296,"column":6},"end":{"line":299,"column":8}},"54":{"start":{"line":304,"column":2},"end":{"line":329,"column":3}},"55":{"start":{"line":306,"column":6},"end":{"line":314,"column":8}},"56":{"start":{"line":318,"column":6},"end":{"line":322,"column":8}},"57":{"start":{"line":325,"column":6},"end":{"line":328,"column":8}},"58":{"start":{"line":333,"column":2},"end":{"line":342,"column":3}},"59":{"start":{"line":335,"column":6},"end":{"line":337,"column":7}},"60":{"start":{"line":336,"column":8},"end":{"line":336,"column":27}},"61":{"start":{"line":338,"column":6},"end":{"line":338,"column":91}},"62":{"start":{"line":341,"column":6},"end":{"line":341,"column":56}},"63":{"start":{"line":346,"column":2},"end":{"line":352,"column":3}},"64":{"start":{"line":348,"column":6},"end":{"line":348,"column":53}},"65":{"start":{"line":351,"column":6},"end":{"line":351,"column":47}},"66":{"start":{"line":356,"column":2},"end":{"line":377,"column":3}},"67":{"start":{"line":358,"column":6},"end":{"line":362,"column":8}},"68":{"start":{"line":366,"column":6},"end":{"line":370,"column":8}},"69":{"start":{"line":373,"column":6},"end":{"line":376,"column":8}},"70":{"start":{"line":381,"column":2},"end":{"line":402,"column":3}},"71":{"start":{"line":383,"column":6},"end":{"line":387,"column":8}},"72":{"start":{"line":391,"column":6},"end":{"line":395,"column":8}},"73":{"start":{"line":398,"column":6},"end":{"line":401,"column":8}},"74":{"start":{"line":411,"column":2},"end":{"line":413,"column":4}},"75":{"start":{"line":417,"column":2},"end":{"line":419,"column":4}},"76":{"start":{"line":423,"column":2},"end":{"line":425,"column":4}}},"fnMap":{"0":{"name":"getBroadcasts","decl":{"start":{"line":8,"column":16},"end":{"line":8,"column":29}},"loc":{"start":{"line":8,"column":32},"end":{"line":46,"column":1}},"line":8},"1":{"name":"(anonymous_1)","decl":{"start":{"line":9,"column":9},"end":{"line":9,"column":10}},"loc":{"start":{"line":9,"column":33},"end":{"line":45,"column":3}},"line":9},"2":{"name":"(anonymous_2)","decl":{"start":{"line":23,"column":6},"end":{"line":23,"column":7}},"loc":{"start":{"line":23,"column":20},"end":{"line":28,"column":7}},"line":23},"3":{"name":"(anonymous_3)","decl":{"start":{"line":29,"column":6},"end":{"line":29,"column":7}},"loc":{"start":{"line":29,"column":30},"end":{"line":43,"column":7}},"line":29},"4":{"name":"startSearch","decl":{"start":{"line":48,"column":16},"end":{"line":48,"column":27}},"loc":{"start":{"line":48,"column":69},"end":{"line":55,"column":1}},"line":48},"5":{"name":"handleException","decl":{"start":{"line":57,"column":16},"end":{"line":57,"column":31}},"loc":{"start":{"line":57,"column":98},"end":{"line":82,"column":1}},"line":57},"6":{"name":"debugResponse","decl":{"start":{"line":84,"column":16},"end":{"line":84,"column":29}},"loc":{"start":{"line":84,"column":40},"end":{"line":89,"column":1}},"line":84},"7":{"name":"set","decl":{"start":{"line":91,"column":16},"end":{"line":91,"column":19}},"loc":{"start":{"line":91,"column":26},"end":{"line":96,"column":1}},"line":91},"8":{"name":"clearCurrentTrack","decl":{"start":{"line":98,"column":16},"end":{"line":98,"column":33}},"loc":{"start":{"line":98,"column":36},"end":{"line":102,"column":1}},"line":98},"9":{"name":"cachebustHttpStream","decl":{"start":{"line":104,"column":16},"end":{"line":104,"column":35}},"loc":{"start":{"line":104,"column":38},"end":{"line":108,"column":1}},"line":104},"10":{"name":"loadItem","decl":{"start":{"line":118,"column":16},"end":{"line":118,"column":24}},"loc":{"start":{"line":118,"column":52},"end":{"line":124,"column":1}},"line":118},"11":{"name":"loadTrack","decl":{"start":{"line":126,"column":16},"end":{"line":126,"column":25}},"loc":{"start":{"line":126,"column":53},"end":{"line":132,"column":1}},"line":126},"12":{"name":"loadAlbum","decl":{"start":{"line":134,"column":16},"end":{"line":134,"column":25}},"loc":{"start":{"line":134,"column":53},"end":{"line":140,"column":1}},"line":134},"13":{"name":"loadArtist","decl":{"start":{"line":142,"column":16},"end":{"line":142,"column":26}},"loc":{"start":{"line":142,"column":54},"end":{"line":148,"column":1}},"line":142},"14":{"name":"loadPlaylist","decl":{"start":{"line":150,"column":16},"end":{"line":150,"column":28}},"loc":{"start":{"line":150,"column":56},"end":{"line":156,"column":1}},"line":150},"15":{"name":"loadUser","decl":{"start":{"line":158,"column":16},"end":{"line":158,"column":24}},"loc":{"start":{"line":158,"column":52},"end":{"line":164,"column":1}},"line":158},"16":{"name":"loadUserPlaylists","decl":{"start":{"line":166,"column":16},"end":{"line":166,"column":33}},"loc":{"start":{"line":166,"column":61},"end":{"line":172,"column":1}},"line":166},"17":{"name":"trackLoaded","decl":{"start":{"line":181,"column":16},"end":{"line":181,"column":27}},"loc":{"start":{"line":181,"column":35},"end":{"line":183,"column":1}},"line":181},"18":{"name":"tracksLoaded","decl":{"start":{"line":184,"column":16},"end":{"line":184,"column":28}},"loc":{"start":{"line":184,"column":37},"end":{"line":189,"column":1}},"line":184},"19":{"name":"artistLoaded","decl":{"start":{"line":191,"column":16},"end":{"line":191,"column":28}},"loc":{"start":{"line":191,"column":37},"end":{"line":193,"column":1}},"line":191},"20":{"name":"artistsLoaded","decl":{"start":{"line":194,"column":16},"end":{"line":194,"column":29}},"loc":{"start":{"line":194,"column":39},"end":{"line":199,"column":1}},"line":194},"21":{"name":"albumLoaded","decl":{"start":{"line":201,"column":16},"end":{"line":201,"column":27}},"loc":{"start":{"line":201,"column":35},"end":{"line":203,"column":1}},"line":201},"22":{"name":"albumsLoaded","decl":{"start":{"line":204,"column":16},"end":{"line":204,"column":28}},"loc":{"start":{"line":204,"column":37},"end":{"line":209,"column":1}},"line":204},"23":{"name":"playlistLoaded","decl":{"start":{"line":211,"column":16},"end":{"line":211,"column":30}},"loc":{"start":{"line":211,"column":41},"end":{"line":213,"column":1}},"line":211},"24":{"name":"playlistsLoaded","decl":{"start":{"line":214,"column":16},"end":{"line":214,"column":31}},"loc":{"start":{"line":214,"column":43},"end":{"line":219,"column":1}},"line":214},"25":{"name":"userLoaded","decl":{"start":{"line":221,"column":16},"end":{"line":221,"column":26}},"loc":{"start":{"line":221,"column":33},"end":{"line":223,"column":1}},"line":221},"26":{"name":"usersLoaded","decl":{"start":{"line":224,"column":16},"end":{"line":224,"column":27}},"loc":{"start":{"line":224,"column":35},"end":{"line":229,"column":1}},"line":224},"27":{"name":"userPlaylistsLoaded","decl":{"start":{"line":230,"column":16},"end":{"line":230,"column":35}},"loc":{"start":{"line":230,"column":79},"end":{"line":238,"column":1}},"line":230},"28":{"name":"loadedMore","decl":{"start":{"line":240,"column":16},"end":{"line":240,"column":26}},"loc":{"start":{"line":240,"column":97},"end":{"line":249,"column":1}},"line":240},"29":{"name":"removeFromIndex","decl":{"start":{"line":251,"column":16},"end":{"line":251,"column":31}},"loc":{"start":{"line":251,"column":65},"end":{"line":258,"column":1}},"line":251},"30":{"name":"viewDataLoaded","decl":{"start":{"line":260,"column":16},"end":{"line":260,"column":30}},"loc":{"start":{"line":260,"column":37},"end":{"line":265,"column":1}},"line":260},"31":{"name":"reorderPlaylistTracks","decl":{"start":{"line":272,"column":16},"end":{"line":272,"column":37}},"loc":{"start":{"line":272,"column":88},"end":{"line":301,"column":1}},"line":272},"32":{"name":"savePlaylist","decl":{"start":{"line":303,"column":16},"end":{"line":303,"column":28}},"loc":{"start":{"line":303,"column":117},"end":{"line":330,"column":1}},"line":303},"33":{"name":"createPlaylist","decl":{"start":{"line":332,"column":16},"end":{"line":332,"column":30}},"loc":{"start":{"line":332,"column":108},"end":{"line":343,"column":1}},"line":332},"34":{"name":"deletePlaylist","decl":{"start":{"line":345,"column":16},"end":{"line":345,"column":30}},"loc":{"start":{"line":345,"column":36},"end":{"line":353,"column":1}},"line":345},"35":{"name":"removeTracksFromPlaylist","decl":{"start":{"line":355,"column":16},"end":{"line":355,"column":40}},"loc":{"start":{"line":355,"column":62},"end":{"line":378,"column":1}},"line":355},"36":{"name":"addTracksToPlaylist","decl":{"start":{"line":380,"column":16},"end":{"line":380,"column":35}},"loc":{"start":{"line":380,"column":54},"end":{"line":403,"column":1}},"line":380},"37":{"name":"getLibraryPlaylists","decl":{"start":{"line":410,"column":16},"end":{"line":410,"column":35}},"loc":{"start":{"line":410,"column":38},"end":{"line":414,"column":1}},"line":410},"38":{"name":"getLibraryAlbums","decl":{"start":{"line":416,"column":16},"end":{"line":416,"column":32}},"loc":{"start":{"line":416,"column":35},"end":{"line":420,"column":1}},"line":416},"39":{"name":"getLibraryArtists","decl":{"start":{"line":422,"column":16},"end":{"line":422,"column":33}},"loc":{"start":{"line":422,"column":36},"end":{"line":426,"column":1}},"line":422}},"branchMap":{"0":{"loc":{"start":{"line":16,"column":4},"end":{"line":20,"column":5}},"type":"if","locations":[{"start":{"line":16,"column":4},"end":{"line":20,"column":5}},{"start":{"line":16,"column":4},"end":{"line":20,"column":5}}],"line":16},"1":{"loc":{"start":{"line":48,"column":48},"end":{"line":48,"column":67}},"type":"default-arg","locations":[{"start":{"line":48,"column":62},"end":{"line":48,"column":67}}],"line":48},"2":{"loc":{"start":{"line":57,"column":41},"end":{"line":57,"column":50}},"type":"default-arg","locations":[{"start":{"line":57,"column":48},"end":{"line":57,"column":50}}],"line":57},"3":{"loc":{"start":{"line":57,"column":52},"end":{"line":57,"column":70}},"type":"default-arg","locations":[{"start":{"line":57,"column":66},"end":{"line":57,"column":70}}],"line":57},"4":{"loc":{"start":{"line":57,"column":72},"end":{"line":57,"column":96}},"type":"default-arg","locations":[{"start":{"line":57,"column":92},"end":{"line":57,"column":96}}],"line":57},"5":{"loc":{"start":{"line":58,"column":2},"end":{"line":64,"column":3}},"type":"if","locations":[{"start":{"line":58,"column":2},"end":{"line":64,"column":3}},{"start":{"line":58,"column":2},"end":{"line":64,"column":3}}],"line":58},"6":{"loc":{"start":{"line":59,"column":4},"end":{"line":63,"column":5}},"type":"if","locations":[{"start":{"line":59,"column":4},"end":{"line":63,"column":5}},{"start":{"line":59,"column":4},"end":{"line":63,"column":5}}],"line":59},"7":{"loc":{"start":{"line":61,"column":11},"end":{"line":63,"column":5}},"type":"if","locations":[{"start":{"line":61,"column":11},"end":{"line":63,"column":5}},{"start":{"line":61,"column":11},"end":{"line":63,"column":5}}],"line":61},"8":{"loc":{"start":{"line":65,"column":2},"end":{"line":73,"column":3}},"type":"if","locations":[{"start":{"line":65,"column":2},"end":{"line":73,"column":3}},{"start":{"line":65,"column":2},"end":{"line":73,"column":3}}],"line":65},"9":{"loc":{"start":{"line":66,"column":4},"end":{"line":72,"column":5}},"type":"if","locations":[{"start":{"line":66,"column":4},"end":{"line":72,"column":5}},{"start":{"line":66,"column":4},"end":{"line":72,"column":5}}],"line":66},"10":{"loc":{"start":{"line":68,"column":11},"end":{"line":72,"column":5}},"type":"if","locations":[{"start":{"line":68,"column":11},"end":{"line":72,"column":5}},{"start":{"line":68,"column":11},"end":{"line":72,"column":5}}],"line":68},"11":{"loc":{"start":{"line":68,"column":15},"end":{"line":68,"column":47}},"type":"binary-expr","locations":[{"start":{"line":68,"column":15},"end":{"line":68,"column":25}},{"start":{"line":68,"column":29},"end":{"line":68,"column":47}}],"line":68},"12":{"loc":{"start":{"line":70,"column":11},"end":{"line":72,"column":5}},"type":"if","locations":[{"start":{"line":70,"column":11},"end":{"line":72,"column":5}},{"start":{"line":70,"column":11},"end":{"line":72,"column":5}}],"line":70},"13":{"loc":{"start":{"line":70,"column":15},"end":{"line":70,"column":51}},"type":"binary-expr","locations":[{"start":{"line":70,"column":15},"end":{"line":70,"column":25}},{"start":{"line":70,"column":29},"end":{"line":70,"column":51}}],"line":70},"14":{"loc":{"start":{"line":118,"column":30},"end":{"line":118,"column":50}},"type":"default-arg","locations":[{"start":{"line":118,"column":45},"end":{"line":118,"column":50}}],"line":118},"15":{"loc":{"start":{"line":126,"column":31},"end":{"line":126,"column":51}},"type":"default-arg","locations":[{"start":{"line":126,"column":46},"end":{"line":126,"column":51}}],"line":126},"16":{"loc":{"start":{"line":134,"column":31},"end":{"line":134,"column":51}},"type":"default-arg","locations":[{"start":{"line":134,"column":46},"end":{"line":134,"column":51}}],"line":134},"17":{"loc":{"start":{"line":142,"column":32},"end":{"line":142,"column":52}},"type":"default-arg","locations":[{"start":{"line":142,"column":47},"end":{"line":142,"column":52}}],"line":142},"18":{"loc":{"start":{"line":150,"column":34},"end":{"line":150,"column":54}},"type":"default-arg","locations":[{"start":{"line":150,"column":49},"end":{"line":150,"column":54}}],"line":150},"19":{"loc":{"start":{"line":158,"column":30},"end":{"line":158,"column":50}},"type":"default-arg","locations":[{"start":{"line":158,"column":45},"end":{"line":158,"column":50}}],"line":158},"20":{"loc":{"start":{"line":166,"column":39},"end":{"line":166,"column":59}},"type":"default-arg","locations":[{"start":{"line":166,"column":54},"end":{"line":166,"column":59}}],"line":166},"21":{"loc":{"start":{"line":230,"column":52},"end":{"line":230,"column":63}},"type":"default-arg","locations":[{"start":{"line":230,"column":59},"end":{"line":230,"column":63}}],"line":230},"22":{"loc":{"start":{"line":230,"column":65},"end":{"line":230,"column":77}},"type":"default-arg","locations":[{"start":{"line":230,"column":73},"end":{"line":230,"column":77}}],"line":230},"23":{"loc":{"start":{"line":240,"column":80},"end":{"line":240,"column":95}},"type":"default-arg","locations":[{"start":{"line":240,"column":93},"end":{"line":240,"column":95}}],"line":240},"24":{"loc":{"start":{"line":251,"column":49},"end":{"line":251,"column":63}},"type":"default-arg","locations":[{"start":{"line":251,"column":59},"end":{"line":251,"column":63}}],"line":251},"25":{"loc":{"start":{"line":272,"column":67},"end":{"line":272,"column":86}},"type":"default-arg","locations":[{"start":{"line":272,"column":81},"end":{"line":272,"column":86}}],"line":272},"26":{"loc":{"start":{"line":274,"column":2},"end":{"line":300,"column":3}},"type":"switch","locations":[{"start":{"line":275,"column":4},"end":{"line":283,"column":8}},{"start":{"line":285,"column":4},"end":{"line":285,"column":15}},{"start":{"line":286,"column":4},"end":{"line":293,"column":8}},{"start":{"line":295,"column":4},"end":{"line":299,"column":8}}],"line":274},"27":{"loc":{"start":{"line":303,"column":40},"end":{"line":303,"column":56}},"type":"default-arg","locations":[{"start":{"line":303,"column":54},"end":{"line":303,"column":56}}],"line":303},"28":{"loc":{"start":{"line":303,"column":58},"end":{"line":303,"column":75}},"type":"default-arg","locations":[{"start":{"line":303,"column":70},"end":{"line":303,"column":75}}],"line":303},"29":{"loc":{"start":{"line":303,"column":77},"end":{"line":303,"column":101}},"type":"default-arg","locations":[{"start":{"line":303,"column":96},"end":{"line":303,"column":101}}],"line":303},"30":{"loc":{"start":{"line":303,"column":103},"end":{"line":303,"column":115}},"type":"default-arg","locations":[{"start":{"line":303,"column":111},"end":{"line":303,"column":115}}],"line":303},"31":{"loc":{"start":{"line":304,"column":2},"end":{"line":329,"column":3}},"type":"switch","locations":[{"start":{"line":305,"column":4},"end":{"line":314,"column":8}},{"start":{"line":316,"column":4},"end":{"line":316,"column":15}},{"start":{"line":317,"column":4},"end":{"line":322,"column":8}},{"start":{"line":324,"column":4},"end":{"line":328,"column":8}}],"line":304},"32":{"loc":{"start":{"line":310,"column":22},"end":{"line":310,"column":60}},"type":"cond-expr","locations":[{"start":{"line":310,"column":42},"end":{"line":310,"column":46}},{"start":{"line":310,"column":49},"end":{"line":310,"column":60}}],"line":310},"33":{"loc":{"start":{"line":332,"column":45},"end":{"line":332,"column":61}},"type":"default-arg","locations":[{"start":{"line":332,"column":59},"end":{"line":332,"column":61}}],"line":332},"34":{"loc":{"start":{"line":332,"column":63},"end":{"line":332,"column":80}},"type":"default-arg","locations":[{"start":{"line":332,"column":75},"end":{"line":332,"column":80}}],"line":332},"35":{"loc":{"start":{"line":332,"column":82},"end":{"line":332,"column":106}},"type":"default-arg","locations":[{"start":{"line":332,"column":101},"end":{"line":332,"column":106}}],"line":332},"36":{"loc":{"start":{"line":333,"column":2},"end":{"line":342,"column":3}},"type":"switch","locations":[{"start":{"line":334,"column":4},"end":{"line":338,"column":91}},{"start":{"line":340,"column":4},"end":{"line":341,"column":56}}],"line":333},"37":{"loc":{"start":{"line":335,"column":6},"end":{"line":337,"column":7}},"type":"if","locations":[{"start":{"line":335,"column":6},"end":{"line":337,"column":7}},{"start":{"line":335,"column":6},"end":{"line":337,"column":7}}],"line":335},"38":{"loc":{"start":{"line":346,"column":2},"end":{"line":352,"column":3}},"type":"switch","locations":[{"start":{"line":347,"column":4},"end":{"line":348,"column":53}},{"start":{"line":350,"column":4},"end":{"line":351,"column":47}}],"line":346},"39":{"loc":{"start":{"line":356,"column":2},"end":{"line":377,"column":3}},"type":"switch","locations":[{"start":{"line":357,"column":4},"end":{"line":362,"column":8}},{"start":{"line":364,"column":4},"end":{"line":364,"column":15}},{"start":{"line":365,"column":4},"end":{"line":370,"column":8}},{"start":{"line":372,"column":4},"end":{"line":376,"column":8}}],"line":356},"40":{"loc":{"start":{"line":381,"column":2},"end":{"line":402,"column":3}},"type":"switch","locations":[{"start":{"line":382,"column":4},"end":{"line":387,"column":8}},{"start":{"line":389,"column":4},"end":{"line":389,"column":15}},{"start":{"line":390,"column":4},"end":{"line":395,"column":8}},{"start":{"line":397,"column":4},"end":{"line":401,"column":8}}],"line":381}},"s":{"0":1,"1":1,"2":0,"3":0,"4":0,"5":0,"6":0,"7":0,"8":0,"9":0,"10":0,"11":0,"12":0,"13":0,"14":0,"15":0,"16":0,"17":0,"18":0,"19":0,"20":0,"21":0,"22":0,"23":0,"24":0,"25":0,"26":0,"27":0,"28":0,"29":0,"30":0,"31":0,"32":0,"33":0,"34":0,"35":0,"36":0,"37":0,"38":0,"39":0,"40":0,"41":0,"42":0,"43":0,"44":0,"45":0,"46":0,"47":0,"48":0,"49":0,"50":0,"51":0,"52":0,"53":0,"54":0,"55":0,"56":0,"57":0,"58":0,"59":0,"60":0,"61":0,"62":0,"63":0,"64":0,"65":0,"66":0,"67":0,"68":0,"69":0,"70":0,"71":0,"72":0,"73":0,"74":0,"75":0,"76":0},"f":{"0":0,"1":0,"2":0,"3":0,"4":0,"5":0,"6":0,"7":0,"8":0,"9":0,"10":0,"11":0,"12":0,"13":0,"14":0,"15":0,"16":0,"17":0,"18":0,"19":0,"20":0,"21":0,"22":0,"23":0,"24":0,"25":0,"26":0,"27":0,"28":0,"29":0,"30":0,"31":0,"32":0,"33":0,"34":0,"35":0,"36":0,"37":0,"38":0,"39":0},"b":{"0":[0,0],"1":[0],"2":[0],"3":[0],"4":[0],"5":[0,0],"6":[0,0],"7":[0,0],"8":[0,0],"9":[0,0],"10":[0,0],"11":[0,0],"12":[0,0],"13":[0,0],"14":[0],"15":[0],"16":[0],"17":[0],"18":[0],"19":[0],"20":[0],"21":[0],"22":[0],"23":[0],"24":[0],"25":[0],"26":[0,0,0,0],"27":[0],"28":[0],"29":[0],"30":[0],"31":[0,0,0,0],"32":[0,0],"33":[0],"34":[0],"35":[0],"36":[0,0],"37":[0,0],"38":[0,0],"39":[0,0,0,0],"40":[0,0,0,0]},"_coverageSchema":"43e27e138ebf9cfc5966b082cf9a028302ed4184","hash":"a064fb0306d8cd02dc12801cc7865a82f9ca83b4"}
,"/home/user/Docker/iris/src/js/services/core/middleware.js": {"path":"/home/user/Docker/iris/src/js/services/core/middleware.js","statementMap":{"0":{"start":{"line":18,"column":20},"end":{"line":18,"column":43}},"1":{"start":{"line":19,"column":18},"end":{"line":19,"column":45}},"2":{"start":{"line":20,"column":22},"end":{"line":20,"column":53}},"3":{"start":{"line":21,"column":23},"end":{"line":21,"column":55}},"4":{"start":{"line":23,"column":24},"end":{"line":815,"column":3}},"5":{"start":{"line":27,"column":2},"end":{"line":814,"column":4}},"6":{"start":{"line":27,"column":20},"end":{"line":814,"column":3}},"7":{"start":{"line":27,"column":30},"end":{"line":814,"column":3}},"8":{"start":{"line":33,"column":8},"end":{"line":33,"column":24}},"9":{"start":{"line":35,"column":4},"end":{"line":813,"column":5}},"10":{"start":{"line":37,"column":22},"end":{"line":37,"column":38}},"11":{"start":{"line":38,"column":31},"end":{"line":44,"column":9}},"12":{"start":{"line":45,"column":28},"end":{"line":45,"column":34}},"13":{"start":{"line":46,"column":30},"end":{"line":46,"column":36}},"14":{"start":{"line":49,"column":8},"end":{"line":58,"column":9}},"15":{"start":{"line":50,"column":10},"end":{"line":57,"column":11}},"16":{"start":{"line":51,"column":33},"end":{"line":51,"column":73}},"17":{"start":{"line":52,"column":12},"end":{"line":54,"column":13}},"18":{"start":{"line":53,"column":14},"end":{"line":53,"column":55}},"19":{"start":{"line":55,"column":17},"end":{"line":57,"column":11}},"20":{"start":{"line":56,"column":12},"end":{"line":56,"column":84}},"21":{"start":{"line":62,"column":8},"end":{"line":62,"column":42}},"22":{"start":{"line":63,"column":8},"end":{"line":63,"column":43}},"23":{"start":{"line":64,"column":8},"end":{"line":64,"column":45}},"24":{"start":{"line":65,"column":8},"end":{"line":65,"column":41}},"25":{"start":{"line":66,"column":8},"end":{"line":66,"column":50}},"26":{"start":{"line":67,"column":8},"end":{"line":67,"column":53}},"27":{"start":{"line":68,"column":8},"end":{"line":68,"column":53}},"28":{"start":{"line":69,"column":8},"end":{"line":69,"column":54}},"29":{"start":{"line":70,"column":8},"end":{"line":70,"column":56}},"30":{"start":{"line":71,"column":8},"end":{"line":71,"column":59}},"31":{"start":{"line":72,"column":8},"end":{"line":72,"column":52}},"32":{"start":{"line":73,"column":8},"end":{"line":73,"column":53}},"33":{"start":{"line":74,"column":8},"end":{"line":74,"column":55}},"34":{"start":{"line":76,"column":21},"end":{"line":81,"column":9}},"35":{"start":{"line":84,"column":8},"end":{"line":91,"column":9}},"36":{"start":{"line":85,"column":10},"end":{"line":90,"column":13}},"37":{"start":{"line":93,"column":8},"end":{"line":95,"column":9}},"38":{"start":{"line":94,"column":10},"end":{"line":94,"column":106}},"39":{"start":{"line":97,"column":8},"end":{"line":97,"column":50}},"40":{"start":{"line":99,"column":8},"end":{"line":99,"column":14}},"41":{"start":{"line":102,"column":8},"end":{"line":105,"column":11}},"42":{"start":{"line":106,"column":8},"end":{"line":106,"column":14}},"43":{"start":{"line":109,"column":8},"end":{"line":111,"column":9}},"44":{"start":{"line":110,"column":10},"end":{"line":110,"column":85}},"45":{"start":{"line":112,"column":8},"end":{"line":112,"column":21}},"46":{"start":{"line":113,"column":8},"end":{"line":113,"column":14}},"47":{"start":{"line":116,"column":8},"end":{"line":118,"column":9}},"48":{"start":{"line":117,"column":10},"end":{"line":117,"column":85}},"49":{"start":{"line":119,"column":8},"end":{"line":119,"column":21}},"50":{"start":{"line":120,"column":8},"end":{"line":120,"column":14}},"51":{"start":{"line":123,"column":8},"end":{"line":125,"column":9}},"52":{"start":{"line":124,"column":10},"end":{"line":124,"column":89}},"53":{"start":{"line":126,"column":8},"end":{"line":126,"column":21}},"54":{"start":{"line":127,"column":8},"end":{"line":127,"column":14}},"55":{"start":{"line":130,"column":8},"end":{"line":132,"column":9}},"56":{"start":{"line":131,"column":10},"end":{"line":131,"column":95}},"57":{"start":{"line":133,"column":8},"end":{"line":133,"column":21}},"58":{"start":{"line":134,"column":8},"end":{"line":134,"column":14}},"59":{"start":{"line":137,"column":8},"end":{"line":139,"column":9}},"60":{"start":{"line":138,"column":10},"end":{"line":138,"column":100}},"61":{"start":{"line":140,"column":8},"end":{"line":140,"column":21}},"62":{"start":{"line":141,"column":8},"end":{"line":141,"column":14}},"63":{"start":{"line":144,"column":8},"end":{"line":146,"column":9}},"64":{"start":{"line":145,"column":10},"end":{"line":145,"column":103}},"65":{"start":{"line":147,"column":8},"end":{"line":147,"column":21}},"66":{"start":{"line":148,"column":8},"end":{"line":148,"column":14}},"67":{"start":{"line":151,"column":8},"end":{"line":153,"column":9}},"68":{"start":{"line":152,"column":10},"end":{"line":152,"column":87}},"69":{"start":{"line":154,"column":8},"end":{"line":154,"column":21}},"70":{"start":{"line":155,"column":8},"end":{"line":155,"column":14}},"71":{"start":{"line":158,"column":8},"end":{"line":160,"column":9}},"72":{"start":{"line":159,"column":10},"end":{"line":159,"column":109}},"73":{"start":{"line":161,"column":8},"end":{"line":161,"column":21}},"74":{"start":{"line":165,"column":28},"end":{"line":165,"column":71}},"75":{"start":{"line":166,"column":43},"end":{"line":166,"column":73}},"76":{"start":{"line":167,"column":33},"end":{"line":169,"column":9}},"77":{"start":{"line":168,"column":31},"end":{"line":168,"column":72}},"78":{"start":{"line":172,"column":8},"end":{"line":176,"column":9}},"79":{"start":{"line":173,"column":10},"end":{"line":175,"column":11}},"80":{"start":{"line":174,"column":12},"end":{"line":174,"column":74}},"81":{"start":{"line":179,"column":8},"end":{"line":183,"column":9}},"82":{"start":{"line":180,"column":10},"end":{"line":182,"column":12}},"83":{"start":{"line":185,"column":8},"end":{"line":185,"column":14}},"84":{"start":{"line":189,"column":8},"end":{"line":191,"column":9}},"85":{"start":{"line":190,"column":10},"end":{"line":190,"column":63}},"86":{"start":{"line":192,"column":8},"end":{"line":194,"column":9}},"87":{"start":{"line":193,"column":10},"end":{"line":193,"column":62}},"88":{"start":{"line":195,"column":8},"end":{"line":195,"column":21}},"89":{"start":{"line":196,"column":8},"end":{"line":196,"column":14}},"90":{"start":{"line":200,"column":8},"end":{"line":202,"column":9}},"91":{"start":{"line":201,"column":10},"end":{"line":201,"column":60}},"92":{"start":{"line":203,"column":8},"end":{"line":205,"column":9}},"93":{"start":{"line":204,"column":10},"end":{"line":204,"column":59}},"94":{"start":{"line":206,"column":8},"end":{"line":206,"column":21}},"95":{"start":{"line":207,"column":8},"end":{"line":207,"column":14}},"96":{"start":{"line":211,"column":8},"end":{"line":213,"column":9}},"97":{"start":{"line":212,"column":10},"end":{"line":212,"column":61}},"98":{"start":{"line":214,"column":8},"end":{"line":216,"column":9}},"99":{"start":{"line":215,"column":10},"end":{"line":215,"column":60}},"100":{"start":{"line":217,"column":8},"end":{"line":217,"column":21}},"101":{"start":{"line":218,"column":8},"end":{"line":218,"column":14}},"102":{"start":{"line":221,"column":8},"end":{"line":221,"column":26}},"103":{"start":{"line":222,"column":8},"end":{"line":222,"column":14}},"104":{"start":{"line":228,"column":32},"end":{"line":228,"column":59}},"105":{"start":{"line":230,"column":8},"end":{"line":233,"column":11}},"106":{"start":{"line":235,"column":8},"end":{"line":235,"column":74}},"107":{"start":{"line":236,"column":8},"end":{"line":236,"column":14}},"108":{"start":{"line":239,"column":22},"end":{"line":239,"column":65}},"109":{"start":{"line":240,"column":8},"end":{"line":242,"column":12}},"110":{"start":{"line":243,"column":8},"end":{"line":252,"column":9}},"111":{"start":{"line":245,"column":12},"end":{"line":245,"column":67}},"112":{"start":{"line":246,"column":12},"end":{"line":246,"column":18}},"113":{"start":{"line":248,"column":12},"end":{"line":248,"column":105}},"114":{"start":{"line":248,"column":51},"end":{"line":248,"column":105}},"115":{"start":{"line":249,"column":12},"end":{"line":249,"column":18}},"116":{"start":{"line":251,"column":12},"end":{"line":251,"column":18}},"117":{"start":{"line":253,"column":8},"end":{"line":253,"column":21}},"118":{"start":{"line":254,"column":8},"end":{"line":254,"column":14}},"119":{"start":{"line":257,"column":24},"end":{"line":257,"column":45}},"120":{"start":{"line":258,"column":23},"end":{"line":258,"column":51}},"121":{"start":{"line":259,"column":26},"end":{"line":259,"column":65}},"122":{"start":{"line":262,"column":32},"end":{"line":262,"column":38}},"123":{"start":{"line":263,"column":8},"end":{"line":265,"column":9}},"124":{"start":{"line":264,"column":10},"end":{"line":264,"column":47}},"125":{"start":{"line":268,"column":29},"end":{"line":268,"column":88}},"126":{"start":{"line":269,"column":8},"end":{"line":269,"column":33}},"127":{"start":{"line":271,"column":8},"end":{"line":273,"column":9}},"128":{"start":{"line":272,"column":10},"end":{"line":272,"column":66}},"129":{"start":{"line":275,"column":26},"end":{"line":275,"column":30}},"130":{"start":{"line":276,"column":8},"end":{"line":278,"column":9}},"131":{"start":{"line":277,"column":10},"end":{"line":277,"column":43}},"132":{"start":{"line":281,"column":8},"end":{"line":281,"column":43}},"133":{"start":{"line":282,"column":8},"end":{"line":282,"column":43}},"134":{"start":{"line":285,"column":8},"end":{"line":288,"column":11}},"135":{"start":{"line":289,"column":8},"end":{"line":289,"column":14}},"136":{"start":{"line":292,"column":24},"end":{"line":292,"column":45}},"137":{"start":{"line":293,"column":23},"end":{"line":293,"column":51}},"138":{"start":{"line":294,"column":26},"end":{"line":294,"column":65}},"139":{"start":{"line":296,"column":22},"end":{"line":296,"column":53}},"140":{"start":{"line":297,"column":8},"end":{"line":299,"column":9}},"141":{"start":{"line":297,"column":21},"end":{"line":297,"column":22}},"142":{"start":{"line":298,"column":10},"end":{"line":298,"column":44}},"143":{"start":{"line":301,"column":26},"end":{"line":301,"column":30}},"144":{"start":{"line":302,"column":8},"end":{"line":304,"column":9}},"145":{"start":{"line":303,"column":10},"end":{"line":303,"column":43}},"146":{"start":{"line":307,"column":8},"end":{"line":307,"column":43}},"147":{"start":{"line":308,"column":8},"end":{"line":308,"column":43}},"148":{"start":{"line":311,"column":8},"end":{"line":314,"column":11}},"149":{"start":{"line":315,"column":8},"end":{"line":315,"column":14}},"150":{"start":{"line":325,"column":8},"end":{"line":328,"column":11}},"151":{"start":{"line":329,"column":8},"end":{"line":329,"column":14}},"152":{"start":{"line":332,"column":8},"end":{"line":337,"column":9}},"153":{"start":{"line":335,"column":10},"end":{"line":335,"column":61}},"154":{"start":{"line":336,"column":10},"end":{"line":336,"column":16}},"155":{"start":{"line":339,"column":8},"end":{"line":353,"column":9}},"156":{"start":{"line":341,"column":12},"end":{"line":341,"column":64}},"157":{"start":{"line":343,"column":12},"end":{"line":345,"column":13}},"158":{"start":{"line":344,"column":14},"end":{"line":344,"column":67}},"159":{"start":{"line":346,"column":12},"end":{"line":346,"column":18}},"160":{"start":{"line":349,"column":12},"end":{"line":351,"column":13}},"161":{"start":{"line":350,"column":14},"end":{"line":350,"column":65}},"162":{"start":{"line":352,"column":12},"end":{"line":352,"column":18}},"163":{"start":{"line":355,"column":8},"end":{"line":355,"column":21}},"164":{"start":{"line":356,"column":8},"end":{"line":356,"column":14}},"165":{"start":{"line":359,"column":8},"end":{"line":365,"column":9}},"166":{"start":{"line":363,"column":10},"end":{"line":363,"column":61}},"167":{"start":{"line":364,"column":10},"end":{"line":364,"column":16}},"168":{"start":{"line":367,"column":8},"end":{"line":381,"column":9}},"169":{"start":{"line":369,"column":12},"end":{"line":369,"column":64}},"170":{"start":{"line":371,"column":12},"end":{"line":373,"column":13}},"171":{"start":{"line":372,"column":14},"end":{"line":372,"column":67}},"172":{"start":{"line":374,"column":12},"end":{"line":374,"column":18}},"173":{"start":{"line":377,"column":12},"end":{"line":379,"column":13}},"174":{"start":{"line":378,"column":14},"end":{"line":378,"column":65}},"175":{"start":{"line":380,"column":12},"end":{"line":380,"column":18}},"176":{"start":{"line":383,"column":8},"end":{"line":383,"column":21}},"177":{"start":{"line":384,"column":8},"end":{"line":384,"column":14}},"178":{"start":{"line":387,"column":8},"end":{"line":394,"column":9}},"179":{"start":{"line":392,"column":10},"end":{"line":392,"column":61}},"180":{"start":{"line":393,"column":10},"end":{"line":393,"column":16}},"181":{"start":{"line":396,"column":8},"end":{"line":410,"column":9}},"182":{"start":{"line":398,"column":12},"end":{"line":398,"column":71}},"183":{"start":{"line":400,"column":12},"end":{"line":402,"column":13}},"184":{"start":{"line":401,"column":14},"end":{"line":401,"column":67}},"185":{"start":{"line":403,"column":12},"end":{"line":403,"column":18}},"186":{"start":{"line":406,"column":12},"end":{"line":408,"column":13}},"187":{"start":{"line":407,"column":14},"end":{"line":407,"column":66}},"188":{"start":{"line":409,"column":12},"end":{"line":409,"column":18}},"189":{"start":{"line":412,"column":8},"end":{"line":412,"column":21}},"190":{"start":{"line":413,"column":8},"end":{"line":413,"column":14}},"191":{"start":{"line":416,"column":8},"end":{"line":423,"column":9}},"192":{"start":{"line":421,"column":10},"end":{"line":421,"column":61}},"193":{"start":{"line":422,"column":10},"end":{"line":422,"column":16}},"194":{"start":{"line":425,"column":8},"end":{"line":439,"column":9}},"195":{"start":{"line":427,"column":12},"end":{"line":427,"column":67}},"196":{"start":{"line":429,"column":12},"end":{"line":431,"column":13}},"197":{"start":{"line":430,"column":14},"end":{"line":430,"column":67}},"198":{"start":{"line":432,"column":12},"end":{"line":432,"column":18}},"199":{"start":{"line":435,"column":12},"end":{"line":437,"column":13}},"200":{"start":{"line":436,"column":14},"end":{"line":436,"column":68}},"201":{"start":{"line":438,"column":12},"end":{"line":438,"column":18}},"202":{"start":{"line":441,"column":8},"end":{"line":441,"column":21}},"203":{"start":{"line":442,"column":8},"end":{"line":442,"column":14}},"204":{"start":{"line":445,"column":8},"end":{"line":451,"column":9}},"205":{"start":{"line":449,"column":10},"end":{"line":449,"column":61}},"206":{"start":{"line":450,"column":10},"end":{"line":450,"column":16}},"207":{"start":{"line":453,"column":8},"end":{"line":465,"column":9}},"208":{"start":{"line":455,"column":12},"end":{"line":455,"column":63}},"209":{"start":{"line":457,"column":12},"end":{"line":459,"column":13}},"210":{"start":{"line":458,"column":14},"end":{"line":458,"column":67}},"211":{"start":{"line":460,"column":12},"end":{"line":460,"column":18}},"212":{"start":{"line":464,"column":12},"end":{"line":464,"column":18}},"213":{"start":{"line":467,"column":8},"end":{"line":467,"column":21}},"214":{"start":{"line":468,"column":8},"end":{"line":468,"column":14}},"215":{"start":{"line":471,"column":8},"end":{"line":477,"column":9}},"216":{"start":{"line":475,"column":10},"end":{"line":475,"column":71}},"217":{"start":{"line":476,"column":10},"end":{"line":476,"column":16}},"218":{"start":{"line":479,"column":8},"end":{"line":487,"column":9}},"219":{"start":{"line":481,"column":12},"end":{"line":481,"column":72}},"220":{"start":{"line":482,"column":12},"end":{"line":482,"column":18}},"221":{"start":{"line":486,"column":12},"end":{"line":486,"column":18}},"222":{"start":{"line":489,"column":8},"end":{"line":489,"column":21}},"223":{"start":{"line":490,"column":8},"end":{"line":490,"column":14}},"224":{"start":{"line":499,"column":8},"end":{"line":499,"column":62}},"225":{"start":{"line":500,"column":8},"end":{"line":500,"column":49}},"226":{"start":{"line":501,"column":8},"end":{"line":501,"column":21}},"227":{"start":{"line":502,"column":8},"end":{"line":502,"column":14}},"228":{"start":{"line":505,"column":8},"end":{"line":505,"column":64}},"229":{"start":{"line":506,"column":8},"end":{"line":506,"column":52}},"230":{"start":{"line":507,"column":8},"end":{"line":507,"column":21}},"231":{"start":{"line":508,"column":8},"end":{"line":508,"column":14}},"232":{"start":{"line":511,"column":27},"end":{"line":511,"column":45}},"233":{"start":{"line":512,"column":28},"end":{"line":512,"column":40}},"234":{"start":{"line":513,"column":27},"end":{"line":513,"column":38}},"235":{"start":{"line":514,"column":28},"end":{"line":514,"column":30}},"236":{"start":{"line":515,"column":29},"end":{"line":515,"column":31}},"237":{"start":{"line":516,"column":28},"end":{"line":516,"column":30}},"238":{"start":{"line":518,"column":8},"end":{"line":547,"column":9}},"239":{"start":{"line":519,"column":22},"end":{"line":519,"column":44}},"240":{"start":{"line":521,"column":10},"end":{"line":523,"column":11}},"241":{"start":{"line":522,"column":12},"end":{"line":522,"column":61}},"242":{"start":{"line":525,"column":10},"end":{"line":531,"column":11}},"243":{"start":{"line":526,"column":12},"end":{"line":526,"column":62}},"244":{"start":{"line":528,"column":12},"end":{"line":530,"column":13}},"245":{"start":{"line":529,"column":14},"end":{"line":529,"column":50}},"246":{"start":{"line":533,"column":10},"end":{"line":544,"column":11}},"247":{"start":{"line":534,"column":12},"end":{"line":534,"column":31}},"248":{"start":{"line":536,"column":12},"end":{"line":543,"column":13}},"249":{"start":{"line":537,"column":14},"end":{"line":537,"column":61}},"250":{"start":{"line":540,"column":14},"end":{"line":542,"column":15}},"251":{"start":{"line":541,"column":16},"end":{"line":541,"column":44}},"252":{"start":{"line":546,"column":10},"end":{"line":546,"column":36}},"253":{"start":{"line":549,"column":8},"end":{"line":549,"column":38}},"254":{"start":{"line":551,"column":8},"end":{"line":553,"column":9}},"255":{"start":{"line":552,"column":10},"end":{"line":552,"column":68}},"256":{"start":{"line":554,"column":8},"end":{"line":556,"column":9}},"257":{"start":{"line":555,"column":10},"end":{"line":555,"column":66}},"258":{"start":{"line":558,"column":8},"end":{"line":558,"column":21}},"259":{"start":{"line":559,"column":8},"end":{"line":559,"column":14}},"260":{"start":{"line":562,"column":27},"end":{"line":562,"column":45}},"261":{"start":{"line":563,"column":28},"end":{"line":563,"column":30}},"262":{"start":{"line":564,"column":29},"end":{"line":564,"column":31}},"263":{"start":{"line":565,"column":28},"end":{"line":565,"column":30}},"264":{"start":{"line":567,"column":8},"end":{"line":592,"column":9}},"265":{"start":{"line":568,"column":22},"end":{"line":568,"column":44}},"266":{"start":{"line":570,"column":10},"end":{"line":572,"column":11}},"267":{"start":{"line":571,"column":12},"end":{"line":571,"column":61}},"268":{"start":{"line":574,"column":10},"end":{"line":584,"column":11}},"269":{"start":{"line":575,"column":12},"end":{"line":575,"column":35}},"270":{"start":{"line":577,"column":12},"end":{"line":583,"column":13}},"271":{"start":{"line":578,"column":14},"end":{"line":580,"column":15}},"272":{"start":{"line":579,"column":16},"end":{"line":579,"column":56}},"273":{"start":{"line":581,"column":14},"end":{"line":581,"column":48}},"274":{"start":{"line":582,"column":14},"end":{"line":582,"column":40}},"275":{"start":{"line":586,"column":10},"end":{"line":589,"column":11}},"276":{"start":{"line":587,"column":12},"end":{"line":587,"column":67}},"277":{"start":{"line":588,"column":12},"end":{"line":588,"column":71}},"278":{"start":{"line":591,"column":10},"end":{"line":591,"column":36}},"279":{"start":{"line":594,"column":8},"end":{"line":594,"column":38}},"280":{"start":{"line":596,"column":8},"end":{"line":598,"column":9}},"281":{"start":{"line":597,"column":10},"end":{"line":597,"column":68}},"282":{"start":{"line":599,"column":8},"end":{"line":601,"column":9}},"283":{"start":{"line":600,"column":10},"end":{"line":600,"column":66}},"284":{"start":{"line":603,"column":8},"end":{"line":603,"column":21}},"285":{"start":{"line":604,"column":8},"end":{"line":604,"column":14}},"286":{"start":{"line":607,"column":28},"end":{"line":607,"column":47}},"287":{"start":{"line":608,"column":29},"end":{"line":608,"column":31}},"288":{"start":{"line":609,"column":28},"end":{"line":609,"column":30}},"289":{"start":{"line":611,"column":8},"end":{"line":650,"column":9}},"290":{"start":{"line":612,"column":23},"end":{"line":612,"column":47}},"291":{"start":{"line":615,"column":10},"end":{"line":639,"column":11}},"292":{"start":{"line":618,"column":12},"end":{"line":636,"column":13}},"293":{"start":{"line":619,"column":38},"end":{"line":619,"column":70}},"294":{"start":{"line":620,"column":35},"end":{"line":620,"column":39}},"295":{"start":{"line":624,"column":14},"end":{"line":630,"column":15}},"296":{"start":{"line":627,"column":16},"end":{"line":629,"column":17}},"297":{"start":{"line":628,"column":18},"end":{"line":628,"column":41}},"298":{"start":{"line":633,"column":14},"end":{"line":635,"column":15}},"299":{"start":{"line":634,"column":16},"end":{"line":634,"column":90}},"300":{"start":{"line":638,"column":12},"end":{"line":638,"column":65}},"301":{"start":{"line":642,"column":10},"end":{"line":647,"column":11}},"302":{"start":{"line":643,"column":25},"end":{"line":643,"column":56}},"303":{"start":{"line":644,"column":30},"end":{"line":644,"column":52}},"304":{"start":{"line":645,"column":12},"end":{"line":645,"column":45}},"305":{"start":{"line":646,"column":12},"end":{"line":646,"column":58}},"306":{"start":{"line":649,"column":10},"end":{"line":649,"column":38}},"307":{"start":{"line":652,"column":8},"end":{"line":652,"column":40}},"308":{"start":{"line":654,"column":8},"end":{"line":656,"column":9}},"309":{"start":{"line":655,"column":10},"end":{"line":655,"column":66}},"310":{"start":{"line":658,"column":8},"end":{"line":658,"column":21}},"311":{"start":{"line":659,"column":8},"end":{"line":659,"column":14}},"312":{"start":{"line":662,"column":30},"end":{"line":662,"column":51}},"313":{"start":{"line":663,"column":31},"end":{"line":663,"column":33}},"314":{"start":{"line":664,"column":28},"end":{"line":664,"column":30}},"315":{"start":{"line":666,"column":8},"end":{"line":702,"column":9}},"316":{"start":{"line":667,"column":10},"end":{"line":667,"column":46}},"317":{"start":{"line":670,"column":10},"end":{"line":679,"column":11}},"318":{"start":{"line":672,"column":14},"end":{"line":672,"column":39}},"319":{"start":{"line":673,"column":14},"end":{"line":673,"column":20}},"320":{"start":{"line":676,"column":14},"end":{"line":678,"column":15}},"321":{"start":{"line":677,"column":16},"end":{"line":677,"column":73}},"322":{"start":{"line":682,"column":10},"end":{"line":689,"column":11}},"323":{"start":{"line":683,"column":12},"end":{"line":683,"column":73}},"324":{"start":{"line":686,"column":12},"end":{"line":688,"column":13}},"325":{"start":{"line":687,"column":14},"end":{"line":687,"column":40}},"326":{"start":{"line":692,"column":10},"end":{"line":698,"column":11}},"327":{"start":{"line":693,"column":25},"end":{"line":693,"column":54}},"328":{"start":{"line":694,"column":30},"end":{"line":694,"column":52}},"329":{"start":{"line":695,"column":12},"end":{"line":695,"column":47}},"330":{"start":{"line":696,"column":12},"end":{"line":696,"column":35}},"331":{"start":{"line":697,"column":12},"end":{"line":697,"column":58}},"332":{"start":{"line":701,"column":10},"end":{"line":701,"column":42}},"333":{"start":{"line":704,"column":8},"end":{"line":704,"column":44}},"334":{"start":{"line":706,"column":8},"end":{"line":708,"column":9}},"335":{"start":{"line":707,"column":10},"end":{"line":707,"column":66}},"336":{"start":{"line":710,"column":8},"end":{"line":710,"column":21}},"337":{"start":{"line":711,"column":8},"end":{"line":711,"column":14}},"338":{"start":{"line":714,"column":26},"end":{"line":714,"column":43}},"339":{"start":{"line":715,"column":27},"end":{"line":715,"column":29}},"340":{"start":{"line":717,"column":8},"end":{"line":725,"column":9}},"341":{"start":{"line":718,"column":10},"end":{"line":718,"column":34}},"342":{"start":{"line":720,"column":10},"end":{"line":722,"column":11}},"343":{"start":{"line":721,"column":12},"end":{"line":721,"column":57}},"344":{"start":{"line":724,"column":10},"end":{"line":724,"column":34}},"345":{"start":{"line":727,"column":8},"end":{"line":727,"column":36}},"346":{"start":{"line":729,"column":8},"end":{"line":729,"column":21}},"347":{"start":{"line":730,"column":8},"end":{"line":730,"column":14}},"348":{"start":{"line":733,"column":8},"end":{"line":733,"column":70}},"349":{"start":{"line":734,"column":8},"end":{"line":734,"column":21}},"350":{"start":{"line":735,"column":8},"end":{"line":735,"column":14}},"351":{"start":{"line":744,"column":33},"end":{"line":744,"column":57}},"352":{"start":{"line":745,"column":27},"end":{"line":745,"column":64}},"353":{"start":{"line":746,"column":21},"end":{"line":746,"column":59}},"354":{"start":{"line":748,"column":8},"end":{"line":760,"column":9}},"355":{"start":{"line":749,"column":24},"end":{"line":749,"column":49}},"356":{"start":{"line":750,"column":15},"end":{"line":760,"column":9}},"357":{"start":{"line":751,"column":24},"end":{"line":751,"column":50}},"358":{"start":{"line":752,"column":15},"end":{"line":760,"column":9}},"359":{"start":{"line":753,"column":24},"end":{"line":753,"column":51}},"360":{"start":{"line":754,"column":15},"end":{"line":760,"column":9}},"361":{"start":{"line":755,"column":24},"end":{"line":755,"column":50}},"362":{"start":{"line":756,"column":15},"end":{"line":760,"column":9}},"363":{"start":{"line":757,"column":24},"end":{"line":757,"column":53}},"364":{"start":{"line":759,"column":24},"end":{"line":759,"column":43}},"365":{"start":{"line":764,"column":8},"end":{"line":766,"column":9}},"366":{"start":{"line":765,"column":10},"end":{"line":765,"column":42}},"367":{"start":{"line":768,"column":34},"end":{"line":768,"column":59}},"368":{"start":{"line":769,"column":28},"end":{"line":769,"column":30}},"369":{"start":{"line":770,"column":27},"end":{"line":770,"column":50}},"370":{"start":{"line":773,"column":8},"end":{"line":775,"column":9}},"371":{"start":{"line":774,"column":10},"end":{"line":774,"column":81}},"372":{"start":{"line":774,"column":43},"end":{"line":774,"column":78}},"373":{"start":{"line":779,"column":8},"end":{"line":781,"column":9}},"374":{"start":{"line":780,"column":10},"end":{"line":780,"column":66}},"375":{"start":{"line":784,"column":19},"end":{"line":784,"column":31}},"376":{"start":{"line":785,"column":8},"end":{"line":787,"column":9}},"377":{"start":{"line":786,"column":10},"end":{"line":786,"column":69}},"378":{"start":{"line":788,"column":8},"end":{"line":788,"column":53}},"379":{"start":{"line":789,"column":8},"end":{"line":791,"column":9}},"380":{"start":{"line":790,"column":10},"end":{"line":790,"column":75}},"381":{"start":{"line":794,"column":28},"end":{"line":796,"column":9}},"382":{"start":{"line":797,"column":8},"end":{"line":797,"column":53}},"383":{"start":{"line":798,"column":8},"end":{"line":798,"column":38}},"384":{"start":{"line":801,"column":29},"end":{"line":803,"column":9}},"385":{"start":{"line":804,"column":8},"end":{"line":804,"column":54}},"386":{"start":{"line":805,"column":8},"end":{"line":805,"column":39}},"387":{"start":{"line":807,"column":8},"end":{"line":807,"column":21}},"388":{"start":{"line":808,"column":8},"end":{"line":808,"column":14}},"389":{"start":{"line":812,"column":8},"end":{"line":812,"column":28}}},"fnMap":{"0":{"name":"(anonymous_0)","decl":{"start":{"line":23,"column":24},"end":{"line":23,"column":25}},"loc":{"start":{"line":23,"column":36},"end":{"line":815,"column":1}},"line":23},"1":{"name":"(anonymous_1)","decl":{"start":{"line":27,"column":9},"end":{"line":27,"column":10}},"loc":{"start":{"line":27,"column":20},"end":{"line":814,"column":3}},"line":27},"2":{"name":"(anonymous_2)","decl":{"start":{"line":27,"column":20},"end":{"line":27,"column":21}},"loc":{"start":{"line":27,"column":30},"end":{"line":814,"column":3}},"line":27},"3":{"name":"(anonymous_3)","decl":{"start":{"line":27,"column":30},"end":{"line":27,"column":31}},"loc":{"start":{"line":27,"column":47},"end":{"line":814,"column":3}},"line":27},"4":{"name":"(anonymous_4)","decl":{"start":{"line":168,"column":10},"end":{"line":168,"column":11}},"loc":{"start":{"line":168,"column":31},"end":{"line":168,"column":72}},"line":168},"5":{"name":"(anonymous_5)","decl":{"start":{"line":774,"column":32},"end":{"line":774,"column":33}},"loc":{"start":{"line":774,"column":43},"end":{"line":774,"column":78}},"line":774}},"branchMap":{"0":{"loc":{"start":{"line":27,"column":31},"end":{"line":27,"column":42}},"type":"default-arg","locations":[{"start":{"line":27,"column":40},"end":{"line":27,"column":42}}],"line":27},"1":{"loc":{"start":{"line":35,"column":4},"end":{"line":813,"column":5}},"type":"switch","locations":[{"start":{"line":36,"column":6},"end":{"line":99,"column":14}},{"start":{"line":101,"column":6},"end":{"line":106,"column":14}},{"start":{"line":108,"column":6},"end":{"line":113,"column":14}},{"start":{"line":115,"column":6},"end":{"line":120,"column":14}},{"start":{"line":122,"column":6},"end":{"line":127,"column":14}},{"start":{"line":129,"column":6},"end":{"line":134,"column":14}},{"start":{"line":136,"column":6},"end":{"line":141,"column":14}},{"start":{"line":143,"column":6},"end":{"line":148,"column":14}},{"start":{"line":150,"column":6},"end":{"line":155,"column":14}},{"start":{"line":157,"column":6},"end":{"line":185,"column":14}},{"start":{"line":188,"column":6},"end":{"line":196,"column":14}},{"start":{"line":199,"column":6},"end":{"line":207,"column":14}},{"start":{"line":210,"column":6},"end":{"line":218,"column":14}},{"start":{"line":220,"column":6},"end":{"line":222,"column":14}},{"start":{"line":227,"column":6},"end":{"line":236,"column":14}},{"start":{"line":238,"column":6},"end":{"line":254,"column":14}},{"start":{"line":256,"column":6},"end":{"line":289,"column":14}},{"start":{"line":291,"column":6},"end":{"line":315,"column":14}},{"start":{"line":324,"column":6},"end":{"line":329,"column":14}},{"start":{"line":331,"column":6},"end":{"line":356,"column":14}},{"start":{"line":358,"column":6},"end":{"line":384,"column":14}},{"start":{"line":386,"column":6},"end":{"line":413,"column":14}},{"start":{"line":415,"column":6},"end":{"line":442,"column":14}},{"start":{"line":444,"column":6},"end":{"line":468,"column":14}},{"start":{"line":470,"column":6},"end":{"line":490,"column":14}},{"start":{"line":498,"column":6},"end":{"line":502,"column":14}},{"start":{"line":504,"column":6},"end":{"line":508,"column":14}},{"start":{"line":510,"column":6},"end":{"line":559,"column":14}},{"start":{"line":561,"column":6},"end":{"line":604,"column":14}},{"start":{"line":606,"column":6},"end":{"line":659,"column":14}},{"start":{"line":661,"column":6},"end":{"line":711,"column":14}},{"start":{"line":713,"column":6},"end":{"line":730,"column":14}},{"start":{"line":732,"column":6},"end":{"line":735,"column":14}},{"start":{"line":743,"column":6},"end":{"line":808,"column":14}},{"start":{"line":811,"column":6},"end":{"line":812,"column":28}}],"line":35},"2":{"loc":{"start":{"line":49,"column":8},"end":{"line":58,"column":9}},"type":"if","locations":[{"start":{"line":49,"column":8},"end":{"line":58,"column":9}},{"start":{"line":49,"column":8},"end":{"line":58,"column":9}}],"line":49},"3":{"loc":{"start":{"line":50,"column":10},"end":{"line":57,"column":11}},"type":"if","locations":[{"start":{"line":50,"column":10},"end":{"line":57,"column":11}},{"start":{"line":50,"column":10},"end":{"line":57,"column":11}}],"line":50},"4":{"loc":{"start":{"line":50,"column":14},"end":{"line":50,"column":61}},"type":"binary-expr","locations":[{"start":{"line":50,"column":14},"end":{"line":50,"column":29}},{"start":{"line":50,"column":33},"end":{"line":50,"column":61}}],"line":50},"5":{"loc":{"start":{"line":52,"column":12},"end":{"line":54,"column":13}},"type":"if","locations":[{"start":{"line":52,"column":12},"end":{"line":54,"column":13}},{"start":{"line":52,"column":12},"end":{"line":54,"column":13}}],"line":52},"6":{"loc":{"start":{"line":52,"column":16},"end":{"line":52,"column":64}},"type":"binary-expr","locations":[{"start":{"line":52,"column":16},"end":{"line":52,"column":34}},{"start":{"line":52,"column":38},"end":{"line":52,"column":64}}],"line":52},"7":{"loc":{"start":{"line":55,"column":17},"end":{"line":57,"column":11}},"type":"if","locations":[{"start":{"line":55,"column":17},"end":{"line":57,"column":11}},{"start":{"line":55,"column":17},"end":{"line":57,"column":11}}],"line":55},"8":{"loc":{"start":{"line":84,"column":8},"end":{"line":91,"column":9}},"type":"if","locations":[{"start":{"line":84,"column":8},"end":{"line":91,"column":9}},{"start":{"line":84,"column":8},"end":{"line":91,"column":9}}],"line":84},"9":{"loc":{"start":{"line":93,"column":8},"end":{"line":95,"column":9}},"type":"if","locations":[{"start":{"line":93,"column":8},"end":{"line":95,"column":9}},{"start":{"line":93,"column":8},"end":{"line":95,"column":9}}],"line":93},"10":{"loc":{"start":{"line":109,"column":8},"end":{"line":111,"column":9}},"type":"if","locations":[{"start":{"line":109,"column":8},"end":{"line":111,"column":9}},{"start":{"line":109,"column":8},"end":{"line":111,"column":9}}],"line":109},"11":{"loc":{"start":{"line":116,"column":8},"end":{"line":118,"column":9}},"type":"if","locations":[{"start":{"line":116,"column":8},"end":{"line":118,"column":9}},{"start":{"line":116,"column":8},"end":{"line":118,"column":9}}],"line":116},"12":{"loc":{"start":{"line":123,"column":8},"end":{"line":125,"column":9}},"type":"if","locations":[{"start":{"line":123,"column":8},"end":{"line":125,"column":9}},{"start":{"line":123,"column":8},"end":{"line":125,"column":9}}],"line":123},"13":{"loc":{"start":{"line":130,"column":8},"end":{"line":132,"column":9}},"type":"if","locations":[{"start":{"line":130,"column":8},"end":{"line":132,"column":9}},{"start":{"line":130,"column":8},"end":{"line":132,"column":9}}],"line":130},"14":{"loc":{"start":{"line":137,"column":8},"end":{"line":139,"column":9}},"type":"if","locations":[{"start":{"line":137,"column":8},"end":{"line":139,"column":9}},{"start":{"line":137,"column":8},"end":{"line":139,"column":9}}],"line":137},"15":{"loc":{"start":{"line":144,"column":8},"end":{"line":146,"column":9}},"type":"if","locations":[{"start":{"line":144,"column":8},"end":{"line":146,"column":9}},{"start":{"line":144,"column":8},"end":{"line":146,"column":9}}],"line":144},"16":{"loc":{"start":{"line":151,"column":8},"end":{"line":153,"column":9}},"type":"if","locations":[{"start":{"line":151,"column":8},"end":{"line":153,"column":9}},{"start":{"line":151,"column":8},"end":{"line":153,"column":9}}],"line":151},"17":{"loc":{"start":{"line":158,"column":8},"end":{"line":160,"column":9}},"type":"if","locations":[{"start":{"line":158,"column":8},"end":{"line":160,"column":9}},{"start":{"line":158,"column":8},"end":{"line":160,"column":9}}],"line":158},"18":{"loc":{"start":{"line":165,"column":28},"end":{"line":165,"column":71}},"type":"binary-expr","locations":[{"start":{"line":165,"column":28},"end":{"line":165,"column":49}},{"start":{"line":165,"column":53},"end":{"line":165,"column":71}}],"line":165},"19":{"loc":{"start":{"line":172,"column":8},"end":{"line":176,"column":9}},"type":"if","locations":[{"start":{"line":172,"column":8},"end":{"line":176,"column":9}},{"start":{"line":172,"column":8},"end":{"line":176,"column":9}}],"line":172},"20":{"loc":{"start":{"line":173,"column":10},"end":{"line":175,"column":11}},"type":"if","locations":[{"start":{"line":173,"column":10},"end":{"line":175,"column":11}},{"start":{"line":173,"column":10},"end":{"line":175,"column":11}}],"line":173},"21":{"loc":{"start":{"line":173,"column":14},"end":{"line":173,"column":63}},"type":"binary-expr","locations":[{"start":{"line":173,"column":14},"end":{"line":173,"column":33}},{"start":{"line":173,"column":37},"end":{"line":173,"column":63}}],"line":173},"22":{"loc":{"start":{"line":179,"column":8},"end":{"line":183,"column":9}},"type":"if","locations":[{"start":{"line":179,"column":8},"end":{"line":183,"column":9}},{"start":{"line":179,"column":8},"end":{"line":183,"column":9}}],"line":179},"23":{"loc":{"start":{"line":189,"column":8},"end":{"line":191,"column":9}},"type":"if","locations":[{"start":{"line":189,"column":8},"end":{"line":191,"column":9}},{"start":{"line":189,"column":8},"end":{"line":191,"column":9}}],"line":189},"24":{"loc":{"start":{"line":192,"column":8},"end":{"line":194,"column":9}},"type":"if","locations":[{"start":{"line":192,"column":8},"end":{"line":194,"column":9}},{"start":{"line":192,"column":8},"end":{"line":194,"column":9}}],"line":192},"25":{"loc":{"start":{"line":200,"column":8},"end":{"line":202,"column":9}},"type":"if","locations":[{"start":{"line":200,"column":8},"end":{"line":202,"column":9}},{"start":{"line":200,"column":8},"end":{"line":202,"column":9}}],"line":200},"26":{"loc":{"start":{"line":203,"column":8},"end":{"line":205,"column":9}},"type":"if","locations":[{"start":{"line":203,"column":8},"end":{"line":205,"column":9}},{"start":{"line":203,"column":8},"end":{"line":205,"column":9}}],"line":203},"27":{"loc":{"start":{"line":211,"column":8},"end":{"line":213,"column":9}},"type":"if","locations":[{"start":{"line":211,"column":8},"end":{"line":213,"column":9}},{"start":{"line":211,"column":8},"end":{"line":213,"column":9}}],"line":211},"28":{"loc":{"start":{"line":214,"column":8},"end":{"line":216,"column":9}},"type":"if","locations":[{"start":{"line":214,"column":8},"end":{"line":216,"column":9}},{"start":{"line":214,"column":8},"end":{"line":216,"column":9}}],"line":214},"29":{"loc":{"start":{"line":241,"column":96},"end":{"line":241,"column":127}},"type":"cond-expr","locations":[{"start":{"line":241,"column":104},"end":{"line":241,"column":114}},{"start":{"line":241,"column":117},"end":{"line":241,"column":127}}],"line":241},"30":{"loc":{"start":{"line":243,"column":8},"end":{"line":252,"column":9}},"type":"switch","locations":[{"start":{"line":244,"column":10},"end":{"line":246,"column":18}},{"start":{"line":247,"column":10},"end":{"line":249,"column":18}},{"start":{"line":250,"column":10},"end":{"line":251,"column":18}}],"line":243},"31":{"loc":{"start":{"line":248,"column":12},"end":{"line":248,"column":105}},"type":"if","locations":[{"start":{"line":248,"column":12},"end":{"line":248,"column":105}},{"start":{"line":248,"column":12},"end":{"line":248,"column":105}}],"line":248},"32":{"loc":{"start":{"line":263,"column":8},"end":{"line":265,"column":9}},"type":"if","locations":[{"start":{"line":263,"column":8},"end":{"line":265,"column":9}},{"start":{"line":263,"column":8},"end":{"line":265,"column":9}}],"line":263},"33":{"loc":{"start":{"line":276,"column":8},"end":{"line":278,"column":9}},"type":"if","locations":[{"start":{"line":276,"column":8},"end":{"line":278,"column":9}},{"start":{"line":276,"column":8},"end":{"line":278,"column":9}}],"line":276},"34":{"loc":{"start":{"line":302,"column":8},"end":{"line":304,"column":9}},"type":"if","locations":[{"start":{"line":302,"column":8},"end":{"line":304,"column":9}},{"start":{"line":302,"column":8},"end":{"line":304,"column":9}}],"line":302},"35":{"loc":{"start":{"line":332,"column":8},"end":{"line":337,"column":9}},"type":"if","locations":[{"start":{"line":332,"column":8},"end":{"line":337,"column":9}},{"start":{"line":332,"column":8},"end":{"line":337,"column":9}}],"line":332},"36":{"loc":{"start":{"line":333,"column":10},"end":{"line":334,"column":53}},"type":"binary-expr","locations":[{"start":{"line":333,"column":10},"end":{"line":333,"column":30}},{"start":{"line":334,"column":13},"end":{"line":334,"column":53}}],"line":333},"37":{"loc":{"start":{"line":339,"column":8},"end":{"line":353,"column":9}},"type":"switch","locations":[{"start":{"line":340,"column":10},"end":{"line":346,"column":18}},{"start":{"line":348,"column":10},"end":{"line":352,"column":18}}],"line":339},"38":{"loc":{"start":{"line":343,"column":12},"end":{"line":345,"column":13}},"type":"if","locations":[{"start":{"line":343,"column":12},"end":{"line":345,"column":13}},{"start":{"line":343,"column":12},"end":{"line":345,"column":13}}],"line":343},"39":{"loc":{"start":{"line":349,"column":12},"end":{"line":351,"column":13}},"type":"if","locations":[{"start":{"line":349,"column":12},"end":{"line":351,"column":13}},{"start":{"line":349,"column":12},"end":{"line":351,"column":13}}],"line":349},"40":{"loc":{"start":{"line":359,"column":8},"end":{"line":365,"column":9}},"type":"if","locations":[{"start":{"line":359,"column":8},"end":{"line":365,"column":9}},{"start":{"line":359,"column":8},"end":{"line":365,"column":9}}],"line":359},"41":{"loc":{"start":{"line":360,"column":10},"end":{"line":362,"column":65}},"type":"binary-expr","locations":[{"start":{"line":360,"column":10},"end":{"line":360,"column":30}},{"start":{"line":361,"column":13},"end":{"line":361,"column":53}},{"start":{"line":362,"column":13},"end":{"line":362,"column":65}}],"line":360},"42":{"loc":{"start":{"line":367,"column":8},"end":{"line":381,"column":9}},"type":"switch","locations":[{"start":{"line":368,"column":10},"end":{"line":374,"column":18}},{"start":{"line":376,"column":10},"end":{"line":380,"column":18}}],"line":367},"43":{"loc":{"start":{"line":371,"column":12},"end":{"line":373,"column":13}},"type":"if","locations":[{"start":{"line":371,"column":12},"end":{"line":373,"column":13}},{"start":{"line":371,"column":12},"end":{"line":373,"column":13}}],"line":371},"44":{"loc":{"start":{"line":377,"column":12},"end":{"line":379,"column":13}},"type":"if","locations":[{"start":{"line":377,"column":12},"end":{"line":379,"column":13}},{"start":{"line":377,"column":12},"end":{"line":379,"column":13}}],"line":377},"45":{"loc":{"start":{"line":387,"column":8},"end":{"line":394,"column":9}},"type":"if","locations":[{"start":{"line":387,"column":8},"end":{"line":394,"column":9}},{"start":{"line":387,"column":8},"end":{"line":394,"column":9}}],"line":387},"46":{"loc":{"start":{"line":388,"column":10},"end":{"line":391,"column":66}},"type":"binary-expr","locations":[{"start":{"line":388,"column":10},"end":{"line":388,"column":30}},{"start":{"line":389,"column":13},"end":{"line":389,"column":54}},{"start":{"line":390,"column":13},"end":{"line":390,"column":66}},{"start":{"line":391,"column":13},"end":{"line":391,"column":66}}],"line":388},"47":{"loc":{"start":{"line":396,"column":8},"end":{"line":410,"column":9}},"type":"switch","locations":[{"start":{"line":397,"column":10},"end":{"line":403,"column":18}},{"start":{"line":405,"column":10},"end":{"line":409,"column":18}}],"line":396},"48":{"loc":{"start":{"line":400,"column":12},"end":{"line":402,"column":13}},"type":"if","locations":[{"start":{"line":400,"column":12},"end":{"line":402,"column":13}},{"start":{"line":400,"column":12},"end":{"line":402,"column":13}}],"line":400},"49":{"loc":{"start":{"line":406,"column":12},"end":{"line":408,"column":13}},"type":"if","locations":[{"start":{"line":406,"column":12},"end":{"line":408,"column":13}},{"start":{"line":406,"column":12},"end":{"line":408,"column":13}}],"line":406},"50":{"loc":{"start":{"line":416,"column":8},"end":{"line":423,"column":9}},"type":"if","locations":[{"start":{"line":416,"column":8},"end":{"line":423,"column":9}},{"start":{"line":416,"column":8},"end":{"line":423,"column":9}}],"line":416},"51":{"loc":{"start":{"line":417,"column":10},"end":{"line":419,"column":82}},"type":"binary-expr","locations":[{"start":{"line":417,"column":10},"end":{"line":417,"column":30}},{"start":{"line":418,"column":13},"end":{"line":418,"column":56}},{"start":{"line":419,"column":13},"end":{"line":419,"column":82}}],"line":417},"52":{"loc":{"start":{"line":425,"column":8},"end":{"line":439,"column":9}},"type":"switch","locations":[{"start":{"line":426,"column":10},"end":{"line":432,"column":18}},{"start":{"line":434,"column":10},"end":{"line":438,"column":18}}],"line":425},"53":{"loc":{"start":{"line":429,"column":12},"end":{"line":431,"column":13}},"type":"if","locations":[{"start":{"line":429,"column":12},"end":{"line":431,"column":13}},{"start":{"line":429,"column":12},"end":{"line":431,"column":13}}],"line":429},"54":{"loc":{"start":{"line":435,"column":12},"end":{"line":437,"column":13}},"type":"if","locations":[{"start":{"line":435,"column":12},"end":{"line":437,"column":13}},{"start":{"line":435,"column":12},"end":{"line":437,"column":13}}],"line":435},"55":{"loc":{"start":{"line":445,"column":8},"end":{"line":451,"column":9}},"type":"if","locations":[{"start":{"line":445,"column":8},"end":{"line":451,"column":9}},{"start":{"line":445,"column":8},"end":{"line":451,"column":9}}],"line":445},"56":{"loc":{"start":{"line":446,"column":10},"end":{"line":448,"column":67}},"type":"binary-expr","locations":[{"start":{"line":446,"column":10},"end":{"line":446,"column":30}},{"start":{"line":447,"column":13},"end":{"line":447,"column":52}},{"start":{"line":448,"column":13},"end":{"line":448,"column":67}}],"line":446},"57":{"loc":{"start":{"line":453,"column":8},"end":{"line":465,"column":9}},"type":"switch","locations":[{"start":{"line":454,"column":10},"end":{"line":460,"column":18}},{"start":{"line":462,"column":10},"end":{"line":464,"column":18}}],"line":453},"58":{"loc":{"start":{"line":457,"column":12},"end":{"line":459,"column":13}},"type":"if","locations":[{"start":{"line":457,"column":12},"end":{"line":459,"column":13}},{"start":{"line":457,"column":12},"end":{"line":459,"column":13}}],"line":457},"59":{"loc":{"start":{"line":471,"column":8},"end":{"line":477,"column":9}},"type":"if","locations":[{"start":{"line":471,"column":8},"end":{"line":477,"column":9}},{"start":{"line":471,"column":8},"end":{"line":477,"column":9}}],"line":471},"60":{"loc":{"start":{"line":472,"column":10},"end":{"line":474,"column":67}},"type":"binary-expr","locations":[{"start":{"line":472,"column":10},"end":{"line":472,"column":30}},{"start":{"line":473,"column":13},"end":{"line":473,"column":52}},{"start":{"line":474,"column":13},"end":{"line":474,"column":67}}],"line":472},"61":{"loc":{"start":{"line":479,"column":8},"end":{"line":487,"column":9}},"type":"switch","locations":[{"start":{"line":480,"column":10},"end":{"line":482,"column":18}},{"start":{"line":484,"column":10},"end":{"line":486,"column":18}}],"line":479},"62":{"loc":{"start":{"line":521,"column":10},"end":{"line":523,"column":11}},"type":"if","locations":[{"start":{"line":521,"column":10},"end":{"line":523,"column":11}},{"start":{"line":521,"column":10},"end":{"line":523,"column":11}}],"line":521},"63":{"loc":{"start":{"line":525,"column":10},"end":{"line":531,"column":11}},"type":"if","locations":[{"start":{"line":525,"column":10},"end":{"line":531,"column":11}},{"start":{"line":525,"column":10},"end":{"line":531,"column":11}}],"line":525},"64":{"loc":{"start":{"line":528,"column":12},"end":{"line":530,"column":13}},"type":"if","locations":[{"start":{"line":528,"column":12},"end":{"line":530,"column":13}},{"start":{"line":528,"column":12},"end":{"line":530,"column":13}}],"line":528},"65":{"loc":{"start":{"line":533,"column":10},"end":{"line":544,"column":11}},"type":"if","locations":[{"start":{"line":533,"column":10},"end":{"line":544,"column":11}},{"start":{"line":533,"column":10},"end":{"line":544,"column":11}}],"line":533},"66":{"loc":{"start":{"line":533,"column":14},"end":{"line":533,"column":63}},"type":"binary-expr","locations":[{"start":{"line":533,"column":14},"end":{"line":533,"column":31}},{"start":{"line":533,"column":35},"end":{"line":533,"column":63}}],"line":533},"67":{"loc":{"start":{"line":540,"column":14},"end":{"line":542,"column":15}},"type":"if","locations":[{"start":{"line":540,"column":14},"end":{"line":542,"column":15}},{"start":{"line":540,"column":14},"end":{"line":542,"column":15}}],"line":540},"68":{"loc":{"start":{"line":55
[...]
line":233,"column":7}},"type":"if","locations":[{"start":{"line":231,"column":6},"end":{"line":233,"column":7}},{"start":{"line":231,"column":6},"end":{"line":233,"column":7}}],"line":231},"32":{"loc":{"start":{"line":234,"column":6},"end":{"line":236,"column":7}},"type":"if","locations":[{"start":{"line":234,"column":6},"end":{"line":236,"column":7}},{"start":{"line":234,"column":6},"end":{"line":236,"column":7}}],"line":234},"33":{"loc":{"start":{"line":234,"column":10},"end":{"line":234,"column":60}},"type":"binary-expr","locations":[{"start":{"line":234,"column":10},"end":{"line":234,"column":31}},{"start":{"line":234,"column":35},"end":{"line":234,"column":60}}],"line":234},"34":{"loc":{"start":{"line":240,"column":6},"end":{"line":242,"column":7}},"type":"if","locations":[{"start":{"line":240,"column":6},"end":{"line":242,"column":7}},{"start":{"line":240,"column":6},"end":{"line":242,"column":7}}],"line":240},"35":{"loc":{"start":{"line":240,"column":10},"end":{"line":240,"column":60}},"type":"binary-expr","locations":[{"start":{"line":240,"column":10},"end":{"line":240,"column":31}},{"start":{"line":240,"column":35},"end":{"line":240,"column":60}}],"line":240},"36":{"loc":{"start":{"line":246,"column":6},"end":{"line":248,"column":7}},"type":"if","locations":[{"start":{"line":246,"column":6},"end":{"line":248,"column":7}},{"start":{"line":246,"column":6},"end":{"line":248,"column":7}}],"line":246},"37":{"loc":{"start":{"line":252,"column":6},"end":{"line":254,"column":7}},"type":"if","locations":[{"start":{"line":252,"column":6},"end":{"line":254,"column":7}},{"start":{"line":252,"column":6},"end":{"line":254,"column":7}}],"line":252},"38":{"loc":{"start":{"line":258,"column":6},"end":{"line":260,"column":7}},"type":"if","locations":[{"start":{"line":258,"column":6},"end":{"line":260,"column":7}},{"start":{"line":258,"column":6},"end":{"line":260,"column":7}}],"line":258},"39":{"loc":{"start":{"line":264,"column":6},"end":{"line":269,"column":7}},"type":"if","locations":[{"start":{"line":264,"column":6},"end":{"line":269,"column":7}},{"start":{"line":264,"column":6},"end":{"line":269,"column":7}}],"line":264},"40":{"loc":{"start":{"line":266,"column":13},"end":{"line":269,"column":7}},"type":"if","locations":[{"start":{"line":266,"column":13},"end":{"line":269,"column":7}},{"start":{"line":266,"column":13},"end":{"line":269,"column":7}}],"line":266},"41":{"loc":{"start":{"line":273,"column":6},"end":{"line":275,"column":7}},"type":"if","locations":[{"start":{"line":273,"column":6},"end":{"line":275,"column":7}},{"start":{"line":273,"column":6},"end":{"line":275,"column":7}}],"line":273},"42":{"loc":{"start":{"line":279,"column":6},"end":{"line":281,"column":7}},"type":"if","locations":[{"start":{"line":279,"column":6},"end":{"line":281,"column":7}},{"start":{"line":279,"column":6},"end":{"line":281,"column":7}}],"line":279},"43":{"loc":{"start":{"line":324,"column":9},"end":{"line":324,"column":53}},"type":"binary-expr","locations":[{"start":{"line":324,"column":9},"end":{"line":324,"column":34}},{"start":{"line":324,"column":38},"end":{"line":324,"column":53}}],"line":324},"44":{"loc":{"start":{"line":334,"column":9},"end":{"line":334,"column":64}},"type":"binary-expr","locations":[{"start":{"line":334,"column":9},"end":{"line":334,"column":32}},{"start":{"line":334,"column":36},"end":{"line":334,"column":64}}],"line":334},"45":{"loc":{"start":{"line":349,"column":28},"end":{"line":349,"column":43}},"type":"default-arg","locations":[{"start":{"line":349,"column":41},"end":{"line":349,"column":43}}],"line":349},"46":{"loc":{"start":{"line":349,"column":45},"end":{"line":349,"column":54}},"type":"default-arg","locations":[{"start":{"line":349,"column":52},"end":{"line":349,"column":54}}],"line":349},"47":{"loc":{"start":{"line":353,"column":4},"end":{"line":360,"column":5}},"type":"if","locations":[{"start":{"line":353,"column":4},"end":{"line":360,"column":5}},{"start":{"line":353,"column":4},"end":{"line":360,"column":5}}],"line":353},"48":{"loc":{"start":{"line":356,"column":8},"end":{"line":358,"column":9}},"type":"if","locations":[{"start":{"line":356,"column":8},"end":{"line":358,"column":9}},{"start":{"line":356,"column":8},"end":{"line":358,"column":9}}],"line":356},"49":{"loc":{"start":{"line":373,"column":27},"end":{"line":373,"column":54}},"type":"default-arg","locations":[{"start":{"line":373,"column":35},"end":{"line":373,"column":54}}],"line":373},"50":{"loc":{"start":{"line":392,"column":2},"end":{"line":394,"column":3}},"type":"if","locations":[{"start":{"line":392,"column":2},"end":{"line":394,"column":3}},{"start":{"line":392,"column":2},"end":{"line":394,"column":3}}],"line":392},"51":{"loc":{"start":{"line":397,"column":4},"end":{"line":399,"column":5}},"type":"if","locations":[{"start":{"line":397,"column":4},"end":{"line":399,"column":5}},{"start":{"line":397,"column":4},"end":{"line":399,"column":5}}],"line":397},"52":{"loc":{"start":{"line":475,"column":6},"end":{"line":477,"column":7}},"type":"if","locations":[{"start":{"line":475,"column":6},"end":{"line":477,"column":7}},{"start":{"line":475,"column":6},"end":{"line":477,"column":7}}],"line":475},"53":{"loc":{"start":{"line":491,"column":27},"end":{"line":491,"column":40}},"type":"default-arg","locations":[{"start":{"line":491,"column":36},"end":{"line":491,"column":40}}],"line":491},"54":{"loc":{"start":{"line":491,"column":42},"end":{"line":491,"column":63}},"type":"default-arg","locations":[{"start":{"line":491,"column":58},"end":{"line":491,"column":63}}],"line":491},"55":{"loc":{"start":{"line":495,"column":2},"end":{"line":497,"column":3}},"type":"if","locations":[{"start":{"line":495,"column":2},"end":{"line":497,"column":3}},{"start":{"line":495,"column":2},"end":{"line":497,"column":3}}],"line":495},"56":{"loc":{"start":{"line":500,"column":2},"end":{"line":526,"column":3}},"type":"if","locations":[{"start":{"line":500,"column":2},"end":{"line":526,"column":3}},{"start":{"line":500,"column":2},"end":{"line":526,"column":3}}],"line":500},"57":{"loc":{"start":{"line":500,"column":6},"end":{"line":500,"column":40}},"type":"binary-expr","locations":[{"start":{"line":500,"column":6},"end":{"line":500,"column":12}},{"start":{"line":500,"column":16},"end":{"line":500,"column":40}}],"line":500},"58":{"loc":{"start":{"line":501,"column":4},"end":{"line":503,"column":5}},"type":"if","locations":[{"start":{"line":501,"column":4},"end":{"line":503,"column":5}},{"start":{"line":501,"column":4},"end":{"line":503,"column":5}}],"line":501},"59":{"loc":{"start":{"line":507,"column":9},"end":{"line":526,"column":3}},"type":"if","locations":[{"start":{"line":507,"column":9},"end":{"line":526,"column":3}},{"start":{"line":507,"column":9},"end":{"line":526,"column":3}}],"line":507},"60":{"loc":{"start":{"line":510,"column":4},"end":{"line":519,"column":5}},"type":"if","locations":[{"start":{"line":510,"column":4},"end":{"line":519,"column":5}},{"start":{"line":510,"column":4},"end":{"line":519,"column":5}}],"line":510},"61":{"loc":{"start":{"line":512,"column":11},"end":{"line":519,"column":5}},"type":"if","locations":[{"start":{"line":512,"column":11},"end":{"line":519,"column":5}},{"start":{"line":512,"column":11},"end":{"line":519,"column":5}}],"line":512},"62":{"loc":{"start":{"line":514,"column":6},"end":{"line":516,"column":7}},"type":"if","locations":[{"start":{"line":514,"column":6},"end":{"line":516,"column":7}},{"start":{"line":514,"column":6},"end":{"line":516,"column":7}}],"line":514},"63":{"loc":{"start":{"line":521,"column":4},"end":{"line":523,"column":5}},"type":"if","locations":[{"start":{"line":521,"column":4},"end":{"line":523,"column":5}},{"start":{"line":521,"column":4},"end":{"line":523,"column":5}}],"line":521},"64":{"loc":{"start":{"line":521,"column":8},"end":{"line":521,"column":63}},"type":"binary-expr","locations":[{"start":{"line":521,"column":8},"end":{"line":521,"column":15}},{"start":{"line":521,"column":19},"end":{"line":521,"column":63}}],"line":521},"65":{"loc":{"start":{"line":529,"column":2},"end":{"line":531,"column":3}},"type":"if","locations":[{"start":{"line":529,"column":2},"end":{"line":531,"column":3}},{"start":{"line":529,"column":2},"end":{"line":531,"column":3}}],"line":529},"66":{"loc":{"start":{"line":547,"column":4},"end":{"line":549,"column":5}},"type":"if","locations":[{"start":{"line":547,"column":4},"end":{"line":549,"column":5}},{"start":{"line":547,"column":4},"end":{"line":549,"column":5}}],"line":547},"67":{"loc":{"start":{"line":567,"column":39},"end":{"line":567,"column":61}},"type":"default-arg","locations":[{"start":{"line":567,"column":57},"end":{"line":567,"column":61}}],"line":567},"68":{"loc":{"start":{"line":568,"column":16},"end":{"line":568,"column":63}},"type":"cond-expr","locations":[{"start":{"line":568,"column":34},"end":{"line":568,"column":57}},{"start":{"line":568,"column":60},"end":{"line":568,"column":63}}],"line":568},"69":{"loc":{"start":{"line":578,"column":39},"end":{"line":578,"column":61}},"type":"default-arg","locations":[{"start":{"line":578,"column":57},"end":{"line":578,"column":61}}],"line":578},"70":{"loc":{"start":{"line":579,"column":16},"end":{"line":579,"column":63}},"type":"cond-expr","locations":[{"start":{"line":579,"column":34},"end":{"line":579,"column":57}},{"start":{"line":579,"column":60},"end":{"line":579,"column":63}}],"line":579}},"s":{"0":2,"1":0,"2":0,"3":0,"4":0,"5":0,"6":0,"7":0,"8":0,"9":0,"10":0,"11":0,"12":0,"13":2,"14":0,"15":0,"16":0,"17":0,"18":0,"19":0,"20":0,"21":2,"22":0,"23":0,"24":0,"25":0,"26":0,"27":0,"28":0,"29":0,"30":0,"31":0,"32":2,"33":0,"34":0,"35":0,"36":0,"37":0,"38":0,"39":0,"40":0,"41":0,"42":0,"43":0,"44":0,"45":0,"46":2,"47":2,"48":2,"49":2,"50":2,"51":0,"52":0,"53":0,"54":0,"55":0,"56":2,"57":0,"58":0,"59":0,"60":0,"61":0,"62":2,"63":3,"64":0,"65":3,"66":3,"67":2,"68":5,"69":0,"70":5,"71":5,"72":0,"73":5,"74":0,"75":5,"76":5,"77":0,"78":0,"79":0,"80":0,"81":2,"82":2,"83":2,"84":2,"85":0,"86":0,"87":0,"88":0,"89":2,"90":2,"91":0,"92":0,"93":0,"94":0,"95":0,"96":0,"97":0,"98":0,"99":0,"100":0,"101":0,"102":0,"103":0,"104":0,"105":0,"106":0,"107":0,"108":0,"109":0,"110":0,"111":0,"112":0,"113":0,"114":0,"115":0,"116":0,"117":0,"118":0,"119":0,"120":0,"121":0,"122":0,"123":0,"124":0,"125":0,"126":0,"127":0,"128":0,"129":0,"130":0,"131":0,"132":0,"133":0,"134":0,"135":2,"136":2,"137":2,"138":2,"139":2,"140":2,"141":2,"142":0,"143":2,"144":0,"145":2,"146":0,"147":2,"148":0,"149":0,"150":0,"151":0,"152":0,"153":0,"154":0,"155":2,"156":0,"157":0,"158":2,"159":0,"160":0,"161":0,"162":0,"163":0,"164":0,"165":0,"166":0,"167":2,"168":0,"169":2,"170":0,"171":0,"172":0,"173":0,"174":0,"175":2,"176":0,"177":0,"178":0,"179":0,"180":0,"181":0,"182":0,"183":0,"184":0,"185":0,"186":0,"187":0,"188":0,"189":0,"190":0,"191":0,"192":0,"193":0,"194":0,"195":0,"196":2,"197":0,"198":0,"199":0,"200":0,"201":0,"202":0,"203":2,"204":0,"205":2,"206":0,"207":0,"208":0,"209":0,"210":0,"211":0,"212":0,"213":0,"214":2,"215":0,"216":0,"217":0,"218":0,"219":0,"220":0,"221":0,"222":0},"f":{"0":0,"1":0,"2":0,"3":0,"4":0,"5":0,"6":0,"7":0,"8":0,"9":2,"10":0,"11":0,"12":0,"13":3,"14":5,"15":2,"16":0,"17":0,"18":2,"19":0,"20":0,"21":0,"22":0,"23":0,"24":0,"25":0,"26":0,"27":0,"28":0,"29":0,"30":0,"31":0},"b":{"0":[0,0],"1":[0,0],"2":[0,0],"3":[0,0],"4":[0,0],"5":[0],"6":[0,0],"7":[0,0],"8":[0,0],"9":[0,0],"10":[0,0],"11":[2],"12":[2],"13":[2,0],"14":[0,0],"15":[0,0],"16":[0,3],"17":[0,5],"18":[0,5],"19":[0,5],"20":[0,0,5,5,5,0,0],"21":[0,0],"22":[0,0],"23":[2],"24":[2,0],"25":[0,0,0,0,0,0,0,0,0,0,0,2],"26":[0],"27":[0,0,0,0,0,0,0,0,0,0,0,0],"28":[0,0],"29":[0,0],"30":[0,0],"31":[0,0],"32":[0,0],"33":[0,0],"34":[0,0],"35":[0,0],"36":[0,0],"37":[0,0],"38":[0,0],"39":[0,0],"40":[0,0],"41":[0,0],"42":[0,0],"43":[0,0],"44":[0,0],"45":[0],"46":[0],"47":[0,0],"48":[0,0],"49":[0],"50":[0,0],"51":[0,0],"52":[0,0],"53":[0],"54":[0],"55":[0,0],"56":[0,0],"57":[0,0],"58":[0,0],"59":[0,0],"60":[0,0],"61":[0,0],"62":[0,0],"63":[0,0],"64":[0,0],"65":[0,0],"66":[0,0],"67":[0],"68":[0,0],"69":[0],"70":[0,0]},"_coverageSchema":"43e27e138ebf9cfc5966b082cf9a028302ed4184","hash":"1aebe9da2f1ea8f3a32608a9b572fb8dab7083ec"}
,"/home/user/Docker/iris/src/js/util/index.js": {"path":"/home/user/Docker/iris/src/js/util/index.js","statementMap":{},"fnMap":{},"branchMap":{},"s":{},"f":{},"b":{},"_coverageSchema":"43e27e138ebf9cfc5966b082cf9a028302ed4184","hash":"01d8d8a2ae71d0d73fb6d2ced6c4e6ab9d24651e"}
,"/home/user/Docker/iris/src/js/util/storage.js": {"path":"/home/user/Docker/iris/src/js/util/storage.js","statementMap":{"0":{"start":{"line":7,"column":24},"end":{"line":19,"column":3}},"1":{"start":{"line":8,"column":14},"end":{"line":8,"column":39}},"2":{"start":{"line":11,"column":2},"end":{"line":18,"column":3}},"3":{"start":{"line":12,"column":4},"end":{"line":12,"column":54}},"4":{"start":{"line":13,"column":4},"end":{"line":13,"column":42}},"5":{"start":{"line":14,"column":4},"end":{"line":14,"column":28}},"6":{"start":{"line":15,"column":4},"end":{"line":15,"column":29}},"7":{"start":{"line":17,"column":4},"end":{"line":17,"column":17}},"8":{"start":{"line":27,"column":12},"end":{"line":37,"column":1}},"9":{"start":{"line":28,"column":2},"end":{"line":34,"column":3}},"10":{"start":{"line":29,"column":18},"end":{"line":29,"column":45}},"11":{"start":{"line":30,"column":4},"end":{"line":32,"column":5}},"12":{"start":{"line":31,"column":6},"end":{"line":31,"column":31}},"13":{"start":{"line":33,"column":4},"end":{"line":33,"column":25}},"14":{"start":{"line":35,"column":2},"end":{"line":35,"column":80}},"15":{"start":{"line":36,"column":2},"end":{"line":36,"column":23}},"16":{"start":{"line":46,"column":12},"end":{"line":66,"column":1}},"17":{"start":{"line":47,"column":2},"end":{"line":65,"column":3}},"18":{"start":{"line":48,"column":25},"end":{"line":48,"column":52}},"19":{"start":{"line":51,"column":4},"end":{"line":61,"column":5}},"20":{"start":{"line":52,"column":22},"end":{"line":52,"column":27}},"21":{"start":{"line":56,"column":22},"end":{"line":60,"column":7}},"22":{"start":{"line":62,"column":4},"end":{"line":62,"column":59}},"23":{"start":{"line":64,"column":4},"end":{"line":64,"column":102}},"24":{"start":{"line":76,"column":14},"end":{"line":92,"column":1}},"25":{"start":{"line":78,"column":18},"end":{"line":78,"column":34}},"26":{"start":{"line":79,"column":4},"end":{"line":81,"column":5}},"27":{"start":{"line":80,"column":6},"end":{"line":80,"column":31}},"28":{"start":{"line":84,"column":16},"end":{"line":84,"column":32}},"29":{"start":{"line":85,"column":4},"end":{"line":85,"column":29}},"30":{"start":{"line":86,"column":4},"end":{"line":86,"column":24}},"31":{"start":{"line":87,"column":4},"end":{"line":87,"column":16}},"32":{"start":{"line":90,"column":4},"end":{"line":90,"column":27}},"33":{"start":{"line":102,"column":17},"end":{"line":106,"column":1}},"34":{"start":{"line":103,"column":16},"end":{"line":103,"column":27}},"35":{"start":{"line":104,"column":2},"end":{"line":104,"column":18}},"36":{"start":{"line":105,"column":2},"end":{"line":105,"column":24}}},"fnMap":{"0":{"name":"(anonymous_0)","decl":{"start":{"line":7,"column":24},"end":{"line":7,"column":25}},"loc":{"start":{"line":7,"column":36},"end":{"line":19,"column":1}},"line":7},"1":{"name":"(anonymous_1)","decl":{"start":{"line":27,"column":12},"end":{"line":27,"column":13}},"loc":{"start":{"line":27,"column":41},"end":{"line":37,"column":1}},"line":27},"2":{"name":"(anonymous_2)","decl":{"start":{"line":46,"column":12},"end":{"line":46,"column":13}},"loc":{"start":{"line":46,"column":45},"end":{"line":66,"column":1}},"line":46},"3":{"name":"(anonymous_3)","decl":{"start":{"line":77,"column":7},"end":{"line":77,"column":8}},"loc":{"start":{"line":77,"column":16},"end":{"line":82,"column":3}},"line":77},"4":{"name":"(anonymous_4)","decl":{"start":{"line":83,"column":7},"end":{"line":83,"column":8}},"loc":{"start":{"line":83,"column":22},"end":{"line":88,"column":3}},"line":83},"5":{"name":"(anonymous_5)","decl":{"start":{"line":89,"column":9},"end":{"line":89,"column":10}},"loc":{"start":{"line":89,"column":15},"end":{"line":91,"column":3}},"line":89},"6":{"name":"(anonymous_6)","decl":{"start":{"line":102,"column":17},"end":{"line":102,"column":18}},"loc":{"start":{"line":102,"column":26},"end":{"line":106,"column":1}},"line":102}},"branchMap":{"0":{"loc":{"start":{"line":15,"column":11},"end":{"line":15,"column":28}},"type":"binary-expr","locations":[{"start":{"line":15,"column":11},"end":{"line":15,"column":17}},{"start":{"line":15,"column":21},"end":{"line":15,"column":28}}],"line":15},"1":{"loc":{"start":{"line":27,"column":18},"end":{"line":27,"column":36}},"type":"default-arg","locations":[{"start":{"line":27,"column":34},"end":{"line":27,"column":36}}],"line":27},"2":{"loc":{"start":{"line":28,"column":2},"end":{"line":34,"column":3}},"type":"if","locations":[{"start":{"line":28,"column":2},"end":{"line":34,"column":3}},{"start":{"line":28,"column":2},"end":{"line":34,"column":3}}],"line":28},"3":{"loc":{"start":{"line":30,"column":4},"end":{"line":32,"column":5}},"type":"if","locations":[{"start":{"line":30,"column":4},"end":{"line":32,"column":5}},{"start":{"line":30,"column":4},"end":{"line":32,"column":5}}],"line":30},"4":{"loc":{"start":{"line":46,"column":25},"end":{"line":46,"column":40}},"type":"default-arg","locations":[{"start":{"line":46,"column":35},"end":{"line":46,"column":40}}],"line":46},"5":{"loc":{"start":{"line":47,"column":2},"end":{"line":65,"column":3}},"type":"if","locations":[{"start":{"line":47,"column":2},"end":{"line":65,"column":3}},{"start":{"line":47,"column":2},"end":{"line":65,"column":3}}],"line":47},"6":{"loc":{"start":{"line":51,"column":4},"end":{"line":61,"column":5}},"type":"if","locations":[{"start":{"line":51,"column":4},"end":{"line":61,"column":5}},{"start":{"line":51,"column":4},"end":{"line":61,"column":5}}],"line":51},"7":{"loc":{"start":{"line":51,"column":8},"end":{"line":51,"column":32}},"type":"binary-expr","locations":[{"start":{"line":51,"column":8},"end":{"line":51,"column":21}},{"start":{"line":51,"column":25},"end":{"line":51,"column":32}}],"line":51},"8":{"loc":{"start":{"line":79,"column":4},"end":{"line":81,"column":5}},"type":"if","locations":[{"start":{"line":79,"column":4},"end":{"line":81,"column":5}},{"start":{"line":79,"column":4},"end":{"line":81,"column":5}}],"line":79}},"s":{"0":1,"1":1,"2":1,"3":1,"4":1,"5":1,"6":1,"7":0,"8":1,"9":13,"10":13,"11":13,"12":1,"13":12,"14":0,"15":0,"16":1,"17":1,"18":1,"19":1,"20":1,"21":0,"22":1,"23":0,"24":1,"25":0,"26":0,"27":0,"28":0,"29":0,"30":0,"31":0,"32":0,"33":1,"34":1,"35":1,"36":1},"f":{"0":1,"1":13,"2":1,"3":0,"4":0,"5":0,"6":1},"b":{"0":[1,1],"1":[12],"2":[13,0],"3":[1,12],"4":[1],"5":[1,0],"6":[1,0],"7":[1,0],"8":[0,0]},"_coverageSchema":"43e27e138ebf9cfc5966b082cf9a028302ed4184","hash":"18cb62c9fcfa34f6f91eaf6e471cb356f5cfced0"}
,"/home/user/Docker/iris/tests/state.js": {"path":"/home/user/Docker/iris/tests/state.js","statementMap":{"0":{"start":{"line":4,"column":14},"end":{"line":4,"column":30}},"1":{"start":{"line":9,"column":0},"end":{"line":18,"column":2}},"2":{"start":{"line":20,"column":0},"end":{"line":24,"column":2}},"3":{"start":{"line":26,"column":0},"end":{"line":30,"column":2}},"4":{"start":{"line":32,"column":0},"end":{"line":36,"column":2}},"5":{"start":{"line":41,"column":0},"end":{"line":52,"column":2}},"6":{"start":{"line":57,"column":0},"end":{"line":65,"column":2}},"7":{"start":{"line":70,"column":0},"end":{"line":76,"column":2}},"8":{"start":{"line":78,"column":0},"end":{"line":85,"column":2}},"9":{"start":{"line":87,"column":0},"end":{"line":94,"column":2}},"10":{"start":{"line":96,"column":0},"end":{"line":96,"column":23}}},"fnMap":{},"branchMap":{},"s":{"0":1,"1":1,"2":1,"3":1,"4":1,"5":1,"6":1,"7":1,"8":1,"9":1,"10":1},"f":{},"b":{},"_coverageSchema":"43e27e138ebf9cfc5966b082cf9a028302ed4184","hash":"312aaa3c0e323442cbf925c5953f2b1d7af6c38a"}
}
