TN:
SF:/home/user/Docker/iris/src/js/components/Link.js
FN:10,(anonymous_0)
FN:24,(anonymous_1)
FNF:2
FNH:1
FNDA:1,(anonymous_0)
FNDA:0,(anonymous_1)
DA:20,1
DA:21,1
DA:22,1
DA:24,1
DA:28,0
DA:30,0
DA:43,0
DA:49,1
DA:50,1
DA:51,1
DA:55,1
DA:56,1
LF:12
LH:9
BRDA:14,0,0,0
BRDA:20,1,0,0
BRDA:20,1,1,1
BRDA:43,2,0,0
BRDA:43,2,1,0
BRDA:51,3,0,0
BRDA:51,3,1,1
BRDA:55,4,0,0
BRDA:55,4,1,1
BRDA:55,5,0,1
BRDA:55,5,1,1
BRDA:55,6,0,0
BRDA:55,6,1,0
BRF:13
BRH:5
end_of_record
TN:
SF:/home/user/Docker/iris/src/js/components/URILink.js
FN:6,(anonymous_0)
FN:57,(anonymous_1)
FNF:2
FNH:0
FNDA:0,(anonymous_0)
FNDA:0,(anonymous_1)
DA:7,0
DA:8,0
DA:9,0
DA:10,0
DA:11,0
DA:14,0
DA:16,0
DA:17,0
DA:20,0
DA:21,0
DA:24,0
DA:25,0
DA:28,0
DA:29,0
DA:32,0
DA:33,0
DA:36,0
DA:37,0
DA:40,0
DA:41,0
DA:44,0
DA:45,0
DA:46,0
DA:49,0
DA:52,0
DA:53,0
DA:57,0
DA:63,0
LF:28
LH:0
BRDA:9,0,0,0
BRDA:9,0,1,0
BRDA:10,1,0,0
BRDA:10,1,1,0
BRDA:14,2,0,0
BRDA:14,2,1,0
BRDA:14,2,2,0
BRDA:14,2,3,0
BRDA:14,2,4,0
BRDA:14,2,5,0
BRDA:14,2,6,0
BRDA:14,2,7,0
BRDA:14,2,8,0
BRDA:52,3,0,0
BRDA:52,3,1,0
BRDA:55,4,0,0
BRDA:55,4,1,0
BRDA:57,5,0,0
BRDA:57,5,1,0
BRDA:64,6,0,0
BRDA:64,6,1,0
BRF:21
BRH:0
end_of_record
TN:
SF:/home/user/Docker/iris/src/js/services/core/actions.js
FN:8,getBroadcasts
FN:9,(anonymous_1)
FN:23,(anonymous_2)
FN:29,(anonymous_3)
FN:48,startSearch
FN:57,handleException
FN:84,debugResponse
FN:91,set
FN:98,clearCurrentTrack
FN:104,cachebustHttpStream
FN:118,loadItem
FN:126,loadTrack
FN:134,loadAlbum
FN:142,loadArtist
FN:150,loadPlaylist
FN:158,loadUser
FN:166,loadUserPlaylists
FN:181,trackLoaded
FN:184,tracksLoaded
FN:191,artistLoaded
FN:194,artistsLoaded
FN:201,albumLoaded
FN:204,albumsLoaded
FN:211,playlistLoaded
FN:214,playlistsLoaded
FN:221,userLoaded
FN:224,usersLoaded
FN:230,userPlaylistsLoaded
FN:240,loadedMore
FN:251,removeFromIndex
FN:260,viewDataLoaded
FN:272,reorderPlaylistTracks
FN:303,savePlaylist
FN:332,createPlaylist
FN:345,deletePlaylist
FN:355,removeTracksFromPlaylist
FN:380,addTracksToPlaylist
FN:410,getLibraryPlaylists
FN:416,getLibraryAlbums
FN:422,getLibraryArtists
FNF:40
FNH:0
FNDA:0,getBroadcasts
FNDA:0,(anonymous_1)
FNDA:0,(anonymous_2)
FNDA:0,(anonymous_3)
FNDA:0,startSearch
FNDA:0,handleException
FNDA:0,debugResponse
FNDA:0,set
FNDA:0,clearCurrentTrack
FNDA:0,cachebustHttpStream
FNDA:0,loadItem
FNDA:0,loadTrack
FNDA:0,loadAlbum
FNDA:0,loadArtist
FNDA:0,loadPlaylist
FNDA:0,loadUser
FNDA:0,loadUserPlaylists
FNDA:0,trackLoaded
FNDA:0,tracksLoaded
FNDA:0,artistLoaded
FNDA:0,artistsLoaded
FNDA:0,albumLoaded
FNDA:0,albumsLoaded
FNDA:0,playlistLoaded
FNDA:0,playlistsLoaded
FNDA:0,userLoaded
FNDA:0,usersLoaded
FNDA:0,userPlaylistsLoaded
FNDA:0,loadedMore
FNDA:0,removeFromIndex
FNDA:0,viewDataLoaded
FNDA:0,reorderPlaylistTracks
FNDA:0,savePlaylist
FNDA:0,createPlaylist
FNDA:0,deletePlaylist
FNDA:0,removeTracksFromPlaylist
FNDA:0,addTracksToPlaylist
FNDA:0,getLibraryPlaylists
FNDA:0,getLibraryAlbums
FNDA:0,getLibraryArtists
DA:5,1
DA:6,1
DA:9,0
DA:10,0
DA:16,0
DA:17,0
DA:19,0
DA:22,0
DA:24,0
DA:30,0
DA:49,0
DA:58,0
DA:59,0
DA:60,0
DA:61,0
DA:62,0
DA:65,0
DA:66,0
DA:67,0
DA:68,0
DA:69,0
DA:70,0
DA:71,0
DA:75,0
DA:85,0
DA:92,0
DA:99,0
DA:105,0
DA:119,0
DA:127,0
DA:135,0
DA:143,0
DA:151,0
DA:159,0
DA:167,0
DA:182,0
DA:185,0
DA:192,0
DA:195,0
DA:202,0
DA:205,0
DA:212,0
DA:215,0
DA:222,0
DA:225,0
DA:231,0
DA:241,0
DA:252,0
DA:261,0
DA:273,0
DA:274,0
DA:276,0
DA:287,0
DA:296,0
DA:304,0
DA:306,0
DA:318,0
DA:325,0
DA:333,0
DA:335,0
DA:336,0
DA:338,0
DA:341,0
DA:346,0
DA:348,0
DA:351,0
DA:356,0
DA:358,0
DA:366,0
DA:373,0
DA:381,0
DA:383,0
DA:391,0
DA:398,0
DA:411,0
DA:417,0
DA:423,0
LF:77
LH:2
BRDA:16,0,0,0
BRDA:16,0,1,0
BRDA:48,1,0,0
BRDA:57,2,0,0
BRDA:57,3,0,0
BRDA:57,4,0,0
BRDA:58,5,0,0
BRDA:58,5,1,0
BRDA:59,6,0,0
BRDA:59,6,1,0
BRDA:61,7,0,0
BRDA:61,7,1,0
BRDA:65,8,0,0
BRDA:65,8,1,0
BRDA:66,9,0,0
BRDA:66,9,1,0
BRDA:68,10,0,0
BRDA:68,10,1,0
BRDA:68,11,0,0
BRDA:68,11,1,0
BRDA:70,12,0,0
BRDA:70,12,1,0
BRDA:70,13,0,0
BRDA:70,13,1,0
BRDA:118,14,0,0
BRDA:126,15,0,0
BRDA:134,16,0,0
BRDA:142,17,0,0
BRDA:150,18,0,0
BRDA:158,19,0,0
BRDA:166,20,0,0
BRDA:230,21,0,0
BRDA:230,22,0,0
BRDA:240,23,0,0
BRDA:251,24,0,0
BRDA:272,25,0,0
BRDA:274,26,0,0
BRDA:274,26,1,0
BRDA:274,26,2,0
BRDA:274,26,3,0
BRDA:303,27,0,0
BRDA:303,28,0,0
BRDA:303,29,0,0
BRDA:303,30,0,0
BRDA:304,31,0,0
BRDA:304,31,1,0
BRDA:304,31,2,0
BRDA:304,31,3,0
BRDA:310,32,0,0
BRDA:310,32,1,0
BRDA:332,33,0,0
BRDA:332,34,0,0
BRDA:332,35,0,0
BRDA:333,36,0,0
BRDA:333,36,1,0
BRDA:335,37,0,0
BRDA:335,37,1,0
BRDA:346,38,0,0
BRDA:346,38,1,0
BRDA:356,39,0,0
BRDA:356,39,1,0
BRDA:356,39,2,0
BRDA:356,39,3,0
BRDA:381,40,0,0
BRDA:381,40,1,0
BRDA:381,40,2,0
BRDA:381,40,3,0
BRF:67
BRH:0
end_of_record
TN:
SF:/home/user/Docker/iris/src/js/services/core/middleware.js
FN:23,(anonymous_0)
FN:27,(anonymous_1)
FN:27,(anonymous_2)
FN:27,(anonymous_3)
FN:168,(anonymous_4)
FN:774,(anonymous_5)
FNF:6
FNH:3
FNDA:1,(anonymous_0)
FNDA:1,(anonymous_1)
FNDA:1,(anonymous_2)
FNDA:0,(anonymous_3)
FNDA:0,(anonymous_4)
FNDA:0,(anonymous_5)
DA:18,1
DA:19,1
DA:20,1
DA:21,1
DA:23,1
DA:27,1
DA:33,0
DA:35,0
DA:37,0
DA:38,0
DA:45,0
DA:46,0
DA:49,0
DA:50,0
DA:51,0
DA:52,0
DA:53,0
DA:55,0
DA:56,0
DA:62,0
DA:63,0
DA:64,0
DA:65,0
DA:66,0
DA:67,0
DA:68,0
DA:69,0
DA:70,0
DA:71,0
DA:72,0
DA:73,0
DA:74,0
DA:76,0
DA:84,0
DA:85,0
DA:93,0
DA:94,0
DA:97,0
DA:99,0
DA:102,0
DA:106,0
DA:109,0
DA:110,0
DA:112,0
DA:113,0
DA:116,0
DA:117,0
DA:119,0
DA:120,0
DA:123,0
DA:124,0
DA:126,0
DA:127,0
DA:130,0
DA:131,0
DA:133,0
DA:134,0
DA:137,0
DA:138,0
DA:140,0
DA:141,0
DA:144,0
DA:145,0
DA:147,0
DA:148,0
DA:151,0
DA:152,0
DA:154,0
DA:155,0
DA:158,0
DA:159,0
DA:161,0
DA:165,0
DA:166,0
DA:167,0
DA:168,0
DA:172,0
DA:173,0
DA:174,0
DA:179,0
DA:180,0
DA:185,0
DA:189,0
DA:190,0
DA:192,0
DA:193,0
DA:195,0
DA:196,0
DA:200,0
DA:201,0
DA:203,0
DA:204,0
DA:206,0
DA:207,0
DA:211,0
DA:212,0
DA:214,0
DA:215,0
DA:217,0
DA:218,0
DA:221,0
DA:222,0
DA:228,0
DA:230,0
DA:235,0
DA:236,0
DA:239,0
DA:240,0
DA:243,0
DA:245,0
DA:246,0
DA:248,0
DA:249,0
DA:251,0
DA:253,0
DA:254,0
DA:257,0
DA:258,0
DA:259,0
DA:262,0
DA:263,0
DA:264,0
DA:268,0
DA:269,0
DA:271,0
DA:272,0
DA:275,0
DA:276,0
DA:277,0
DA:281,0
DA:282,0
DA:285,0
DA:289,0
DA:292,0
DA:293,0
DA:294,0
DA:296,0
DA:297,0
DA:298,0
DA:301,0
DA:302,0
DA:303,0
DA:307,0
DA:308,0
DA:311,0
DA:315,0
DA:325,0
DA:329,0
DA:332,0
DA:335,0
DA:336,0
DA:339,0
DA:341,0
DA:343,0
DA:344,0
DA:346,0
DA:349,0
DA:350,0
DA:352,0
DA:355,0
DA:356,0
DA:359,0
DA:363,0
DA:364,0
DA:367,0
DA:369,0
DA:371,0
DA:372,0
DA:374,0
DA:377,0
DA:378,0
DA:380,0
DA:383,0
DA:384,0
DA:387,0
DA:392,0
DA:393,0
DA:396,0
DA:398,0
DA:400,0
DA:401,0
DA:403,0
DA:406,0
DA:407,0
DA:409,0
DA:412,0
DA:413,0
DA:416,0
DA:421,0
DA:422,0
DA:425,0
DA:427,0
DA:429,0
DA:430,0
DA:432,0
DA:435,0
DA:436,0
DA:438,0
DA:441,0
DA:442,0
DA:445,0
DA:449,0
DA:450,0
DA:453,0
DA:455,0
DA:457,0
DA:458,0
DA:460,0
DA:464,0
DA:467,0
DA:468,0
DA:471,0
DA:475,0
DA:476,0
DA:479,0
DA:481,0
DA:482,0
DA:486,0
DA:489,0
DA:490,0
DA:499,0
DA:500,0
DA:501,0
DA:502,0
DA:505,0
DA:506,0
DA:507,0
DA:508,0
DA:511,0
DA:512,0
DA:513,0
DA:514,0
DA:515,0
DA:516,0
DA:518,0
DA:519,0
DA:521,0
DA:522,0
DA:525,0
DA:526,0
DA:528,0
DA:529,0
DA:533,0
DA:534,0
DA:536,0
DA:537,0
DA:540,0
DA:541,0
DA:546,0
DA:549,0
DA:551,0
DA:552,0
DA:554,0
DA:555,0
DA:558,0
DA:559,0
DA:562,0
DA:563,0
DA:564,0
DA:565,0
DA:567,0
DA:568,0
DA:570,0
DA:571,0
DA:574,0
DA:575,0
DA:577,0
DA:578,0
DA:579,0
DA:581,0
DA:582,0
DA:586,0
DA:587,0
DA:588,0
DA:591,0
DA:594,0
DA:596,0
DA:597,0
DA:599,0
DA:600,0
DA:603,0
DA:604,0
DA:607,0
DA:608,0
DA:609,0
DA:611,0
DA:612,0
DA:615,0
DA:618,0
DA:619,0
DA:620,0
DA:624,0
DA:627,0
DA:628,0
DA:633,0
DA:634,0
DA:638,0
DA:642,0
DA:643,0
DA:644,0
DA:645,0
DA:646,0
DA:649,0
DA:652,0
DA:654,0
DA:655,0
DA:658,0
DA:659,0
DA:662,0
DA:663,0
DA:664,0
DA:666,0
DA:667,0
DA:670,0
DA:672,0
DA:673,0
DA:676,0
DA:677,0
DA:682,0
DA:683,0
DA:686,0
DA:687,0
DA:692,0
DA:693,0
DA:694,0
DA:695,0
DA:696,0
DA:697,0
DA:701,0
DA:704,0
DA:706,0
DA:707,0
DA:710,0
DA:711,0
DA:714,0
DA:715,0
DA:717,0
DA:718,0
DA:720,0
DA:721,0
DA:724,0
DA:727,0
DA:729,0
DA:730,0
DA:733,0
DA:734,0
DA:735,0
DA:744,0
DA:745,0
DA:746,0
DA:748,0
DA:749,0
DA:750,0
DA:751,0
DA:752,0
DA:753,0
DA:754,0
DA:755,0
DA:756,0
DA:757,0
DA:759,0
DA:764,0
DA:765,0
DA:768,0
DA:769,0
DA:770,0
DA:773,0
DA:774,0
DA:779,0
DA:780,0
DA:784,0
DA:785,0
DA:786,0
DA:788,0
DA:789,0
DA:790,0
DA:794,0
DA:797,0
DA:798,0
DA:801,0
DA:804,0
DA:805,0
DA:807,0
DA:808,0
DA:812,0
LF:385
LH:6
BRDA:27,0,0,0
BRDA:35,1,0,0
BRDA:35,1,1,0
BRDA:35,1,2,0
BRDA:35,1,3,0
BRDA:35,1,4,0
BRDA:35,1,5,0
BRDA:35,1,6,0
BRDA:35,1,7,0
BRDA:35,1,8,0
BRDA:35,1,9,0
BRDA:35,1,10,0
BRDA:35,1,11,0
BRDA:35,1,12,0
BRDA:35,1,13,0
BRDA:35,1,14,0
BRDA:35,1,15,0
BRDA:35,1,16,0
BRDA:35,1,17,0
BRDA:35,1,18,0
BRDA:35,1,19,0
BRDA:35,1,20,0
BRDA:35,1,21,0
BRDA:35,1,22,0
BRDA:35,1,23,0
BRDA:35,1,24,0
BRDA:35,1,25,0
BRDA:35,1,26,0
BRDA:35,1,27,0
BRDA:35,1,28,0
BRDA:35,1,29,0
BRDA:35,1,30,0
BRDA:35,1,31,0
BRDA:35,1,32,0
BRDA:35,1,33,0
BRDA:35,1,34,0
BRDA:49,2,0,0
BRDA:49,2,1,0
BRDA:50,3,0,0
BRDA:50,3,1,0
BRDA:50,4,0,0
BRDA:50,4,1,0
BRDA:52,5,0,0
BRDA:52,5,1,0
BRDA:52,6,0,0
BRDA:52,6,1,0
BRDA:55,7,0,0
BRDA:55,7,1,0
BRDA:84,8,0,0
BRDA:84,8,1,0
BRDA:93,9,0,0
BRDA:93,9,1,0
BRDA:109,10,0,0
BRDA:109,10,1,0
BRDA:116,11,0,0
BRDA:116,11,1,0
BRDA:123,12,0,0
BRDA:123,12,1,0
BRDA:130,13,0,0
BRDA:130,13,1,0
BRDA:137,14,0,0
BRDA:137,14,1,0
BRDA:144,15,0,0
BRDA:144,15,1,0
BRDA:151,16,0,0
BRDA:151,16,1,0
BRDA:158,17,0,0
BRDA:158,17,1,0
BRDA:165,18,0,0
BRDA:165,18,1,0
BRDA:172,19,0,0
BRDA:172,19,1,0
BRDA:173,20,0,0
BRDA:173,20,1,0
BRDA:173,21,0,0
BRDA:173,21,1,0
BRDA:179,22,0,0
BRDA:179,22,1,0
BRDA:189,23,0,0
BRDA:189,23,1,0
BRDA:192,24,0,0
BRDA:192,24,1,0
BRDA:200,25,0,0
BRDA:200,25,1,0
BRDA:203,26,0,0
BRDA:203,26,1,0
BRDA:211,27,0,0
BRDA:211,27,1,0
BRDA:214,28,0,0
BRDA:214,28,1,0
BRDA:241,29,0,0
BRDA:241,29,1,0
BRDA:243,30,0,0
BRDA:243,30,1,0
BRDA:243,30,2,0
BRDA:248,31,0,0
BRDA:248,31,1,0
BRDA:263,32,0,0
BRDA:263,32,1,0
BRDA:276,33,0,0
BRDA:276,33,1,0
BRDA:302,34,0,0
BRDA:302,34,1,0
BRDA:332,35,0,0
BRDA:332,35,1,0
BRDA:333,36,0,0
BRDA:333,36,1,0
BRDA:339,37,0,0
BRDA:339,37,1,0
BRDA:343,38,0,0
BRDA:343,38,1,0
BRDA:349,39,0,0
BRDA:349,39,1,0
BRDA:359,40,0,0
BRDA:359,40,1,0
BRDA:360,41,0,0
BRDA:360,41,1,0
BRDA:360,41,2,0
BRDA:367,42,0,0
BRDA:367,42,1,0
BRDA:371,43,0,0
BRDA:371,43,1,0
BRDA:377,44,0,0
BRDA:377,44,1,0
BRDA:387,45,0,0
BRDA:387,45,1,0
BRDA:388,46,0,0
BRDA:388,46,1,0
BRDA:388,46,2,0
BRDA:388,46,3,0
BRDA:396,47,0,0
BRDA:396,47,1,0
BRDA:400,48,0,0
BRDA:400,48,1,0
BRDA:406,49,0,0
BRDA:406,49,1,0
BRDA:416,50,0,0
BRDA:416,50,1,0
BRDA:417,51,0,0
BRDA:417,51,1,0
BRDA:417,51,2,0
BRDA:425,52,0,0
BRDA:425,52,1,0
BRDA:429,53,0,0
BRDA:429,53,1,0
BRDA:435,54,0,0
BRDA:435,54,1,0
BRDA:445,55,0,0
BRDA:445,55,1,0
BRDA:446,56,0,0
BRDA:446,56,1,0
BRDA:446,56,2,0
BRDA:453,57,0,0
BRDA:453,57,1,0
BRDA:457,58,0,0
BRDA:457,58,1,0
BRDA:471,59,0,0
BRDA:471,59,1,0
BRDA:472,60,0,0
BRDA:472,60,1,0
BRDA:472,60,2,0
BRDA:479,61,0,0
BRDA:479,61,1,0
BRDA:521,62,0,0
BRDA:521,62,1,0
BRDA:525,63,0,0
BRDA:525,63,1,0
BRDA:528,64,0,0
BRDA:528,64,1,0
BRDA:533,65,0,0
BRDA:533,65,1,0
BRDA:533,66,0,0
BRDA:533,66,1,0
BRDA:540,67,0,0
BRDA:540,67,1,0
BRDA:551,68,0,0
BRDA:551,68,1,0
BRDA:554,69,0,0
BRDA:554,69,1,0
BRDA:570,70,0,0
BRDA:570,70,1,0
BRDA:574,71,0,0
BRDA:574,71,1,0
BRDA:578,72,0,0
BRDA:578,72,1,0
BRDA:586,73,0,0
BRDA:586,73,1,0
BRDA:596,74,0,0
BRDA:596,74,1,0
BRDA:599,75,0,0
BRDA:599,75,1,0
BRDA:615,76,0,0
BRDA:615,76,1,0
BRDA:618,77,0,0
BRDA:618,77,1,0
BRDA:618,78,0,0
BRDA:618,78,1,0
BRDA:627,79,0,0
BRDA:627,79,1,0
BRDA:633,80,0,0
BRDA:633,80,1,0
BRDA:642,81,0,0
BRDA:642,81,1,0
BRDA:654,82,0,0
BRDA:654,82,1,0
BRDA:670,83,0,0
BRDA:670,83,1,0
BRDA:676,84,0,0
BRDA:676,84,1,0
BRDA:676,85,0,0
BRDA:676,85,1,0
BRDA:682,86,0,0
BRDA:682,86,1,0
BRDA:686,87,0,0
BRDA:686,87,1,0
BRDA:692,88,0,0
BRDA:692,88,1,0
BRDA:706,89,0,0
BRDA:706,89,1,0
BRDA:720,90,0,0
BRDA:720,90,1,0
BRDA:748,91,0,0
BRDA:748,91,1,0
BRDA:750,92,0,0
BRDA:750,92,1,0
BRDA:752,93,0,0
BRDA:752,93,1,0
BRDA:754,94,0,0
BRDA:754,94,1,0
BRDA:756,95,0,0
BRDA:756,95,1,0
BRDA:764,96,0,0
BRDA:764,96,1,0
BRDA:773,97,0,0
BRDA:773,97,1,0
BRDA:779,98,0,0
BRDA:779,98,1,0
BRDA:785,99,0,0
BRDA:785,99,1,0
BRDA:789,100,0,0
BRDA:789,100,1,0
BRF:241
BRH:0
end_of_record
TN:
SF:/home/user/Docker/iris/src/js/services/core/reducer.js
FN:5,reducer
FNF:1
FNH:1
FNDA:3,reducer
DA:6,3
DA:8,0
DA:11,0
DA:18,0
DA:25,0
DA:32,0
DA:35,0
DA:39,0
DA:40,0
DA:42,0
DA:43,0
DA:50,0
DA:56,0
DA:59,0
DA:60,0
DA:70,0
DA:71,0
DA:72,0
DA:74,0
DA:77,0
DA:78,0
DA:79,0
DA:81,0
DA:84,0
DA:85,0
DA:86,0
DA:88,0
DA:91,0
DA:92,0
DA:93,0
DA:95,0
DA:98,0
DA:99,0
DA:100,0
DA:102,0
DA:106,0
DA:107,0
DA:108,0
DA:109,0
DA:112,0
DA:119,0
DA:120,0
DA:124,0
DA:125,0
DA:126,0
DA:127,0
DA:130,0
DA:132,0
DA:139,0
DA:140,0
DA:148,0
DA:151,0
DA:152,0
DA:158,0
DA:161,0
DA:162,0
DA:164,0
DA:172,0
DA:173,0
DA:175,0
DA:176,0
DA:179,0
DA:180,0
DA:182,0
DA:185,0
DA:187,0
DA:199,0
DA:202,0
DA:216,0
DA:229,0
DA:230,0
DA:232,0
DA:234,0
DA:237,0
DA:238,0
DA:239,0
DA:243,0
DA:244,0
DA:246,0
DA:248,0
DA:251,0
DA:252,0
DA:253,0
DA:257,0
DA:258,0
DA:260,0
DA:262,0
DA:265,0
DA:266,0
DA:267,0
DA:271,0
DA:272,0
DA:274,0
DA:276,0
DA:279,0
DA:280,0
DA:281,0
DA:283,0
DA:299,3
LF:99
LH:2
BRDA:5,0,0,2
BRDA:6,1,0,0
BRDA:6,1,1,0
BRDA:6,1,2,0
BRDA:6,1,3,0
BRDA:6,1,4,0
BRDA:6,1,5,0
BRDA:6,1,6,0
BRDA:6,1,7,0
BRDA:6,1,8,0
BRDA:6,1,9,0
BRDA:6,1,10,0
BRDA:6,1,11,0
BRDA:6,1,12,0
BRDA:6,1,13,0
BRDA:6,1,14,0
BRDA:6,1,15,0
BRDA:6,1,16,0
BRDA:6,1,17,0
BRDA:6,1,18,0
BRDA:6,1,19,0
BRDA:6,1,20,0
BRDA:6,1,21,0
BRDA:6,1,22,0
BRDA:6,1,23,0
BRDA:6,1,24,0
BRDA:6,1,25,0
BRDA:6,1,26,0
BRDA:6,1,27,3
BRDA:42,2,0,0
BRDA:42,2,1,0
BRDA:108,3,0,0
BRDA:108,3,1,0
BRDA:126,4,0,0
BRDA:126,4,1,0
BRDA:126,5,0,0
BRDA:126,5,1,0
BRDA:151,6,0,0
BRDA:151,6,1,0
BRDA:179,7,0,0
BRDA:179,7,1,0
BRDA:205,8,0,0
BRDA:205,8,1,0
BRDA:229,9,0,0
BRDA:229,9,1,0
BRDA:229,10,0,0
BRDA:229,10,1,0
BRDA:234,11,0,0
BRDA:234,11,1,0
BRDA:237,12,0,0
BRDA:237,12,1,0
BRDA:238,13,0,0
BRDA:238,13,1,0
BRDA:238,14,0,0
BRDA:238,14,1,0
BRDA:243,15,0,0
BRDA:243,15,1,0
BRDA:243,16,0,0
BRDA:243,16,1,0
BRDA:248,17,0,0
BRDA:248,17,1,0
BRDA:251,18,0,0
BRDA:251,18,1,0
BRDA:252,19,0,0
BRDA:252,19,1,0
BRDA:252,20,0,0
BRDA:252,20,1,0
BRDA:257,21,0,0
BRDA:257,21,1,0
BRDA:257,22,0,0
BRDA:257,22,1,0
BRDA:262,23,0,0
BRDA:262,23,1,0
BRDA:265,24,0,0
BRDA:265,24,1,0
BRDA:266,25,0,0
BRDA:266,25,1,0
BRDA:266,26,0,0
BRDA:266,26,1,0
BRDA:271,27,0,0
BRDA:271,27,1,0
BRDA:271,28,0,0
BRDA:271,28,1,0
BRDA:276,29,0,0
BRDA:276,29,1,0
BRDA:279,30,0,0
BRDA:279,30,1,0
BRDA:280,31,0,0
BRDA:280,31,1,0
BRDA:280,32,0,0
BRDA:280,32,1,0
BRF:91
BRH:2
end_of_record
TN:
SF:/home/user/Docker/iris/src/js/services/discogs/actions.js
FN:14,(anonymous_0)
FN:14,(anonymous_1)
FN:33,status
FN:45,(anonymous_3)
FN:46,(anonymous_4)
FN:49,(anonymous_5)
FN:54,getArtistImages
FN:55,(anonymous_7)
FN:58,(anonymous_8)
FN:71,(anonymous_9)
FNF:10
FNH:0
FNDA:0,(anonymous_0)
FNDA:0,(anonymous_1)
FNDA:0,status
FNDA:0,(anonymous_3)
FNDA:0,(anonymous_4)
FNDA:0,(anonymous_5)
FNDA:0,getArtistImages
FNDA:0,(anonymous_7)
FNDA:0,(anonymous_8)
FNDA:0,(anonymous_9)
DA:4,1
DA:5,1
DA:14,1
DA:16,0
DA:17,0
DA:18,0
DA:20,0
DA:21,0
DA:23,0
DA:34,0
DA:36,0
DA:37,0
DA:39,0
DA:43,0
DA:45,0
DA:47,0
DA:50,0
DA:55,0
DA:56,0
DA:59,0
DA:60,0
DA:61,0
DA:65,0
DA:67,0
DA:72,0
LF:25
LH:3
BRDA:36,0,0,0
BRDA:36,0,1,0
BRDA:36,1,0,0
BRDA:36,1,1,0
BRDA:59,2,0,0
BRDA:59,2,1,0
BRDA:60,3,0,0
BRDA:60,3,1,0
BRDA:60,4,0,0
BRDA:60,4,1,0
BRF:10
BRH:0
end_of_record
TN:
SF:/home/user/Docker/iris/src/js/services/genius/actions.js
FN:7,set
FN:24,(anonymous_1)
FN:24,(anonymous_2)
FN:59,status
FN:70,(anonymous_4)
FN:71,(anonymous_5)
FN:87,(anonymous_6)
FN:97,authorizationGranted
FN:104,revokeAuthorization
FN:110,importAuthorization
FN:121,getMe
FN:122,(anonymous_11)
FN:125,(anonymous_12)
FN:131,(anonymous_13)
FN:148,getTrackLyrics
FN:149,(anonymous_15)
FN:166,status
FN:177,(anonymous_17)
FN:178,(anonymous_18)
FN:184,(anonymous_19)
FN:203,(anonymous_20)
FN:212,findTrackLyrics
FN:213,(anonymous_22)
FN:225,(anonymous_23)
FN:245,(anonymous_24)
FNF:25
FNH:0
FNDA:0,set
FNDA:0,(anonymous_1)
FNDA:0,(anonymous_2)
FNDA:0,status
FNDA:0,(anonymous_4)
FNDA:0,(anonymous_5)
FNDA:0,(anonymous_6)
FNDA:0,authorizationGranted
FNDA:0,revokeAuthorization
FNDA:0,importAuthorization
FNDA:0,getMe
FNDA:0,(anonymous_11)
FNDA:0,(anonymous_12)
FNDA:0,(anonymous_13)
FNDA:0,getTrackLyrics
FNDA:0,(anonymous_15)
FNDA:0,status
FNDA:0,(anonymous_17)
FNDA:0,(anonymous_18)
FNDA:0,(anonymous_19)
FNDA:0,(anonymous_20)
FNDA:0,findTrackLyrics
FNDA:0,(anonymous_22)
FNDA:0,(anonymous_23)
FNDA:0,(anonymous_24)
DA:4,1
DA:5,1
DA:8,0
DA:24,1
DA:25,0
DA:26,0
DA:28,0
DA:29,0
DA:30,0
DA:34,0
DA:35,0
DA:39,0
DA:47,0
DA:48,0
DA:49,0
DA:51,0
DA:56,0
DA:57,0
DA:60,0
DA:62,0
DA:63,0
DA:65,0
DA:68,0
DA:70,0
DA:75,0
DA:76,0
DA:77,0
DA:79,0
DA:88,0
DA:98,0
DA:105,0
DA:111,0
DA:122,0
DA:123,0
DA:126,0
DA:132,0
DA:149,0
DA:150,0
DA:156,0
DA:157,0
DA:163,0
DA:164,0
DA:167,0
DA:169,0
DA:170,0
DA:172,0
DA:175,0
DA:177,0
DA:179,0
DA:180,0
DA:181,0
DA:182,0
DA:183,0
DA:184,0
DA:186,0
DA:187,0
DA:188,0
DA:190,0
DA:197,0
DA:204,0
DA:213,0
DA:214,0
DA:215,0
DA:216,0
DA:217,0
DA:218,0
DA:219,0
DA:220,0
DA:221,0
DA:223,0
DA:226,0
DA:227,0
DA:228,0
DA:229,0
DA:235,0
DA:241,0
DA:242,0
DA:246,0
LF:78
LH:3
BRDA:24,0,0,0
BRDA:24,1,0,0
BRDA:25,2,0,0
BRDA:25,2,1,0
BRDA:25,3,0,0
BRDA:25,3,1,0
BRDA:29,4,0,0
BRDA:29,4,1,0
BRDA:34,5,0,0
BRDA:34,5,1,0
BRDA:47,6,0,0
BRDA:47,6,1,0
BRDA:48,7,0,0
BRDA:48,7,1,0
BRDA:62,8,0,0
BRDA:62,8,1,0
BRDA:62,9,0,0
BRDA:62,9,1,0
BRDA:76,10,0,0
BRDA:76,10,1,0
BRDA:76,11,0,0
BRDA:76,11,1,0
BRDA:76,11,2,0
BRDA:169,12,0,0
BRDA:169,12,1,0
BRDA:169,13,0,0
BRDA:169,13,1,0
BRDA:179,14,0,0
BRDA:179,14,1,0
BRDA:182,15,0,0
BRDA:182,15,1,0
BRDA:212,16,0,0
BRDA:214,17,0,0
BRDA:214,17,1,0
BRDA:226,18,0,0
BRDA:226,18,1,0
BRDA:226,19,0,0
BRDA:226,19,1,0
BRF:38
BRH:0
end_of_record
TN:
SF:/home/user/Docker/iris/src/js/services/genius/middleware.js
FN:6,(anonymous_0)
FN:7,(anonymous_1)
FN:7,(anonymous_2)
FN:7,(anonymous_3)
FN:45,(anonymous_4)
FNF:5
FNH:3
FNDA:1,(anonymous_0)
FNDA:1,(anonymous_1)
FNDA:1,(anonymous_2)
FNDA:0,(anonymous_3)
FNDA:0,(anonymous_4)
DA:3,1
DA:4,1
DA:6,1
DA:7,1
DA:8,0
DA:10,0
DA:12,0
DA:13,0
DA:20,0
DA:24,0
DA:25,0
DA:26,0
DA:29,0
DA:30,0
DA:36,0
DA:37,0
DA:38,0
DA:39,0
DA:45,0
DA:47,0
DA:48,0
DA:53,0
LF:22
LH:4
BRDA:10,0,0,0
BRDA:10,0,1,0
BRDA:10,0,2,0
BRDA:10,0,3,0
BRF:4
BRH:0
end_of_record
TN:
SF:/home/user/Docker/iris/src/js/services/genius/reducer.js
FN:2,reducer
FNF:1
FNH:1
FNDA:3,reducer
DA:3,3
DA:5,0
DA:8,0
DA:11,0
DA:20,0
DA:30,0
DA:40,3
LF:7
LH:2
BRDA:2,0,0,2
BRDA:3,1,0,0
BRDA:3,1,1,0
BRDA:3,1,2,0
BRDA:3,1,3,0
BRDA:3,1,4,0
BRDA:3,1,5,3
BRF:7
BRH:2
end_of_record
TN:
SF:/home/user/Docker/iris/src/js/services/google/actions.js
FN:2,set
FN:9,getLibraryArtists
FN:15,clearLibraryArtists
FN:21,getLibraryAlbums
FN:27,clearLibraryAlbums
FNF:5
FNH:0
FNDA:0,set
FNDA:0,getLibraryArtists
FNDA:0,clearLibraryArtists
FNDA:0,getLibraryAlbums
FNDA:0,clearLibraryAlbums
DA:3,0
DA:10,0
DA:16,0
DA:22,0
DA:28,0
LF:5
LH:0
BRF:0
BRH:0
end_of_record
TN:
SF:/home/user/Docker/iris/src/js/services/google/middleware.js
FN:9,(anonymous_0)
FN:11,(anonymous_1)
FN:22,(anonymous_2)
FN:22,(anonymous_3)
FN:22,(anonymous_4)
FN:36,(anonymous_5)
FN:103,(anonymous_6)
FN:123,(anonymous_7)
FNF:8
FNH:3
FNDA:1,(anonymous_0)
FNDA:0,(anonymous_1)
FNDA:1,(anonymous_2)
FNDA:1,(anonymous_3)
FNDA:0,(anonymous_4)
FNDA:0,(anonymous_5)
FNDA:0,(anonymous_6)
FNDA:0,(anonymous_7)
DA:5,1
DA:6,1
DA:7,1
DA:9,1
DA:11,1
DA:12,0
DA:22,1
DA:23,0
DA:25,0
DA:27,0
DA:29,0
DA:30,0
DA:37,0
DA:38,0
DA:41,0
DA:42,0
DA:48,0
DA:59,0
DA:60,0
DA:61,0
DA:65,0
DA:68,0
DA:69,0
DA:71,0
DA:72,0
DA:73,0
DA:77,0
DA:78,0
DA:80,0
DA:81,0
DA:89,0
DA:91,0
DA:94,0
DA:97,0
DA:104,0
DA:105,0
DA:108,0
DA:109,0
DA:112,0
DA:113,0
DA:116,0
DA:118,0
DA:124,0
DA:130,0
DA:135,0
LF:45
LH:6
BRDA:11,0,0,0
BRDA:11,1,0,0
BRDA:11,2,0,0
BRDA:25,3,0,0
BRDA:25,3,1,0
BRDA:25,3,2,0
BRDA:25,3,3,0
BRDA:29,4,0,0
BRDA:29,4,1,0
BRDA:37,5,0,0
BRDA:37,5,1,0
BRDA:59,6,0,0
BRDA:59,6,1,0
BRDA:61,7,0,0
BRDA:61,7,1,0
BRDA:68,8,0,0
BRDA:68,8,1,0
BRDA:71,9,0,0
BRDA:71,9,1,0
BRDA:80,10,0,0
BRDA:80,10,1,0
BRDA:104,11,0,0
BRDA:104,11,1,0
BRF:23
BRH:0
end_of_record
TN:
SF:/home/user/Docker/iris/src/js/services/google/reducer.js
FN:4,reducer
FNF:1
FNH:1
FNDA:3,reducer
DA:5,3
DA:7,0
DA:10,0
DA:11,0
DA:13,0
DA:15,0
DA:18,0
DA:21,0
DA:22,0
DA:24,0
DA:26,0
DA:29,0
DA:32,3
LF:13
LH:2
BRDA:4,0,0,2
BRDA:5,1,0,0
BRDA:5,1,1,0
BRDA:5,1,2,0
BRDA:5,1,3,0
BRDA:5,1,4,0
BRDA:5,1,5,3
BRDA:10,2,0,0
BRDA:10,2,1,0
BRDA:21,3,0,0
BRDA:21,3,1,0
BRF:11
BRH:2
end_of_record
TN:
SF:/home/user/Docker/iris/src/js/services/lastfm/actions.js
FN:8,set
FN:23,(anonymous_1)
FN:23,(anonymous_2)
FN:44,status
FN:55,(anonymous_4)
FN:56,(anonymous_5)
FN:59,(anonymous_6)
FN:72,(anonymous_7)
FN:72,(anonymous_8)
FN:95,status
FN:106,(anonymous_10)
FN:107,(anonymous_11)
FN:111,(anonymous_12)
FN:112,(anonymous_13)
FN:115,(anonymous_14)
FN:125,authorizationGranted
FN:133,revokeAuthorization
FN:139,importAuthorization
FN:151,getMe
FN:152,(anonymous_19)
FN:156,(anonymous_20)
FN:164,(anonymous_21)
FN:174,getTrack
FN:175,(anonymous_23)
FN:203,(anonymous_24)
FN:214,(anonymous_25)
FN:221,getArtist
FN:222,(anonymous_27)
FN:232,(anonymous_28)
FN:246,(anonymous_29)
FN:253,getAlbum
FN:254,(anonymous_31)
FN:264,(anonymous_32)
FN:287,(anonymous_33)
FN:295,getImages
FN:296,(anonymous_35)
FN:316,(anonymous_36)
FN:342,(anonymous_37)
FN:363,loveTrack
FN:364,(anonymous_39)
FN:388,(anonymous_40)
FN:403,unloveTrack
FN:404,(anonymous_42)
FN:428,(anonymous_43)
FN:448,scrobble
FN:449,(anonymous_45)
FN:463,(anonymous_46)
FN:466,(anonymous_47)
FNF:48
FNH:0
FNDA:0,set
FNDA:0,(anonymous_1)
FNDA:0,(anonymous_2)
FNDA:0,status
FNDA:0,(anonymous_4)
FNDA:0,(anonymous_5)
FNDA:0,(anonymous_6)
FNDA:0,(anonymous_7)
FNDA:0,(anonymous_8)
FNDA:0,status
FNDA:0,(anonymous_10)
FNDA:0,(anonymous_11)
FNDA:0,(anonymous_12)
FNDA:0,(anonymous_13)
FNDA:0,(anonymous_14)
FNDA:0,authorizationGranted
FNDA:0,revokeAuthorization
FNDA:0,importAuthorization
FNDA:0,getMe
FNDA:0,(anonymous_19)
FNDA:0,(anonymous_20)
FNDA:0,(anonymous_21)
FNDA:0,getTrack
FNDA:0,(anonymous_23)
FNDA:0,(anonymous_24)
FNDA:0,(anonymous_25)
FNDA:0,getArtist
FNDA:0,(anonymous_27)
FNDA:0,(anonymous_28)
FNDA:0,(anonymous_29)
FNDA:0,getAlbum
FNDA:0,(anonymous_31)
FNDA:0,(anonymous_32)
FNDA:0,(anonymous_33)
FNDA:0,getImages
FNDA:0,(anonymous_35)
FNDA:0,(anonymous_36)
FNDA:0,(anonymous_37)
FNDA:0,loveTrack
FNDA:0,(anonymous_39)
FNDA:0,(anonymous_40)
FNDA:0,unloveTrack
FNDA:0,(anonymous_42)
FNDA:0,(anonymous_43)
FNDA:0,scrobble
FNDA:0,(anonymous_45)
FNDA:0,(anonymous_46)
FNDA:0,(anonymous_47)
DA:5,1
DA:6,1
DA:9,0
DA:23,1
DA:24,0
DA:25,0
DA:26,0
DA:27,0
DA:30,0
DA:31,0
DA:33,0
DA:36,0
DA:41,0
DA:42,0
DA:45,0
DA:47,0
DA:48,0
DA:50,0
DA:53,0
DA:55,0
DA:57,0
DA:60,0
DA:72,1
DA:74,0
DA:75,0
DA:81,0
DA:82,0
DA:83,0
DA:85,0
DA:87,0
DA:88,0
DA:90,0
DA:96,0
DA:98,0
DA:99,0
DA:101,0
DA:104,0
DA:106,0
DA:109,0
DA:111,0
DA:112,0
DA:116,0
DA:126,0
DA:127,0
DA:134,0
DA:140,0
DA:152,0
DA:153,0
DA:154,0
DA:157,0
DA:158,0
DA:165,0
DA:175,0
DA:176,0
DA:177,0
DA:178,0
DA:179,0
DA:184,0
DA:187,0
DA:192,0
DA:195,0
DA:196,0
DA:197,0
DA:198,0
DA:199,0
DA:201,0
DA:204,0
DA:205,0
DA:211,0
DA:215,0
DA:222,0
DA:223,0
DA:224,0
DA:226,0
DA:227,0
DA:228,0
DA:230,0
DA:233,0
DA:234,0
DA:243,0
DA:247,0
DA:254,0
DA:255,0
DA:256,0
DA:258,0
DA:259,0
DA:260,0
DA:262,0
DA:265,0
DA:266,0
DA:267,0
DA:280,0
DA:281,0
DA:284,0
DA:288,0
DA:296,0
DA:297,0
DA:298,0
DA:299,0
DA:302,0
DA:303,0
DA:305,0
DA:306,0
DA:307,0
DA:308,0
DA:309,0
DA:313,0
DA:314,0
DA:317,0
DA:318,0
DA:319,0
DA:324,0
DA:328,0
DA:329,0
DA:331,0
DA:332,0
DA:333,0
DA:334,0
DA:335,0
DA:339,0
DA:340,0
DA:343,0
DA:344,0
DA:349,0
DA:352,0
DA:364,0
DA:365,0
DA:366,0
DA:367,0
DA:368,0
DA:373,0
DA:376,0
DA:381,0
DA:384,0
DA:385,0
DA:386,0
DA:389,0
DA:394,0
DA:404,0
DA:405,0
DA:406,0
DA:407,0
DA:408,0
DA:413,0
DA:416,0
DA:421,0
DA:424,0
DA:425,0
DA:426,0
DA:429,0
DA:434,0
DA:449,0
DA:450,0
DA:451,0
DA:452,0
DA:453,0
DA:455,0
DA:457,0
DA:458,0
DA:459,0
DA:461,0
DA:464,0
DA:467,0
LF:163
LH:4
BRDA:23,0,0,0
BRDA:30,1,0,0
BRDA:30,1,1,0
BRDA:47,2,0,0
BRDA:47,2,1,0
BRDA:47,3,0,0
BRDA:47,3,1,0
BRDA:74,4,0,0
BRDA:74,4,1,0
BRDA:98,5,0,0
BRDA:98,5,1,0
BRDA:98,6,0,0
BRDA:98,6,1,0
BRDA:157,7,0,0
BRDA:157,7,1,0
BRDA:176,8,0,0
BRDA:176,8,1,0
BRDA:178,9,0,0
BRDA:178,9,1,0
BRDA:198,10,0,0
BRDA:198,10,1,0
BRDA:204,11,0,0
BRDA:204,11,1,0
BRDA:221,12,0,0
BRDA:223,13,0,0
BRDA:223,13,1,0
BRDA:233,14,0,0
BRDA:233,14,1,0
BRDA:253,15,0,0
BRDA:255,16,0,0
BRDA:255,16,1,0
BRDA:265,17,0,0
BRDA:265,17,1,0
BRDA:273,18,0,0
BRDA:273,18,1,0
BRDA:274,19,0,0
BRDA:274,19,1,0
BRDA:280,20,0,0
BRDA:280,20,1,0
BRDA:280,21,0,0
BRDA:280,21,1,0
BRDA:298,22,0,0
BRDA:298,22,1,0
BRDA:299,23,0,0
BRDA:299,23,1,0
BRDA:299,23,2,0
BRDA:302,24,0,0
BRDA:302,24,1,0
BRDA:306,25,0,0
BRDA:306,25,1,0
BRDA:306,26,0,0
BRDA:306,26,1,0
BRDA:306,26,2,0
BRDA:313,27,0,0
BRDA:313,27,1,0
BRDA:317,28,0,0
BRDA:317,28,1,0
BRDA:328,29,0,0
BRDA:328,29,1,0
BRDA:332,30,0,0
BRDA:332,30,1,0
BRDA:332,31,0,0
BRDA:332,31,1,0
BRDA:339,32,0,0
BRDA:339,32,1,0
BRDA:343,33,0,0
BRDA:343,33,1,0
BRDA:365,34,0,0
BRDA:365,34,1,0
BRDA:367,35,0,0
BRDA:367,35,1,0
BRDA:405,36,0,0
BRDA:405,36,1,0
BRDA:407,37,0,0
BRDA:407,37,1,0
BRDA:452,38,0,0
BRDA:452,38,1,0
BRDA:470,39,0,0
BRDA:470,39,1,0
BRF:79
BRH:0
end_of_record
TN:
SF:/home/user/Docker/iris/src/js/services/lastfm/middleware.js
FN:8,(anonymous_0)
FN:9,(anonymous_1)
FN:9,(anonymous_2)
FN:9,(anonymous_3)
FN:28,(anonymous_4)
FNF:5
FNH:3
FNDA:1,(anonymous_0)
FNDA:1,(anonymous_1)
FNDA:1,(anonymous_2)
FNDA:0,(anonymous_3)
FNDA:0,(anonymous_4)
DA:4,1
DA:5,1
DA:6,1
DA:8,1
DA:9,1
DA:10,0
DA:12,0
DA:13,0
DA:19,0
DA:20,0
DA:21,0
DA:22,0
DA:28,0
DA:30,0
DA:31,0
DA:34,0
DA:35,0
DA:38,0
DA:51,0
DA:52,0
DA:55,0
LF:21
LH:5
BRDA:10,0,0,0
BRDA:10,0,1,0
BRDA:10,0,2,0
BRDA:10,0,3,0
BRDA:34,1,0,0
BRDA:34,1,1,0
BRF:6
BRH:0
end_of_record
TN:
SF:/home/user/Docker/iris/src/js/services/lastfm/reducer.js
FN:2,reducer
FNF:1
FNH:1
FNDA:3,reducer
DA:3,3
DA:6,0
DA:9,0
DA:12,0
DA:15,0
DA:18,0
DA:25,0
DA:33,0
DA:41,3
LF:9
LH:2
BRDA:2,0,0,2
BRDA:3,1,0,0
BRDA:3,1,1,0
BRDA:3,1,2,0
BRDA:3,1,3,0
BRDA:3,1,4,0
BRDA:3,1,5,0
BRDA:3,1,6,0
BRDA:3,1,7,0
BRDA:3,1,8,3
BRF:10
BRH:2
end_of_record
TN:
SF:/home/user/Docker/iris/src/js/services/localstorage/middleware.js
FN:4,(anonymous_0)
FN:5,(anonymous_1)
FN:5,(anonymous_2)
FN:5,(anonymous_3)
FNF:4
FNH:3
FNDA:1,(anonymous_0)
FNDA:1,(anonymous_1)
FNDA:1,(anonymous_2)
FNDA:0,(anonymous_3)
DA:4,1
DA:5,1
DA:8,0
DA:11,0
DA:14,0
DA:15,0
DA:21,0
DA:22,0
DA:26,0
DA:28,0
DA:34,0
DA:37,0
DA:43,0
DA:46,0
DA:52,0
DA:55,0
DA:61,0
DA:64,0
DA:70,0
DA:73,0
DA:74,0
DA:75,0
DA:76,0
DA:78,0
DA:87,0
DA:90,0
DA:100,0
DA:103,0
DA:113,0
DA:116,0
DA:124,0
DA:127,0
DA:133,0
DA:136,0
DA:142,0
DA:145,0
DA:151,0
DA:154,0
DA:161,0
DA:164,0
DA:171,0
DA:174,0
DA:180,0
DA:183,0
DA:191,0
DA:194,0
DA:203,0
DA:206,0
DA:215,0
DA:218,0
DA:222,0
DA:225,0
DA:229,0
DA:232,0
DA:236,0
DA:239,0
DA:243,0
DA:246,0
DA:250,0
DA:253,0
DA:259,0
DA:262,0
DA:263,0
DA:264,0
DA:266,0
DA:269,0
DA:271,0
DA:277,0
DA:307,0
LF:69
LH:2
BRDA:14,0,0,0
BRDA:14,0,1,0
BRDA:21,1,0,0
BRDA:21,1,1,0
BRDA:26,2,0,0
BRDA:26,2,1,0
BRDA:26,2,2,0
BRDA:26,2,3,0
BRDA:26,2,4,0
BRDA:26,2,5,0
BRDA:26,2,6,0
BRDA:26,2,7,0
BRDA:26,2,8,0
BRDA:26,2,9,0
BRDA:26,2,10,0
BRDA:26,2,11,0
BRDA:26,2,12,0
BRDA:26,2,13,0
BRDA:26,2,14,0
BRDA:26,2,15,0
BRDA:26,2,16,0
BRDA:26,2,17,0
BRDA:26,2,18,0
BRDA:26,2,19,0
BRDA:26,2,20,0
BRDA:26,2,21,0
BRDA:26,2,22,0
BRDA:26,2,23,0
BRDA:26,2,24,0
BRDA:26,2,25,0
BRDA:73,3,0,0
BRDA:73,3,1,0
BRDA:75,4,0,0
BRDA:75,4,1,0
BRDA:263,5,0,0
BRDA:263,5,1,0
BRF:36
BRH:0
end_of_record
TN:
SF:/home/user/Docker/iris/src/js/services/mopidy/actions.js
FN:5,set
FN:12,updateServer
FN:19,updateServers
FN:26,addServer
FN:39,setCurrentServer
FN:46,removeServer
FN:53,setConnection
FN:60,request
FN:70,connect
FN:76,connecting
FN:82,disconnect
FN:88,debug
FN:96,restartStarted
FN:102,restartFinished
FN:108,upgradeStarted
FN:114,upgradeFinished
FN:120,localScanStarted
FN:126,localScanFinished
FN:136,getPlayState
FN:142,play
FN:148,pause
FN:154,stop
FN:160,next
FN:166,previous
FN:172,getMute
FN:178,setMute
FN:185,getVolume
FN:191,setVolume
FN:198,getConsume
FN:204,setConsume
FN:211,getRepeat
FN:217,setRepeat
FN:224,getRandom
FN:230,setRandom
FN:237,getTimePosition
FN:243,setTimePosition
FN:250,timePosition
FN:257,getUriSchemes
FN:268,getCurrentTrack
FN:274,currentTrackLoaded
FN:281,getNextTrack
FN:287,clearCurrentTrack
FN:293,getQueue
FN:299,changeTrack
FN:310,playURIs
FN:319,playAlbum
FN:326,playPlaylist
FN:334,enqueueURIs
FN:345,enqueueAlbum
FN:354,enqueuePlaylist
FN:363,enqueueURIsBatchDone
FN:374,removeTracks
FN:381,reorderTracklist
FN:392,clearTracklist
FN:398,shuffleTracklist
FN:409,getImages
FN:417,createPlaylist
FN:425,deletePlaylist
FN:432,getLibraryPlaylists
FN:436,getPlaylist
FN:443,getPlaylists
FN:451,getDirectory
FN:458,getTracks
FN:466,getTrack
FN:470,getLibraryArtists
FN:477,clearLibraryArtists
FN:483,getArtist
FN:490,getArtists
FN:498,getAlbum
FN:505,getAlbums
FN:513,getLibraryAlbums
FN:520,clearLibraryAlbums
FN:526,runProcessor
FN:532,cancelProcessor
FN:538,view_getRandomTracks
FN:550,clearSearchResults
FN:556,getSearchResults
FN:569,getQueueHistory
FNF:78
FNH:0
FNDA:0,set
FNDA:0,updateServer
FNDA:0,updateServers
FNDA:0,addServer
FNDA:0,setCurrentServer
FNDA:0,removeServer
FNDA:0,setConnection
FNDA:0,request
FNDA:0,connect
FNDA:0,connecting
FNDA:0,disconnect
FNDA:0,debug
FNDA:0,restartStarted
FNDA:0,restartFinished
FNDA:0,upgradeStarted
FNDA:0,upgradeFinished
FNDA:0,localScanStarted
FNDA:0,localScanFinished
FNDA:0,getPlayState
FNDA:0,play
FNDA:0,pause
FNDA:0,stop
FNDA:0,next
FNDA:0,previous
FNDA:0,getMute
FNDA:0,setMute
FNDA:0,getVolume
FNDA:0,setVolume
FNDA:0,getConsume
FNDA:0,setConsume
FNDA:0,getRepeat
FNDA:0,setRepeat
FNDA:0,getRandom
FNDA:0,setRandom
FNDA:0,getTimePosition
FNDA:0,setTimePosition
FNDA:0,timePosition
FNDA:0,getUriSchemes
FNDA:0,getCurrentTrack
FNDA:0,currentTrackLoaded
FNDA:0,getNextTrack
FNDA:0,clearCurrentTrack
FNDA:0,getQueue
FNDA:0,changeTrack
FNDA:0,playURIs
FNDA:0,playAlbum
FNDA:0,playPlaylist
FNDA:0,enqueueURIs
FNDA:0,enqueueAlbum
FNDA:0,enqueuePlaylist
FNDA:0,enqueueURIsBatchDone
FNDA:0,removeTracks
FNDA:0,reorderTracklist
FNDA:0,clearTracklist
FNDA:0,shuffleTracklist
FNDA:0,getImages
FNDA:0,createPlaylist
FNDA:0,deletePlaylist
FNDA:0,getLibraryPlaylists
FNDA:0,getPlaylist
FNDA:0,getPlaylists
FNDA:0,getDirectory
FNDA:0,getTracks
FNDA:0,getTrack
FNDA:0,getLibraryArtists
FNDA:0,clearLibraryArtists
FNDA:0,getArtist
FNDA:0,getArtists
FNDA:0,getAlbum
FNDA:0,getAlbums
FNDA:0,getLibraryAlbums
FNDA:0,clearLibraryAlbums
FNDA:0,runProcessor
FNDA:0,cancelProcessor
FNDA:0,view_getRandomTracks
FNDA:0,clearSearchResults
FNDA:0,getSearchResults
FNDA:0,getQueueHistory
DA:6,0
DA:13,0
DA:20,0
DA:27,0
DA:40,0
DA:47,0
DA:54,0
DA:61,0
DA:71,0
DA:77,0
DA:83,0
DA:89,0
DA:97,0
DA:103,0
DA:109,0
DA:115,0
DA:121,0
DA:127,0
DA:137,0
DA:143,0
DA:149,0
DA:155,0
DA:161,0
DA:167,0
DA:173,0
DA:179,0
DA:186,0
DA:192,0
DA:199,0
DA:205,0
DA:212,0
DA:218,0
DA:225,0
DA:231,0
DA:238,0
DA:244,0
DA:251,0
DA:258,0
DA:269,0
DA:275,0
DA:282,0
DA:288,0
DA:294,0
DA:300,0
DA:311,0
DA:320,0
DA:327,0
DA:335,0
DA:346,0
DA:355,0
DA:364,0
DA:375,0
DA:382,0
DA:383,0
DA:384,0
DA:393,0
DA:399,0
DA:410,0
DA:418,0
DA:426,0
DA:433,0
DA:437,0
DA:444,0
DA:452,0
DA:459,0
DA:467,0
DA:471,0
DA:478,0
DA:484,0
DA:491,0
DA:499,0
DA:506,0
DA:514,0
DA:521,0
DA:527,0
DA:533,0
DA:539,0
DA:551,0
DA:557,0
DA:570,0
LF:80
LH:0
BRDA:33,0,0,0
BRDA:33,0,1,0
BRDA:33,1,0,0
BRDA:33,1,1,0
BRDA:60,2,0,0
BRDA:60,3,0,0
BRDA:60,4,0,0
BRDA:310,5,0,0
BRDA:310,6,0,0
BRDA:310,7,0,0
BRDA:326,8,0,0
BRDA:334,9,0,0
BRDA:334,10,0,0
BRDA:334,11,0,0
BRDA:334,12,0,0
BRDA:334,13,0,0
BRDA:345,14,0,0
BRDA:345,15,0,0
BRDA:354,16,0,0
BRDA:354,17,0,0
BRDA:383,18,0,0
BRDA:383,18,1,0
BRDA:443,19,0,0
BRDA:470,20,0,0
BRDA:490,21,0,0
BRDA:505,22,0,0
BRDA:513,23,0,0
BRDA:538,24,0,0
BRDA:556,25,0,0
BRF:29
BRH:0
end_of_record
TN:
SF:/home/user/Docker/iris/src/js/services/mopidy/middleware.js
FN:37,(anonymous_0)
FN:46,(anonymous_1)
FN:68,(anonymous_2)
FN:100,(anonymous_3)
FN:136,(anonymous_4)
FN:173,(anonymous_5)
FN:182,(anonymous_6)
FN:212,(anonymous_7)
FN:221,(anonymous_8)
FN:226,(anonymous_9)
FN:243,(anonymous_10)
FN:243,(anonymous_11)
FN:243,(anonymous_12)
FN:258,(anonymous_13)
FN:284,(anonymous_14)
FN:307,(anonymous_15)
FN:339,(anonymous_16)
FN:344,(anonymous_17)
FN:377,(anonymous_18)
FN:389,(anonymous_19)
FN:410,(anonymous_20)
FN:442,(anonymous_21)
FN:458,(anonymous_22)
FN:475,(anonymous_23)
FN:489,(anonymous_24)
FN:503,(anonymous_25)
FN:517,(anonymous_26)
FN:531,(anonymous_27)
FN:545,(anonymous_28)
FN:555,(anonymous_29)
FN:570,(anonymous_30)
FN:582,(anonymous_31)
FN:594,(anonymous_32)
FN:606,(anonymous_33)
FN:618,(anonymous_34)
FN:679,(anonymous_35)
FN:690,(anonymous_36)
FN:731,(anonymous_37)
FN:742,(anonymous_38)
FN:864,(anonymous_39)
FN:876,(anonymous_40)
FN:882,(anonymous_41)
FN:926,(anonymous_42)
FN:951,(anonymous_43)
FN:958,(anonymous_44)
FN:972,(anonymous_45)
FN:975,(anonymous_46)
FN:987,(anonymous_47)
FN:1005,(anonymous_48)
FN:1100,(anonymous_49)
FN:1114,(anonymous_50)
FN:1148,(anonymous_51)
FN:1170,(anonymous_52)
FN:1184,(anonymous_53)
FN:1227,(anonymous_54)
FN:1249,(anonymous_55)
FN:1255,(anonymous_56)
FN:1281,(anonymous_57)
FN:1303,(anonymous_58)
FN:1317,(anonymous_59)
FN:1330,(anonymous_60)
FN:1343,(anonymous_61)
FN:1359,(anonymous_62)
FN:1373,(anonymous_63)
FN:1383,(anonymous_64)
FN:1400,(anonymous_65)
FN:1434,(anonymous_66)
FN:1444,(anonymous_67)
FN:1461,(anonymous_68)
FN:1504,(anonymous_69)
FN:1513,(anonymous_70)
FN:1531,(anonymous_71)
FN:1559,(anonymous_72)
FN:1572,(anonymous_73)
FN:1601,(anonymous_74)
FN:1619,(anonymous_75)
FN:1640,(anonymous_76)
FN:1669,(anonymous_77)
FN:1675,getByURI
FN:1700,(anonymous_79)
FN:1717,(anonymous_80)
FN:1730,descending
FN:1737,(anonymous_82)
FN:1743,(anonymous_83)
FN:1758,(anonymous_84)
FN:1762,(anonymous_85)
FN:1789,(anonymous_86)
FN:1817,(anonymous_87)
FN:1829,(anonymous_88)
FN:1841,(anonymous_89)
FN:1862,(anonymous_90)
FN:1921,(anonymous_91)
FN:1965,(anonymous_92)
FN:1976,(anonymous_93)
FN:2006,(anonymous_94)
FN:2028,(anonymous_95)
FN:2106,(anonymous_96)
FN:2119,getByURI
FN:2180,(anonymous_98)
FN:2184,(anonymous_99)
FN:2196,(anonymous_100)
FN:2214,(anonymous_101)
FN:2226,(anonymous_102)
FN:2238,(anonymous_103)
FN:2277,(anonymous_104)
FN:2309,(anonymous_105)
FN:2320,(anonymous_106)
FN:2332,(anonymous_107)
FN:2339,(anonymous_108)
FN:2342,(anonymous_109)
FN:2369,(anonymous_110)
FN:2412,(anonymous_111)
FN:2422,(anonymous_112)
FN:2436,(anonymous_113)
FN:2438,(anonymous_114)
FN:2460,(anonymous_115)
FNF:116
FNH:3
FNDA:1,(anonymous_0)
FNDA:0,(anonymous_1)
FNDA:0,(anonymous_2)
FNDA:0,(anonymous_3)
FNDA:0,(anonymous_4)
FNDA:0,(anonymous_5)
FNDA:0,(anonymous_6)
FNDA:0,(anonymous_7)
FNDA:0,(anonymous_8)
FNDA:0,(anonymous_9)
FNDA:1,(anonymous_10)
FNDA:1,(anonymous_11)
FNDA:0,(anonymous_12)
FNDA:0,(anonymous_13)
FNDA:0,(anonymous_14)
FNDA:0,(anonymous_15)
FNDA:0,(anonymous_16)
FNDA:0,(anonymous_17)
FNDA:0,(anonymous_18)
FNDA:0,(anonymous_19)
FNDA:0,(anonymous_20)
FNDA:0,(anonymous_21)
FNDA:0,(anonymous_22)
FNDA:0,(anonymous_23)
FNDA:0,(anonymous_24)
FNDA:0,(anonymous_25)
FNDA:0,(anonymous_26)
FNDA:0,(anonymous_27)
FNDA:0,(anonymous_28)
FNDA:0,(anonymous_29)
FNDA:0,(anonymous_30)
FNDA:0,(anonymous_31)
FNDA:0,(anonymous_32)
FNDA:0,(anonymous_33)
FNDA:0,(anonymous_34)
FNDA:0,(anonymous_35)
FNDA:0,(anonymous_36)
FNDA:0,(anonymous_37)
FNDA:0,(anonymous_38)
FNDA:0,(anonymous_39)
FNDA:0,(anonymous_40)
FNDA:0,(anonymous_41)
FNDA:0,(anonymous_42)
FNDA:0,(anonymous_43)
FNDA:0,(anonymous_44)
FNDA:0,(anonymous_45)
FNDA:0,(anonymous_46)
FNDA:0,(anonymous_47)
FNDA:0,(anonymous_48)
FNDA:0,(anonymous_49)
FNDA:0,(anonymous_50)
FNDA:0,(anonymous_51)
FNDA:0,(anonymous_52)
FNDA:0,(anonymous_53)
FNDA:0,(anonymous_54)
FNDA:0,(anonymous_55)
FNDA:0,(anonymous_56)
FNDA:0,(anonymous_57)
FNDA:0,(anonymous_58)
FNDA:0,(anonymous_59)
FNDA:0,(anonymous_60)
FNDA:0,(anonymous_61)
FNDA:0,(anonymous_62)
FNDA:0,(anonymous_63)
FNDA:0,(anonymous_64)
FNDA:0,(anonymous_65)
FNDA:0,(anonymous_66)
FNDA:0,(anonymous_67)
FNDA:0,(anonymous_68)
FNDA:0,(anonymous_69)
FNDA:0,(anonymous_70)
FNDA:0,(anonymous_71)
FNDA:0,(anonymous_72)
FNDA:0,(anonymous_73)
FNDA:0,(anonymous_74)
FNDA:0,(anonymous_75)
FNDA:0,(anonymous_76)
FNDA:0,(anonymous_77)
FNDA:0,getByURI
FNDA:0,(anonymous_79)
FNDA:0,(anonymous_80)
FNDA:0,descending
FNDA:0,(anonymous_82)
FNDA:0,(anonymous_83)
FNDA:0,(anonymous_84)
FNDA:0,(anonymous_85)
FNDA:0,(anonymous_86)
FNDA:0,(anonymous_87)
FNDA:0,(anonymous_88)
FNDA:0,(anonymous_89)
FNDA:0,(anonymous_90)
FNDA:0,(anonymous_91)
FNDA:0,(anonymous_92)
FNDA:0,(anonymous_93)
FNDA:0,(anonymous_94)
FNDA:0,(anonymous_95)
FNDA:0,(anonymous_96)
FNDA:0,getByURI
FNDA:0,(anonymous_98)
FNDA:0,(anonymous_99)
FNDA:0,(anonymous_100)
FNDA:0,(anonymous_101)
FNDA:0,(anonymous_102)
FNDA:0,(anonymous_103)
FNDA:0,(anonymous_104)
FNDA:0,(anonymous_105)
FNDA:0,(anonymous_106)
FNDA:0,(anonymous_107)
FNDA:0,(anonymous_108)
FNDA:0,(anonymous_109)
FNDA:0,(anonymous_110)
FNDA:0,(anonymous_111)
FNDA:0,(anonymous_112)
FNDA:0,(anonymous_113)
FNDA:0,(anonymous_114)
FNDA:0,(anonymous_115)
DA:28,1
DA:29,1
DA:30,1
DA:31,1
DA:32,1
DA:33,1
DA:34,1
DA:35,1
DA:37,1
DA:39,1
DA:42,1
DA:43,1
DA:46,1
DA:48,0
DA:49,0
DA:52,0
DA:54,0
DA:56,0
DA:57,0
DA:58,0
DA:59,0
DA:60,0
DA:61,0
DA:62,0
DA:63,0
DA:64,0
DA:65,0
DA:68,0
DA:69,0
DA:71,0
DA:72,0
DA:76,0
DA:79,0
DA:83,0
DA:86,0
DA:87,0
DA:90,0
DA:91,0
DA:92,0
DA:95,0
DA:99,0
DA:101,0
DA:105,0
DA:108,0
DA:112,0
DA:113,0
DA:116,0
DA:120,0
DA:123,0
DA:124,0
DA:128,0
DA:131,0
DA:135,0
DA:137,0
DA:141,0
DA:144,0
DA:145,0
DA:148,0
DA:149,0
DA:152,0
DA:153,0
DA:154,0
DA:155,0
DA:173,1
DA:174,0
DA:175,0
DA:178,0
DA:179,0
DA:180,0
DA:182,0
DA:183,0
DA:184,0
DA:185,0
DA:187,0
DA:188,0
DA:192,0
DA:193,0
DA:199,0
DA:204,0
DA:207,0
DA:208,0
DA:211,0
DA:213,0
DA:214,0
DA:219,0
DA:222,0
DA:223,0
DA:224,0
DA:227,0
DA:228,0
DA:229,0
DA:243,1
DA:244,0
DA:246,0
DA:247,0
DA:250,0
DA:251,0
DA:253,0
DA:258,0
DA:259,0
DA:262,0
DA:263,0
DA:269,0
DA:270,0
DA:273,0
DA:274,0
DA:275,0
DA:276,0
DA:279,0
DA:280,0
DA:283,0
DA:285,0
DA:287,0
DA:290,0
DA:291,0
DA:292,0
DA:293,0
DA:296,0
DA:306,0
DA:308,0
DA:309,0
DA:313,0
DA:316,0
DA:317,0
DA:318,0
DA:319,0
DA:324,0
DA:325,0
DA:326,0
DA:327,0
DA:328,0
DA:329,0
DA:330,0
DA:331,0
DA:332,0
DA:334,0
DA:337,0
DA:340,0
DA:341,0
DA:345,0
DA:346,0
DA:348,0
DA:357,0
DA:364,0
DA:366,0
DA:367,0
DA:369,0
DA:371,0
DA:372,0
DA:375,0
DA:378,0
DA:384,0
DA:387,0
DA:390,0
DA:397,0
DA:406,0
DA:409,0
DA:411,0
DA:415,0
DA:426,0
DA:431,0
DA:433,0
DA:434,0
DA:439,0
DA:441,0
DA:443,0
DA:454,0
DA:457,0
DA:459,0
DA:461,0
DA:471,0
DA:474,0
DA:476,0
DA:485,0
DA:488,0
DA:490,0
DA:499,0
DA:502,0
DA:504,0
DA:509,0
DA:512,0
DA:513,0
DA:516,0
DA:518,0
DA:523,0
DA:526,0
DA:527,0
DA:530,0
DA:532,0
DA:537,0
DA:540,0
DA:541,0
DA:544,0
DA:546,0
DA:551,0
DA:554,0
DA:556,0
DA:565,0
DA:568,0
DA:571,0
DA:577,0
DA:580,0
DA:583,0
DA:589,0
DA:592,0
DA:595,0
DA:601,0
DA:604,0
DA:607,0
DA:613,0
DA:616,0
DA:619,0
DA:620,0
DA:623,0
DA:624,0
DA:625,0
DA:629,0
DA:630,0
DA:634,0
DA:635,0
DA:638,0
DA:639,0
DA:642,0
DA:645,0
DA:653,0
DA:656,0
DA:658,0
DA:659,0
DA:660,0
DA:664,0
DA:665,0
DA:666,0
DA:670,0
DA:671,0
DA:672,0
DA:677,0
DA:680,0
DA:681,0
DA:683,0
DA:684,0
DA:685,0
DA:687,0
DA:691,0
DA:697,0
DA:701,0
DA:704,0
DA:706,0
DA:707,0
DA:708,0
DA:709,0
DA:711,0
DA:712,0
DA:716,0
DA:717,0
DA:718,0
DA:722,0
DA:723,0
DA:724,0
DA:729,0
DA:732,0
DA:733,0
DA:735,0
DA:736,0
DA:737,0
DA:739,0
DA:743,0
DA:749,0
DA:753,0
DA:754,0
DA:755,0
DA:758,0
DA:769,0
DA:770,0
DA:771,0
DA:772,0
DA:773,0
DA:783,0
DA:784,0
DA:787,0
DA:796,0
DA:800,0
DA:803,0
DA:804,0
DA:805,0
DA:808,0
DA:809,0
DA:810,0
DA:811,0
DA:812,0
DA:813,0
DA:815,0
DA:816,0
DA:826,0
DA:827,0
DA:830,0
DA:831,0
DA:832,0
DA:834,0
DA:835,0
DA:836,0
DA:837,0
DA:838,0
DA:843,0
DA:846,0
DA:848,0
DA:849,0
DA:853,0
DA:858,0
DA:859,0
DA:862,0
DA:866,0
DA:867,0
DA:868,0
DA:870,0
DA:875,0
DA:877,0
DA:883,0
DA:890,0
DA:893,0
DA:894,0
DA:896,0
DA:897,0
DA:898,0
DA:901,0
DA:902,0
DA:906,0
DA:907,0
DA:911,0
DA:912,0
DA:916,0
DA:917,0
DA:919,0
DA:921,0
DA:924,0
DA:928,0
DA:929,0
DA:931,0
DA:932,0
DA:933,0
DA:935,0
DA:937,0
DA:944,0
DA:947,0
DA:950,0
DA:952,0
DA:959,0
DA:965,0
DA:970,0
DA:976,0
DA:982,0
DA:985,0
DA:988,0
DA:990,0
DA:1000,0
DA:1003,0
DA:1006,0
DA:1016,0
DA:1028,0
DA:1030,0
DA:1031,0
DA:1032,0
DA:1033,0
DA:1034,0
DA:1037,0
DA:1038,0
DA:1040,0
DA:1041,0
DA:1043,0
DA:1057,0
DA:1061,0
DA:1064,0
DA:1065,0
DA:1066,0
DA:1069,0
DA:1070,0
DA:1071,0
DA:1075,0
DA:1076,0
DA:1079,0
DA:1087,0
DA:1089,0
DA:1090,0
DA:1091,0
DA:1092,0
DA:1095,0
DA:1100,0
DA:1101,0
DA:1112,0
DA:1115,0
DA:1116,0
DA:1119,0
DA:1120,0
DA:1124,0
DA:1125,0
DA:1126,0
DA:1127,0
DA:1132,0
DA:1133,0
DA:1135,0
DA:1138,0
DA:1146,0
DA:1149,0
DA:1153,0
DA:1156,0
DA:1159,0
DA:1160,0
DA:1161,0
DA:1162,0
DA:1165,0
DA:1170,0
DA:1171,0
DA:1182,0
DA:1185,0
DA:1186,0
DA:1189,0
DA:1190,0
DA:1191,0
DA:1196,0
DA:1197,0
DA:1198,0
DA:1199,0
DA:1200,0
DA:1201,0
DA:1202,0
DA:1209,0
DA:1212,0
DA:1213,0
DA:1217,0
DA:1225,0
DA:1228,0
DA:1232,0
DA:1235,0
DA:1238,0
DA:1239,0
DA:1240,0
DA:1241,0
DA:1244,0
DA:1249,0
DA:1250,0
DA:1253,0
DA:1256,0
DA:1257,0
DA:1259,0
DA:1260,0
DA:1261,0
DA:1262,0
DA:1267,0
DA:1268,0
DA:1272,0
DA:1279,0
DA:1282,0
DA:1286,0
DA:1289,0
DA:1292,0
DA:1293,0
DA:1294,0
DA:1295,0
DA:1298,0
DA:1303,0
DA:1304,0
DA:1315,0
DA:1318,0
DA:1319,0
DA:1321,0
DA:1328,0
DA:1331,0
DA:1335,0
DA:1339,0
DA:1343,0
DA:1344,0
DA:1345,0
DA:1346,0
DA:1347,0
DA:1350,0
DA:1357,0
DA:1360,0
DA:1361,0
DA:1363,0
DA:1371,0
DA:1374,0
DA:1378,0
DA:1383,0
DA:1385,0
DA:1386,0
DA:1387,0
DA:1388,0
DA:1391,0
DA:1398,0
DA:1401,0
DA:1402,0
DA:1405,0
DA:1406,0
DA:1410,0
DA:1411,0
DA:1412,0
DA:1413,0
DA:1418,0
DA:1419,0
DA:1421,0
DA:1424,0
DA:1432,0
DA:1435,0
DA:1439,0
DA:1444,0
DA:1446,0
DA:1447,0
DA:1448,0
DA:1449,0
DA:1452,0
DA:1459,0
DA:1462,0
DA:1463,0
DA:1466,0
DA:1467,0
DA:1468,0
DA:1473,0
DA:1474,0
DA:1475,0
DA:1476,0
DA:1477,0
DA:1478,0
DA:1479,0
DA:1486,0
DA:1489,0
DA:1490,0
DA:1494,0
DA:1502,0
DA:1505,0
DA:1509,0
DA:1513,0
DA:1515,0
DA:1516,0
DA:1517,0
DA:1518,0
DA:1521,0
DA:1522,0
DA:1529,0
DA:1532,0
DA:1533,0
DA:1534,0
DA:1535,0
DA:1536,0
DA:1537,0
DA:1541,0
DA:1544,0
DA:1545,0
DA:1549,0
DA:1557,0
DA:1560,0
DA:1564,0
DA:1568,0
DA:1572,0
DA:1575,0
DA:1588,0
DA:1591,0
DA:1600,0
DA:1603,0
DA:1604,0
DA:1607,0
DA:1608,0
DA:1609,0
DA:1613,0
DA:1614,0
DA:1617,0
DA:1618,0
DA:1620,0
DA:1621,0
DA:1632,0
DA:1636,0
DA:1639,0
DA:1641,0
DA:1652,0
DA:1653,0
DA:1660,0
DA:1662,0
DA:1665,0
DA:1666,0
DA:1668,0
DA:1670,0
DA:1671,0
DA:1672,0
DA:1673,0
DA:1676,0
DA:1678,0
DA:1681,0
DA:1682,0
DA:1683,0
DA:1689,0
DA:1695,0
DA:1699,0
DA:1701,0
DA:1702,0
DA:1703,0
DA:1709,0
DA:1710,0
DA:1711,0
DA:1713,0
DA:1716,0
DA:1718,0
DA:1725,0
DA:1731,0
DA:1733,0
DA:1734,0
DA:1736,0
DA:1738,0
DA:1739,0
DA:1740,0
DA:1742,0
DA:1744,0
DA:1751,0
DA:1757,0
DA:1759,0
DA:1761,0
DA:1765,0
DA:1774,0
DA:1777,0
DA:1780,0
DA:1782,0
DA:1785,0
DA:1788,0
DA:1790,0
DA:1791,0
DA:1792,0
DA:1795,0
DA:1796,0
DA:1797,0
DA:1798,0
DA:1801,0
DA:1803,0
DA:1807,0
DA:1810,0
DA:1811,0
DA:1815,0
DA:1816,0
DA:1818,0
DA:1825,0
DA:1828,0
DA:1830,0
DA:1831,0
DA:1832,0
DA:1837,0
DA:1840,0
DA:1842,0
DA:1843,0
DA:1844,0
DA:1849,0
DA:1858,0
DA:1860,0
DA:1861,0
DA:1863,0
DA:1865,0
DA:1866,0
DA:1872,0
DA:1882,0
DA:1883,0
DA:1884,0
DA:1888,0
DA:1891,0
DA:1892,0
DA:1894,0
DA:1895,0
DA:1896,0
DA:1900,0
DA:1901,0
DA:1903,0
DA:1904,0
DA:1912,0
DA:1914,0
DA:1917,0
DA:1920,0
DA:1922,0
DA:1923,0
DA:1924,0
DA:1926,0
DA:1927,0
DA:1928,0
DA:1929,0
DA:1930,0
DA:1931,0
DA:1932,0
DA:1933,0
DA:1937,0
DA:1938,0
DA:1939,0
DA:1940,0
DA:1943,0
DA:1952,0
DA:1956,0
DA:1957,0
DA:1958,0
DA:1963,0
DA:1964,0
DA:1966,0
DA:1972,0
DA:1975,0
DA:1977,0
DA:1978,0
DA:1979,0
DA:1981,0
DA:1982,0
DA:1983,0
DA:1984,0
DA:1985,0
DA:1989,0
DA:1997,0
DA:1998,0
DA:2001,0
DA:2002,0
DA:2005,0
DA:2007,0
DA:2009,0
DA:2010,0
DA:2011,0
DA:2015,0
DA:2018,0
DA:2026,0
DA:2027,0
DA:2029,0
DA:2031,0
DA:2032,0
DA:2035,0
DA:2036,0
DA:2039,0
DA:2041,0
DA:2046,0
DA:2105,0
DA:2107,0
DA:2108,0
DA:2109,0
DA:2111,0
DA:2112,0
DA:2113,0
DA:2114,0
DA:2118,0
DA:2120,0
DA:2122,0
DA:2123,0
DA:2124,0
DA:2129,0
DA:2130,0
DA:2134,0
DA:2141,0
DA:2143,0
DA:2144,0
DA:2149,0
DA:2152,0
DA:2155,0
DA:2156,0
DA:2157,0
DA:2158,0
DA:2159,0
DA:2161,0
DA:2166,0
DA:2168,0
DA:2169,0
DA:2171,0
DA:2176,0
DA:2179,0
DA:2181,0
DA:2183,0
DA:2184,0
DA:2189,0
DA:2194,0
DA:2195,0
DA:2197,0
DA:2203,0
DA:2212,0
DA:2215,0
DA:2221,0
DA:2224,0
DA:2227,0
DA:2233,0
DA:2236,0
DA:2239,0
DA:2240,0
DA:2244,0
DA:2249,0
DA:2251,0
DA:2252,0
DA:2254,0
DA:2261,0
DA:2263,0
DA:2264,0
DA:2268,0
DA:2272,0
DA:2275,0
DA:2278,0
DA:2281,0
DA:2283,0
DA:2284,0
DA:2290,0
DA:2292,0
DA:2293,0
DA:2297,0
DA:2304,0
DA:2307,0
DA:2310,0
DA:2312,0
DA:2314,0
DA:2316,0
DA:2317,0
DA:2321,0
DA:2327,0
DA:2330,0
DA:2333,0
DA:2335,0
DA:2337,0
DA:2340,0
DA:2342,0
DA:2343,0
DA:2344,0
DA:2358,0
DA:2367,0
DA:2368,0
DA:2370,0
DA:2371,0
DA:2372,0
DA:2373,0
DA:2374,0
DA:2375,0
DA:2376,0
DA:2381,0
DA:2386,0
DA:2387,0
DA:2390,0
DA:2391,0
DA:2396,0
DA:2397,0
DA:2406,0
DA:2410,0
DA:2411,0
DA:2413,0
DA:2414,0
DA:2421,0
DA:2423,0
DA:2424,0
DA:2426,0
DA:2427,0
DA:2428,0
DA:2430,0
DA:2434,0
DA:2435,0
DA:2438,0
DA:2439,0
DA:2440,0
DA:2441,0
DA:2443,0
DA:2449,0
DA:2458,0
DA:2459,0
DA:2461,0
DA:2462,0
DA:2465,0
DA:2467,0
DA:2468,0
DA:2469,0
DA:2473,0
DA:2482,0
DA:2491,0
DA:2494,0
DA:2495,0
DA:2497,0
DA:2498,0
DA:2502,0
LF:864
LH:15
BRDA:48,0,0,0
BRDA:48,0,1,0
BRDA:52,1,0,0
BRDA:52,1,1,0
BRDA:52,1,2,0
BRDA:52,1,3,0
BRDA:52,1,4,0
BRDA:52,1,5,0
BRDA:52,1,6,0
BRDA:52,1,7,0
BRDA:52,1,8,0
BRDA:52,1,9,0
BRDA:52,1,10,0
BRDA:69,2,0,0
BRDA:69,2,1,0
BRDA:71,3,0,0
BRDA:71,3,1,0
BRDA:71,4,0,0
BRDA:71,4,1,0
BRDA:173,5,0,0
BRDA:174,6,0,0
BRDA:174,6,1,0
BRDA:183,7,0,0
BRDA:183,7,1,0
BRDA:192,8,0,0
BRDA:192,8,1,0
BRDA:192,9,0,0
BRDA:192,9,1,0
BRDA:244,10,0,0
BRDA:244,10,1,0
BRDA:244,10,2,0
BRDA:244,10,3,0
BRDA:244,10,4,0
BRDA:244,10,5,0
BRDA:244,10,6,0
BRDA:244,10,7,0
BRDA:244,10,8,0
BRDA:244,10,9,0
BRDA:244,10,10,0
BRDA:244,10,11,0
BRDA:244,10,12,0
BRDA:244,10,13,0
BRDA:244,10,14,0
BRDA:244,10,15,0
BRDA:244,10,16,0
BRDA:244,10,17,0
BRDA:244,10,18,0
BRDA:244,10,19,0
BRDA:244,10,20,0
BRDA:244,10,21,0
BRDA:244,10,22,0
BRDA:244,10,23,0
BRDA:244,10,24,0
BRDA:244,10,25,0
BRDA:244,10,26,0
BRDA:244,10,27,0
BRDA:244,10,28,0
BRDA:244,10,29,0
BRDA:244,10,30,0
BRDA:244,10,31,0
BRDA:244,10,32,0
BRDA:244,10,33,0
BRDA:244,10,34,0
BRDA:244,10,35,0
BRDA:244,10,36,0
BRDA:244,10,37,0
BRDA:244,10,38,0
BRDA:244,10,39,0
BRDA:244,10,40,0
BRDA:244,10,41,0
BRDA:244,10,42,0
BRDA:244,10,43,0
BRDA:244,10,44,0
BRDA:244,10,45,0
BRDA:244,10,46,0
BRDA:244,10,47,0
BRDA:244,10,48,0
BRDA:244,10,49,0
BRDA:244,10,50,0
BRDA:244,10,51,0
BRDA:244,10,52,0
BRDA:244,10,53,0
BRDA:244,10,54,0
BRDA:244,10,55,0
BRDA:244,10,56,0
BRDA:244,10,57,0
BRDA:244,10,58,0
BRDA:244,10,59,0
BRDA:244,10,60,0
BRDA:244,10,61,0
BRDA:244,10,62,0
BRDA:244,10,63,0
BRDA:244,10,64,0
BRDA:244,10,65,0
BRDA:244,10,66,0
BRDA:244,10,67,0
BRDA:244,10,68,0
BRDA:246,11,0,0
BRDA:246,11,1,0
BRDA:254,12,0,0
BRDA:254,12,1,0
BRDA:262,13,0,0
BRDA:262,13,1,0
BRDA:273,14,0,0
BRDA:273,14,1,0
BRDA:324,15,0,0
BRDA:324,15,1,0
BRDA:340,16,0,0
BRDA:340,16,1,0
BRDA:345,17,0,0
BRDA:345,17,1,0
BRDA:366,18,0,0
BRDA:366,18,1,0
BRDA:401,19,0,0
BRDA:401,19,1,0
BRDA:402,20,0,0
BRDA:402,20,1,0
BRDA:420,21,0,0
BRDA:420,21,1,0
BRDA:448,22,0,0
BRDA:448,22,1,0
BRDA:466,23,0,0
BRDA:466,23,1,0
BRDA:560,24,0,0
BRDA:560,24,1,0
BRDA:625,25,0,0
BRDA:625,25,1,0
BRDA:638,26,0,0
BRDA:638,26,1,0
BRDA:656,27,0,0
BRDA:656,27,1,0
BRDA:656,28,0,0
BRDA:656,28,1,0
BRDA:656,28,2,0
BRDA:658,29,0,0
BRDA:658,29,1,0
BRDA:664,30,0,0
BRDA:664,30,1,0
BRDA:670,31,0,0
BRDA:670,31,1,0
BRDA:670,32,0,0
BRDA:670,32,1,0
BRDA:680,33,0,0
BRDA:680,33,1,0
BRDA:680,34,0,0
BRDA:680,34,1,0
BRDA:680,34,2,0
BRDA:684,35,0,0
BRDA:684,35,1,0
BRDA:692,36,0,0
BRDA:692,36,1,0
BRDA:704,37,0,0
BRDA:704,37,1,0
BRDA:704,38,0,0
BRDA:704,38,1,0
BRDA:704,38,2,0
BRDA:706,39,0,0
BRDA:706,39,1,0
BRDA:708,40,0,0
BRDA:708,40,1,0
BRDA:716,41,0,0
BRDA:716,41,1,0
BRDA:722,42,0,0
BRDA:722,42,1,0
BRDA:722,43,0,0
BRDA:722,43,1,0
BRDA:732,44,0,0
BRDA:732,44,1,0
BRDA:736,45,0,0
BRDA:736,45,1,0
BRDA:744,46,0,0
BRDA:744,46,1,0
BRDA:753,47,0,0
BRDA:753,47,1,0
BRDA:753,48,0,0
BRDA:753,48,1,0
BRDA:763,49,0,0
BRDA:763,49,1,0
BRDA:803,50,0,0
BRDA:803,50,1,0
BRDA:803,51,0,0
BRDA:803,51,1,0
BRDA:808,52,0,0
BRDA:808,52,1,0
BRDA:808,53,0,0
BRDA:808,53,1,0
BRDA:834,54,0,0
BRDA:834,54,1,0
BRDA:836,55,0,0
BRDA:836,55,1,0
BRDA:846,56,0,0
BRDA:846,56,1,0
BRDA:848,57,0,0
BRDA:848,57,1,0
BRDA:858,58,0,0
BRDA:858,58,1,0
BRDA:884,59,0,0
BRDA:884,59,1,0
BRDA:896,60,0,0
BRDA:896,60,1,0
BRDA:896,61,0,0
BRDA:896,61,1,0
BRDA:901,62,0,0
BRDA:901,62,1,0
BRDA:906,63,0,0
BRDA:906,63,1,0
BRDA:906,64,0,0
BRDA:906,64,1,0
BRDA:911,65,0,0
BRDA:911,65,1,0
BRDA:916,66,0,0
BRDA:916,66,1,0
BRDA:928,67,0,0
BRDA:928,67,1,0
BRDA:947,68,0,0
BRDA:947,68,1,0
BRDA:960,69,0,0
BRDA:960,69,1,0
BRDA:977,70,0,0
BRDA:977,70,1,0
BRDA:1033,71,0,0
BRDA:1033,71,1,0
BRDA:1040,72,0,0
BRDA:1040,72,1,0
BRDA:1064,73,0,0
BRDA:1064,73,1,0
BRDA:1064,74,0,0
BRDA:1064,74,1,0
BRDA:1069,75,0,0
BRDA:1069,75,1,0
BRDA:1087,76,0,0
BRDA:1087,76,1,0
BRDA:1087,76,2,0
BRDA:1087,76,3,0
BRDA:1087,76,4,0
BRDA:1087,76,5,0
BRDA:1090,77,0,0
BRDA:1090,77,1,0
BRDA:1090,78,0,0
BRDA:1090,78,1,0
BRDA:1115,79,0,0
BRDA:1115,79,1,0
BRDA:1119,80,0,0
BRDA:1119,80,1,0
BRDA:1124,81,0,0
BRDA:1124,81,1,0
BRDA:1126,82,0,0
BRDA:1126,82,1,0
BRDA:1126,83,0,0
BRDA:1126,83,1,0
BRDA:1150,84,0,0
BRDA:1150,84,1,0
BRDA:1160,85,0,0
BRDA:1160,85,1,0
BRDA:1160,86,0,0
BRDA:1160,86,1,0
BRDA:1185,87,0,0
BRDA:1185,87,1,0
BRDA:1189,88,0,0
BRDA:1189,88,1,0
BRDA:1196,89,0,0
BRDA:1196,89,1,0
BRDA:1198,90,0,0
BRDA:1198,90,1,0
BRDA:1201,91,0,0
BRDA:1201,91,1,0
BRDA:1229,92,0,0
BRDA:1229,92,1,0
BRDA:1239,93,0,0
BRDA:1239,93,1,0
BRDA:1239,94,0,0
BRDA:1239,94,1,0
BRDA:1256,95,0,0
BRDA:1256,95,1,0
BRDA:1261,96,0,0
BRDA:1261,96,1,0
BRDA:1261,97,0,0
BRDA:1261,97,1,0
BRDA:1283,98,0,0
BRDA:1283,98,1,0
BRDA:1293,99,0,0
BRDA:1293,99,1,0
BRDA:1293,100,0,0
BRDA:1293,100,1,0
BRDA:1318,101,0,0
BRDA:1318,101,1,0
BRDA:1318,102,0,0
BRDA:1318,102,1,0
BRDA:1332,103,0,0
BRDA:1332,103,1,0
BRDA:1345,104,0,0
BRDA:1345,104,1,0
BRDA:1345,105,0,0
BRDA:1345,105,1,0
BRDA:1360,106,0,0
BRDA:1360,106,1,0
BRDA:1360,107,0,0
BRDA:1360,107,1,0
BRDA:1375,108,0,0
BRDA:1375,108,1,0
BRDA:1386,109,0,0
BRDA:1386,109,1,0
BRDA:1386,110,0,0
BRDA:1386,110,1,0
BRDA:1401,111,0,0
BRDA:1401,111,1,0
BRDA:1405,112,0,0
BRDA:1405,112,1,0
BRDA:1410,113,0,0
BRDA:1410,113,1,0
BRDA:1412,114,0,0
BRDA:1412,114,1,0
BRDA:1412,115,0,0
BRDA:1412,115,1,0
BRDA:1436,116,0,0
BRDA:1436,116,1,0
BRDA:1447,117,0,0
BRDA:1447,117,1,0
BRDA:1447,118,0,0
BRDA:1447,118,1,0
BRDA:1462,119,0,0
BRDA:1462,119,1,0
BRDA:1466,120,0,0
BRDA:1466,120,1,0
BRDA:1473,121,0,0
BRDA:1473,121,1,0
BRDA:1475,122,0,0
BRDA:1475,122,1,0
BRDA:1478,123,0,0
BRDA:1478,123,1,0
BRDA:1506,124,0,0
BRDA:1506,124,1,0
BRDA:1516,125,0,0
BRDA:1516,125,1,0
BRDA:1516,126,0,0
BRDA:1516,126,1,0
BRDA:1521,127,0,0
BRDA:1521,127,1,0
BRDA:1532,128,0,0
BRDA:1532,128,1,0
BRDA:1536,129,0,0
BRDA:1536,129,1,0
BRDA:1536,130,0,0
BRDA:1536,130,1,0
BRDA:1561,131,0,0
BRDA:1561,131,1,0
BRDA:1608,132,0,0
BRDA:1608,132,1,0
BRDA:1629,133,0,0
BRDA:1629,133,1,0
BRDA:1647,134,0,0
BRDA:1647,134,1,0
BRDA:1648,135,0,0
BRDA:1648,135,1,0
BRDA:1652,136,0,0
BRDA:1652,136,1,0
BRDA:1671,137,0,0
BRDA:1671,137,1,0
BRDA:1673,138,0,0
BRDA:1673,138,1,0
BRDA:1710,139,0,0
BRDA:1710,139,1,0
BRDA:1774,140,0,0
BRDA:1774,140,1,0
BRDA:1798,141,0,0
BRDA:1798,141,1,0
BRDA:1860,142,0,0
BRDA:1860,142,1,0
BRDA:1863,143,0,0
BRDA:1863,143,1,0
BRDA:1882,144,0,0
BRDA:1882,144,1,0
BRDA:1884,145,0,0
BRDA:1884,145,1,0
BRDA:1891,146,0,0
BRDA:1891,146,1,0
BRDA:1894,147,0,0
BRDA:1894,147,1,0
BRDA:1903,148,0,0
BRDA:1903,148,1,0
BRDA:1927,149,0,0
BRDA:1927,149,1,0
BRDA:1927,150,0,0
BRDA:1927,150,1,0
BRDA:1927,150,2,0
BRDA:1930,151,0,0
BRDA:1930,151,1,0
BRDA:1963,152,0,0
BRDA:1963,152,1,0
BRDA:1977,153,0,0
BRDA:1977,153,1,0
BRDA:1979,154,0,0
BRDA:1979,154,1,0
BRDA:1979,155,0,0
BRDA:1979,155,1,0
BRDA:1983,156,0,0
BRDA:1983,156,1,0
BRDA:2001,157,0,0
BRDA:2001,157,1,0
BRDA:2010,158,0,0
BRDA:2010,158,1,0
BRDA:2029,159,0,0
BRDA:2029,159,1,0
BRDA:2107,160,0,0
BRDA:2107,160,1,0
BRDA:2109,161,0,0
BRDA:2109,161,1,0
BRDA:2109,162,0,0
BRDA:2109,162,1,0
BRDA:2113,163,0,0
BRDA:2113,163,1,0
BRDA:2118,164,0,0
BRDA:2118,164,1,0
BRDA:2123,165,0,0
BRDA:2123,165,1,0
BRDA:2129,166,0,0
BRDA:2129,166,1,0
BRDA:2143,167,0,0
BRDA:2143,167,1,0
BRDA:2156,168,0,0
BRDA:2156,168,1,0
BRDA:2157,169,0,0
BRDA:2157,169,1,0
BRDA:2158,170,0,0
BRDA:2158,170,1,0
BRDA:2166,171,0,0
BRDA:2166,171,1,0
BRDA:2168,172,0,0
BRDA:2168,172,1,0
BRDA:2181,173,0,0
BRDA:2181,173,1,0
BRDA:2181,174,0,0
BRDA:2181,174,1,0
BRDA:2194,175,0,0
BRDA:2194,175,1,0
BRDA:2239,176,0,0
BRDA:2239,176,1,0
BRDA:2239,177,0,0
BRDA:2239,177,1,0
BRDA:2252,178,0,0
BRDA:2252,178,1,0
BRDA:2261,179,0,0
BRDA:2261,179,1,0
BRDA:2261,180,0,0
BRDA:2261,180,1,0
BRDA:2263,181,0,0
BRDA:2263,181,1,0
BRDA:2263,182,0,0
BRDA:2263,182,1,0
BRDA:2278,183,0,0
BRDA:2278,183,1,0
BRDA:2278,184,0,0
BRDA:2278,184,1,0
BRDA:2283,185,0,0
BRDA:2283,185,1,0
BRDA:2283,186,0,0
BRDA:2283,186,1,0
BRDA:2290,187,0,0
BRDA:2290,187,1,0
BRDA:2290,188,0,0
BRDA:2290,188,1,0
BRDA:2292,189,0,0
BRDA:2292,189,1,0
BRDA:2292,190,0,0
BRDA:2292,190,1,0
BRDA:2310,191,0,0
BRDA:2310,191,1,0
BRDA:2316,192,0,0
BRDA:2316,192,1,0
BRDA:2322,193,0,0
BRDA:2322,193,1,0
BRDA:2333,194,0,0
BRDA:2333,194,1,0
BRDA:2333,195,0,0
BRDA:2333,195,1,0
BRDA:2340,196,0,0
BRDA:2340,196,1,0
BRDA:2343,197,0,0
BRDA:2343,197,1,0
BRDA:2346,198,0,0
BRDA:2346,198,1,0
BRDA:2350,199,0,0
BRDA:2350,199,1,0
BRDA:2367,200,0,0
BRDA:2367,200,1,0
BRDA:2372,201,0,0
BRDA:2372,201,1,0
BRDA:2374,202,0,0
BRDA:2374,202,1,0
BRDA:2386,203,0,0
BRDA:2386,203,1,0
BRDA:2410,204,0,0
BRDA:2410,204,1,0
BRDA:2413,205,0,0
BRDA:2413,205,1,0
BRDA:2413,206,0,0
BRDA:2413,206,1,0
BRDA:2427,207,0,0
BRDA:2427,207,1,0
BRDA:2434,208,0,0
BRDA:2434,208,1,0
BRDA:2439,209,0,0
BRDA:2439,209,1,0
BRDA:2440,210,0,0
BRDA:2440,210,1,0
BRDA:2458,211,0,0
BRDA:2458,211,1,0
BRDA:2461,212,0,0
BRDA:2461,212,1,0
BRDA:2468,213,0,0
BRDA:2468,213,1,0
BRDA:2468,214,0,0
BRDA:2468,214,1,0
BRDA:2494,215,0,0
BRDA:2494,215,1,0
BRDA:2494,216,0,0
BRDA:2494,216,1,0
BRF:517
BRH:0
end_of_record
TN:
SF:/home/user/Docker/iris/src/js/services/mopidy/reducer.js
FN:4,reducer
FNF:1
FNH:1
FNDA:3,reducer
DA:5,3
DA:7,0
DA:10,0
DA:14,0
DA:21,0
DA:30,0
DA:37,0
DA:40,0
DA:43,0
DA:46,0
DA:49,0
DA:52,0
DA:55,0
DA:58,0
DA:65,0
DA:68,0
DA:71,0
DA:74,0
DA:77,0
DA:80,0
DA:83,0
DA:86,0
DA:87,0
DA:88,0
DA:95,0
DA:104,0
DA:107,0
DA:118,0
DA:119,0
DA:121,0
DA:123,0
DA:126,0
DA:129,0
DA:130,0
DA:131,0
DA:133,0
DA:134,0
DA:137,0
DA:138,0
DA:139,0
DA:140,0
DA:142,0
DA:145,0
DA:146,0
DA:148,0
DA:150,0
DA:153,0
DA:156,0
DA:157,0
DA:159,0
DA:161,0
DA:164,0
DA:172,0
DA:176,0
DA:177,0
DA:179,0
DA:182,0
DA:187,0
DA:188,0
DA:190,0
DA:193,0
DA:196,3
LF:62
LH:2
BRDA:4,0,0,2
BRDA:5,1,0,0
BRDA:5,1,1,0
BRDA:5,1,2,0
BRDA:5,1,3,0
BRDA:5,1,4,0
BRDA:5,1,5,0
BRDA:5,1,6,0
BRDA:5,1,7,0
BRDA:5,1,8,0
BRDA:5,1,9,0
BRDA:5,1,10,0
BRDA:5,1,11,0
BRDA:5,1,12,0
BRDA:5,1,13,0
BRDA:5,1,14,0
BRDA:5,1,15,0
BRDA:5,1,16,0
BRDA:5,1,17,0
BRDA:5,1,18,0
BRDA:5,1,19,0
BRDA:5,1,20,0
BRDA:5,1,21,0
BRDA:5,1,22,0
BRDA:5,1,23,0
BRDA:5,1,24,0
BRDA:5,1,25,0
BRDA:5,1,26,0
BRDA:5,1,27,0
BRDA:5,1,28,0
BRDA:5,1,29,0
BRDA:5,1,30,0
BRDA:5,1,31,0
BRDA:5,1,32,0
BRDA:5,1,33,0
BRDA:5,1,34,3
BRDA:118,2,0,0
BRDA:118,2,1,0
BRDA:130,3,0,0
BRDA:130,3,1,0
BRDA:138,4,0,0
BRDA:138,4,1,0
BRDA:145,5,0,0
BRDA:145,5,1,0
BRDA:156,6,0,0
BRDA:156,6,1,0
BRDA:176,7,0,0
BRDA:176,7,1,0
BRDA:187,8,0,0
BRDA:187,8,1,0
BRF:50
BRH:2
end_of_record
TN:
SF:/home/user/Docker/iris/src/js/services/pusher/actions.js
FN:2,setPort
FN:9,setUsername
FN:17,connect
FN:23,disconnect
FN:29,upgrade
FN:35,reload
FN:41,restart
FN:47,localScan
FN:53,getConnections
FN:59,connectionAdded
FN:66,updateConnection
FN:73,connectionChanged
FN:80,connectionRemoved
FN:87,request
FN:97,getConfig
FN:103,getVersion
FN:109,deliverBroadcast
FN:119,deliverMessage
FN:130,getRadio
FN:136,startRadio
FN:143,updateRadio
FN:150,stopRadio
FN:156,radioStarted
FN:163,radioChanged
FN:170,radioStopped
FN:176,debug
FN:183,getQueueMetadata
FN:189,queueMetadataChanged
FN:196,addQueueMetadata
FN:209,getCommands
FN:215,setCommand
FN:222,setCommands
FN:229,removeCommand
FN:236,runCommand
FN:244,commandsUpdated
FNF:35
FNH:0
FNDA:0,setPort
FNDA:0,setUsername
FNDA:0,connect
FNDA:0,disconnect
FNDA:0,upgrade
FNDA:0,reload
FNDA:0,restart
FNDA:0,localScan
FNDA:0,getConnections
FNDA:0,connectionAdded
FNDA:0,updateConnection
FNDA:0,connectionChanged
FNDA:0,connectionRemoved
FNDA:0,request
FNDA:0,getConfig
FNDA:0,getVersion
FNDA:0,deliverBroadcast
FNDA:0,deliverMessage
FNDA:0,getRadio
FNDA:0,startRadio
FNDA:0,updateRadio
FNDA:0,stopRadio
FNDA:0,radioStarted
FNDA:0,radioChanged
FNDA:0,radioStopped
FNDA:0,debug
FNDA:0,getQueueMetadata
FNDA:0,queueMetadataChanged
FNDA:0,addQueueMetadata
FNDA:0,getCommands
FNDA:0,setCommand
FNDA:0,setCommands
FNDA:0,removeCommand
FNDA:0,runCommand
FNDA:0,commandsUpdated
DA:3,0
DA:10,0
DA:18,0
DA:24,0
DA:30,0
DA:36,0
DA:42,0
DA:48,0
DA:54,0
DA:60,0
DA:67,0
DA:74,0
DA:81,0
DA:88,0
DA:98,0
DA:104,0
DA:110,0
DA:120,0
DA:131,0
DA:137,0
DA:144,0
DA:151,0
DA:157,0
DA:164,0
DA:171,0
DA:177,0
DA:184,0
DA:190,0
DA:197,0
DA:210,0
DA:216,0
DA:223,0
DA:230,0
DA:237,0
DA:245,0
LF:35
LH:0
BRDA:9,0,0,0
BRDA:87,1,0,0
BRDA:87,2,0,0
BRDA:87,3,0,0
BRDA:176,4,0,0
BRDA:196,5,0,0
BRDA:196,6,0,0
BRDA:236,7,0,0
BRF:8
BRH:0
end_of_record
TN:
SF:/home/user/Docker/iris/src/js/services/pusher/middleware.js
FN:12,(anonymous_0)
FN:23,(anonymous_1)
FN:204,(anonymous_2)
FN:204,(anonymous_3)
FN:225,(anonymous_4)
FN:243,(anonymous_5)
FN:243,(anonymous_6)
FN:243,(anonymous_7)
FN:259,(anonymous_8)
FN:265,(anonymous_9)
FN:271,(anonymous_10)
FN:276,(anonymous_11)
FN:286,(anonymous_12)
FN:308,(anonymous_13)
FN:319,(anonymous_14)
FN:324,(anonymous_15)
FN:342,(anonymous_16)
FN:345,(anonymous_17)
FN:375,(anonymous_18)
FN:379,(anonymous_19)
FN:392,(anonymous_20)
FN:396,(anonymous_21)
FN:416,(anonymous_22)
FN:422,(anonymous_23)
FN:434,(anonymous_24)
FN:440,(anonymous_25)
FN:452,(anonymous_26)
FN:458,(anonymous_27)
FN:476,(anonymous_28)
FN:479,(anonymous_29)
FN:504,(anonymous_30)
FN:507,(anonymous_31)
FN:524,(anonymous_32)
FN:527,(anonymous_33)
FN:547,(anonymous_34)
FN:554,(anonymous_35)
FN:572,(anonymous_36)
FN:582,(anonymous_37)
FN:639,(anonymous_38)
FN:646,(anonymous_39)
FN:681,(anonymous_40)
FN:683,(anonymous_41)
FN:790,(anonymous_42)
FN:793,(anonymous_43)
FNF:44
FNH:3
FNDA:1,(anonymous_0)
FNDA:0,(anonymous_1)
FNDA:0,(anonymous_2)
FNDA:0,(anonymous_3)
FNDA:0,(anonymous_4)
FNDA:1,(anonymous_5)
FNDA:1,(anonymous_6)
FNDA:0,(anonymous_7)
FNDA:0,(anonymous_8)
FNDA:0,(anonymous_9)
FNDA:0,(anonymous_10)
FNDA:0,(anonymous_11)
FNDA:0,(anonymous_12)
FNDA:0,(anonymous_13)
FNDA:0,(anonymous_14)
FNDA:0,(anonymous_15)
FNDA:0,(anonymous_16)
FNDA:0,(anonymous_17)
FNDA:0,(anonymous_18)
FNDA:0,(anonymous_19)
FNDA:0,(anonymous_20)
FNDA:0,(anonymous_21)
FNDA:0,(anonymous_22)
FNDA:0,(anonymous_23)
FNDA:0,(anonymous_24)
FNDA:0,(anonymous_25)
FNDA:0,(anonymous_26)
FNDA:0,(anonymous_27)
FNDA:0,(anonymous_28)
FNDA:0,(anonymous_29)
FNDA:0,(anonymous_30)
FNDA:0,(anonymous_31)
FNDA:0,(anonymous_32)
FNDA:0,(anonymous_33)
FNDA:0,(anonymous_34)
FNDA:0,(anonymous_35)
FNDA:0,(anonymous_36)
FNDA:0,(anonymous_37)
FNDA:0,(anonymous_38)
FNDA:0,(anonymous_39)
FNDA:0,(anonymous_40)
FNDA:0,(anonymous_41)
FNDA:0,(anonymous_42)
FNDA:0,(anonymous_43)
DA:5,1
DA:6,1
DA:7,1
DA:8,1
DA:9,1
DA:10,1
DA:12,1
DA:15,1
DA:17,1
DA:20,1
DA:23,1
DA:24,0
DA:25,0
DA:31,0
DA:32,0
DA:33,0
DA:34,0
DA:35,0
DA:39,0
DA:41,0
DA:42,0
DA:45,0
DA:46,0
DA:50,0
DA:55,0
DA:62,0
DA:63,0
DA:73,0
DA:74,0
DA:76,0
DA:77,0
DA:79,0
DA:80,0
DA:82,0
DA:83,0
DA:85,0
DA:86,0
DA:88,0
DA:89,0
DA:91,0
DA:96,0
DA:98,0
DA:99,0
DA:101,0
DA:102,0
DA:104,0
DA:105,0
DA:107,0
DA:108,0
DA:110,0
DA:111,0
DA:113,0
DA:114,0
DA:118,0
DA:119,0
DA:121,0
DA:122,0
DA:124,0
DA:130,0
DA:132,0
DA:138,0
DA:142,0
DA:143,0
DA:145,0
DA:146,0
DA:148,0
DA:149,0
DA:151,0
DA:157,0
DA:161,0
DA:162,0
DA:164,0
DA:165,0
DA:167,0
DA:173,0
DA:177,0
DA:178,0
DA:180,0
DA:181,0
DA:183,0
DA:189,0
DA:191,0
DA:197,0
DA:199,0
DA:204,1
DA:205,0
DA:206,0
DA:211,0
DA:212,0
DA:215,0
DA:216,0
DA:219,0
DA:221,0
DA:224,0
DA:226,0
DA:227,0
DA:237,0
DA:243,1
DA:244,0
DA:246,0
DA:248,0
DA:249,0
DA:252,0
DA:253,0
DA:255,0
DA:259,0
DA:260,0
DA:265,0
DA:266,0
DA:271,0
DA:272,0
DA:276,0
DA:277,0
DA:278,0
DA:286,0
DA:287,0
DA:290,0
DA:293,0
DA:294,0
DA:297,0
DA:298,0
DA:299,0
DA:300,0
DA:301,0
DA:302,0
DA:307,0
DA:309,0
DA:313,0
DA:314,0
DA:317,0
DA:320,0
DA:321,0
DA:325,0
DA:326,0
DA:328,0
DA:337,0
DA:340,0
DA:343,0
DA:346,0
DA:352,0
DA:355,0
DA:356,0
DA:359,0
DA:360,0
DA:361,0
DA:367,0
DA:373,0
DA:376,0
DA:377,0
DA:380,0
DA:386,0
DA:387,0
DA:390,0
DA:393,0
DA:394,0
DA:397,0
DA:403,0
DA:406,0
DA:411,0
DA:414,0
DA:417,0
DA:423,0
DA:429,0
DA:432,0
DA:435,0
DA:441,0
DA:447,0
DA:450,0
DA:453,0
DA:459,0
DA:465,0
DA:466,0
DA:474,0
DA:477,0
DA:485,0
DA:486,0
DA:489,0
DA:491,0
DA:492,0
DA:494,0
DA:496,0
DA:498,0
DA:499,0
DA:502,0
DA:508,0
DA:515,0
DA:516,0
DA:519,0
DA:520,0
DA:522,0
DA:528,0
DA:535,0
DA:536,0
DA:539,0
DA:540,0
DA:542,0
DA:543,0
DA:546,0
DA:548,0
DA:549,0
DA:550,0
DA:551,0
DA:555,0
DA:556,0
DA:562,0
DA:570,0
DA:573,0
DA:578,0
DA:579,0
DA:583,0
DA:589,0
DA:593,0
DA:594,0
DA:598,0
DA:599,0
DA:601,0
DA:604,0
DA:611,0
DA:612,0
DA:614,0
DA:615,0
DA:617,0
DA:618,0
DA:620,0
DA:621,0
DA:625,0
DA:626,0
DA:637,0
DA:640,0
DA:641,0
DA:642,0
DA:644,0
DA:647,0
DA:648,0
DA:654,0
DA:657,0
DA:659,0
DA:660,0
DA:663,0
DA:673,0
DA:679,0
DA:682,0
DA:684,0
DA:690,0
DA:698,0
DA:699,0
DA:702,0
DA:706,0
DA:707,0
DA:717,0
DA:718,0
DA:721,0
DA:722,0
DA:723,0
DA:726,0
DA:727,0
DA:729,0
DA:730,0
DA:733,0
DA:734,0
DA:736,0
DA:737,0
DA:740,0
DA:741,0
DA:744,0
DA:745,0
DA:747,0
DA:748,0
DA:753,0
DA:754,0
DA:755,0
DA:757,0
DA:758,0
DA:759,0
DA:762,0
DA:763,0
DA:764,0
DA:767,0
DA:768,0
DA:769,0
DA:772,0
DA:773,0
DA:776,0
DA:780,0
DA:784,0
DA:785,0
DA:788,0
DA:791,0
DA:794,0
DA:801,0
DA:804,0
DA:805,0
DA:806,0
DA:808,0
DA:813,0
LF:295
LH:13
BRDA:24,0,0,0
BRDA:24,0,1,0
BRDA:32,1,0,0
BRDA:32,1,1,0
BRDA:34,2,0,0
BRDA:34,2,1,0
BRDA:34,3,0,0
BRDA:34,3,1,0
BRDA:39,4,0,0
BRDA:39,4,1,0
BRDA:41,5,0,0
BRDA:41,5,1,0
BRDA:45,6,0,0
BRDA:45,6,1,0
BRDA:62,7,0,0
BRDA:62,7,1,0
BRDA:66,8,0,0
BRDA:66,8,1,0
BRDA:66,9,0,0
BRDA:66,9,1,0
BRDA:73,10,0,0
BRDA:73,10,1,0
BRDA:74,11,0,0
BRDA:74,11,1,0
BRDA:74,11,2,0
BRDA:74,11,3,0
BRDA:74,11,4,0
BRDA:74,11,5,0
BRDA:74,11,6,0
BRDA:74,11,7,0
BRDA:74,11,8,0
BRDA:74,11,9,0
BRDA:74,11,10,0
BRDA:74,11,11,0
BRDA:74,11,12,0
BRDA:74,11,13,0
BRDA:74,11,14,0
BRDA:74,11,15,0
BRDA:74,11,16,0
BRDA:74,11,17,0
BRDA:74,11,18,0
BRDA:74,11,19,0
BRDA:74,11,20,0
BRDA:74,11,21,0
BRDA:74,11,22,0
BRDA:74,11,23,0
BRDA:74,11,24,0
BRDA:74,11,25,0
BRDA:74,11,26,0
BRDA:74,11,27,0
BRDA:204,12,0,0
BRDA:211,13,0,0
BRDA:211,13,1,0
BRDA:215,14,0,0
BRDA:215,14,1,0
BRDA:246,15,0,0
BRDA:246,15,1,0
BRDA:246,15,2,0
BRDA:246,15,3,0
BRDA:246,15,4,0
BRDA:246,15,5,0
BRDA:246,15,6,0
BRDA:246,15,7,0
BRDA:246,15,8,0
BRDA:246,15,9,0
BRDA:246,15,10,0
BRDA:246,15,11,0
BRDA:246,15,12,0
BRDA:246,15,13,0
BRDA:246,15,14,0
BRDA:246,15,15,0
BRDA:246,15,16,0
BRDA:246,15,17,0
BRDA:246,15,18,0
BRDA:246,15,19,0
BRDA:246,15,20,0
BRDA:246,15,21,0
BRDA:246,15,22,0
BRDA:246,15,23,0
BRDA:246,15,24,0
BRDA:246,15,25,0
BRDA:246,15,26,0
BRDA:246,15,27,0
BRDA:246,15,28,0
BRDA:246,15,29,0
BRDA:246,15,30,0
BRDA:246,15,31,0
BRDA:246,15,32,0
BRDA:248,16,0,0
BRDA:248,16,1,0
BRDA:256,17,0,0
BRDA:256,17,1,0
BRDA:277,18,0,0
BRDA:277,18,1,0
BRDA:293,19,0,0
BRDA:293,19,1,0
BRDA:320,20,0,0
BRDA:320,20,1,0
BRDA:325,21,0,0
BRDA:325,21,1,0
BRDA:370,22,0,0
BRDA:370,22,1,0
BRDA:491,23,0,0
BRDA:491,23,1,0
BRDA:542,24,0,0
BRDA:542,24,1,0
BRDA:550,25,0,0
BRDA:550,25,1,0
BRDA:578,26,0,0
BRDA:578,26,1,0
BRDA:593,27,0,0
BRDA:593,27,1,0
BRDA:598,28,0,0
BRDA:598,28,1,0
BRDA:612,29,0,0
BRDA:612,29,1,0
BRDA:612,29,2,0
BRDA:625,30,0,0
BRDA:625,30,1,0
BRDA:641,31,0,0
BRDA:641,31,1,0
BRDA:659,32,0,0
BRDA:659,32,1,0
BRDA:726,33,0,0
BRDA:726,33,1,0
BRDA:733,34,0,0
BRDA:733,34,1,0
BRDA:744,35,0,0
BRDA:744,35,1,0
BRDA:757,36,0,0
BRDA:757,36,1,0
BRDA:757,37,0,0
BRDA:757,37,1,0
BRDA:762,38,0,0
BRDA:762,38,1,0
BRDA:762,39,0,0
BRDA:762,39,1,0
BRDA:767,40,0,0
BRDA:767,40,1,0
BRDA:772,41,0,0
BRDA:772,41,1,0
BRDA:777,42,0,0
BRDA:777,42,1,0
BRDA:781,43,0,0
BRDA:781,43,1,0
BRDA:805,44,0,0
BRDA:805,44,1,0
BRF:147
BRH:0
end_of_record
TN:
SF:/home/user/Docker/iris/src/js/services/pusher/reducer.js
FN:2,reducer
FNF:1
FNH:1
FNDA:3,reducer
DA:3,3
DA:6,0
DA:9,0
DA:19,0
DA:22,0
DA:25,0
DA:28,0
DA:29,0
DA:30,0
DA:32,0
DA:36,0
DA:37,0
DA:38,0
DA:41,0
DA:49,0
DA:50,0
DA:51,0
DA:54,0
DA:61,0
DA:64,0
DA:67,0
DA:70,3
LF:22
LH:2
BRDA:2,0,0,2
BRDA:3,1,0,0
BRDA:3,1,1,0
BRDA:3,1,2,0
BRDA:3,1,3,0
BRDA:3,1,4,0
BRDA:3,1,5,0
BRDA:3,1,6,0
BRDA:3,1,7,0
BRDA:3,1,8,0
BRDA:3,1,9,0
BRDA:3,1,10,0
BRDA:3,1,11,0
BRDA:3,1,12,0
BRDA:3,1,13,0
BRDA:3,1,14,0
BRDA:3,1,15,3
BRF:17
BRH:2
end_of_record
TN:
SF:/home/user/Docker/iris/src/js/services/snapcast/actions.js
FN:2,set
FN:9,setConnection
FN:16,setEnabled
FN:23,connect
FN:29,disconnect
FN:35,request
FN:45,debug
FN:52,getServer
FN:58,setClientName
FN:66,setClientMute
FN:74,setClientVolume
FN:83,setClientLatency
FN:91,setClientGroup
FN:99,deleteClient
FN:106,setGroupName
FN:114,setGroupStream
FN:122,setGroupMute
FN:130,setGroupVolume
FN:139,calculateGroupVolume
FN:155,serverLoaded
FN:162,clientLoaded
FN:165,clientsLoaded
FN:173,groupLoaded
FN:176,groupsLoaded
FN:184,streamLoaded
FN:187,streamsLoaded
FNF:26
FNH:0
FNDA:0,set
FNDA:0,setConnection
FNDA:0,setEnabled
FNDA:0,connect
FNDA:0,disconnect
FNDA:0,request
FNDA:0,debug
FNDA:0,getServer
FNDA:0,setClientName
FNDA:0,setClientMute
FNDA:0,setClientVolume
FNDA:0,setClientLatency
FNDA:0,setClientGroup
FNDA:0,deleteClient
FNDA:0,setGroupName
FNDA:0,setGroupStream
FNDA:0,setGroupMute
FNDA:0,setGroupVolume
FNDA:0,calculateGroupVolume
FNDA:0,serverLoaded
FNDA:0,clientLoaded
FNDA:0,clientsLoaded
FNDA:0,groupLoaded
FNDA:0,groupsLoaded
FNDA:0,streamLoaded
FNDA:0,streamsLoaded
DA:3,0
DA:10,0
DA:17,0
DA:24,0
DA:30,0
DA:36,0
DA:46,0
DA:53,0
DA:59,0
DA:67,0
DA:75,0
DA:84,0
DA:92,0
DA:100,0
DA:107,0
DA:115,0
DA:123,0
DA:131,0
DA:140,0
DA:156,0
DA:163,0
DA:166,0
DA:174,0
DA:177,0
DA:185,0
DA:188,0
LF:26
LH:0
BRDA:35,0,0,0
BRDA:35,1,0,0
BRDA:35,2,0,0
BRDA:45,3,0,0
BRDA:74,4,0,0
BRDA:130,5,0,0
BRDA:165,6,0,0
BRDA:176,7,0,0
BRDA:187,8,0,0
BRF:9
BRH:0
end_of_record
TN:
SF:/home/user/Docker/iris/src/js/services/snapcast/middleware.js
FN:20,(anonymous_0)
FN:28,(anonymous_1)
FN:35,(anonymous_2)
FN:109,(anonymous_3)
FN:109,(anonymous_4)
FN:130,(anonymous_5)
FN:148,(anonymous_6)
FN:148,(anonymous_7)
FN:148,(anonymous_8)
FN:163,(anonymous_9)
FN:169,(anonymous_10)
FN:177,(anonymous_11)
FN:183,(anonymous_12)
FN:193,(anonymous_13)
FN:226,(anonymous_14)
FN:237,(anonymous_15)
FN:240,(anonymous_16)
FN:253,(anonymous_17)
FN:258,(anonymous_18)
FN:281,(anonymous_19)
FN:286,(anonymous_20)
FN:299,(anonymous_21)
FN:356,(anonymous_22)
FN:379,(anonymous_23)
FN:388,(anonymous_24)
FN:410,(anonymous_25)
FN:427,(anonymous_26)
FN:446,(anonymous_27)
FN:454,(anonymous_28)
FN:486,(anonymous_29)
FN:489,(anonymous_30)
FN:502,(anonymous_31)
FN:508,(anonymous_32)
FN:527,(anonymous_33)
FN:547,(anonymous_34)
FN:555,(anonymous_35)
FN:574,(anonymous_36)
FN:582,(anonymous_37)
FNF:38
FNH:3
FNDA:1,(anonymous_0)
FNDA:0,(anonymous_1)
FNDA:0,(anonymous_2)
FNDA:0,(anonymous_3)
FNDA:0,(anonymous_4)
FNDA:0,(anonymous_5)
FNDA:1,(anonymous_6)
FNDA:1,(anonymous_7)
FNDA:0,(anonymous_8)
FNDA:0,(anonymous_9)
FNDA:0,(anonymous_10)
FNDA:0,(anonymous_11)
FNDA:0,(anonymous_12)
FNDA:0,(anonymous_13)
FNDA:0,(anonymous_14)
FNDA:0,(anonymous_15)
FNDA:0,(anonymous_16)
FNDA:0,(anonymous_17)
FNDA:0,(anonymous_18)
FNDA:0,(anonymous_19)
FNDA:0,(anonymous_20)
FNDA:0,(anonymous_21)
FNDA:0,(anonymous_22)
FNDA:0,(anonymous_23)
FNDA:0,(anonymous_24)
FNDA:0,(anonymous_25)
FNDA:0,(anonymous_26)
FNDA:0,(anonymous_27)
FNDA:0,(anonymous_28)
FNDA:0,(anonymous_29)
FNDA:0,(anonymous_30)
FNDA:0,(anonymous_31)
FNDA:0,(anonymous_32)
FNDA:0,(anonymous_33)
FNDA:0,(anonymous_34)
FNDA:0,(anonymous_35)
FNDA:0,(anonymous_36)
FNDA:0,(anonymous_37)
DA:15,1
DA:16,1
DA:17,1
DA:18,1
DA:20,1
DA:21,1
DA:22,1
DA:25,1
DA:28,1
DA:29,0
DA:30,0
DA:34,0
DA:35,0
DA:36,0
DA:42,0
DA:43,0
DA:44,0
DA:45,0
DA:46,0
DA:50,0
DA:52,0
DA:53,0
DA:56,0
DA:57,0
DA:61,0
DA:66,0
DA:74,0
DA:76,0
DA:77,0
DA:80,0
DA:81,0
DA:84,0
DA:85,0
DA:88,0
DA:89,0
DA:92,0
DA:93,0
DA:96,0
DA:97,0
DA:100,0
DA:101,0
DA:104,0
DA:109,1
DA:110,0
DA:111,0
DA:116,0
DA:117,0
DA:120,0
DA:121,0
DA:124,0
DA:126,0
DA:129,0
DA:131,0
DA:132,0
DA:142,0
DA:148,1
DA:149,0
DA:151,0
DA:154,0
DA:155,0
DA:157,0
DA:159,0
DA:163,0
DA:164,0
DA:169,0
DA:170,0
DA:175,0
DA:176,0
DA:177,0
DA:178,0
DA:183,0
DA:184,0
DA:185,0
DA:193,0
DA:194,0
DA:196,0
DA:199,0
DA:200,0
DA:206,0
DA:207,0
DA:208,0
DA:211,0
DA:212,0
DA:213,0
DA:214,0
DA:217,0
DA:218,0
DA:219,0
DA:220,0
DA:221,0
DA:224,0
DA:225,0
DA:227,0
DA:232,0
DA:235,0
DA:238,0
DA:241,0
DA:248,0
DA:251,0
DA:254,0
DA:255,0
DA:259,0
DA:260,0
DA:262,0
DA:271,0
DA:274,0
DA:275,0
DA:276,0
DA:279,0
DA:282,0
DA:283,0
DA:284,0
DA:287,0
DA:293,0
DA:296,0
DA:297,0
DA:299,0
DA:300,0
DA:302,0
DA:303,0
DA:306,0
DA:307,0
DA:308,0
DA:312,0
DA:313,0
DA:316,0
DA:319,0
DA:321,0
DA:322,0
DA:325,0
DA:326,0
DA:329,0
DA:330,0
DA:332,0
DA:333,0
DA:335,0
DA:336,0
DA:339,0
DA:342,0
DA:344,0
DA:345,0
DA:348,0
DA:349,0
DA:354,0
DA:357,0
DA:365,0
DA:368,0
DA:369,0
DA:377,0
DA:380,0
DA:389,0
DA:396,0
DA:399,0
DA:400,0
DA:408,0
DA:411,0
DA:428,0
DA:435,0
DA:438,0
DA:439,0
DA:444,0
DA:447,0
DA:455,0
DA:462,0
DA:466,0
DA:467,0
DA:468,0
DA:471,0
DA:472,0
DA:476,0
DA:479,0
DA:484,0
DA:487,0
DA:490,0
DA:497,0
DA:500,0
DA:503,0
DA:509,0
DA:516,0
DA:519,0
DA:520,0
DA:525,0
DA:528,0
DA:536,0
DA:539,0
DA:540,0
DA:545,0
DA:548,0
DA:556,0
DA:563,0
DA:566,0
DA:567,0
DA:572,0
DA:575,0
DA:583,0
DA:590,0
DA:593,0
DA:594,0
DA:595,0
DA:597,0
DA:599,0
DA:600,0
DA:601,0
DA:604,0
DA:605,0
DA:613,0
DA:614,0
DA:617,0
DA:618,0
DA:619,0
DA:620,0
DA:623,0
DA:626,0
DA:630,0
DA:633,0
LF:215
LH:11
BRDA:29,0,0,0
BRDA:29,0,1,0
BRDA:34,1,0,0
BRDA:34,1,1,0
BRDA:43,2,0,0
BRDA:43,2,1,0
BRDA:45,3,0,0
BRDA:45,3,1,0
BRDA:45,4,0,0
BRDA:45,4,1,0
BRDA:50,5,0,0
BRDA:50,5,1,0
BRDA:52,6,0,0
BRDA:52,6,1,0
BRDA:56,7,0,0
BRDA:56,7,1,0
BRDA:74,8,0,0
BRDA:74,8,1,0
BRDA:74,8,2,0
BRDA:74,8,3,0
BRDA:74,8,4,0
BRDA:74,8,5,0
BRDA:74,8,6,0
BRDA:74,8,7,0
BRDA:109,9,0,0
BRDA:116,10,0,0
BRDA:116,10,1,0
BRDA:120,11,0,0
BRDA:120,11,1,0
BRDA:151,12,0,0
BRDA:151,12,1,0
BRDA:151,12,2,0
BRDA:151,12,3,0
BRDA:151,12,4,0
BRDA:151,12,5,0
BRDA:151,12,6,0
BRDA:151,12,7,0
BRDA:151,12,8,0
BRDA:151,12,9,0
BRDA:151,12,10,0
BRDA:151,12,11,0
BRDA:151,12,12,0
BRDA:151,12,13,0
BRDA:151,12,14,0
BRDA:151,12,15,0
BRDA:151,12,16,0
BRDA:151,12,17,0
BRDA:151,12,18,0
BRDA:151,12,19,0
BRDA:151,12,20,0
BRDA:154,13,0,0
BRDA:154,13,1,0
BRDA:160,14,0,0
BRDA:160,14,1,0
BRDA:175,15,0,0
BRDA:175,15,1,0
BRDA:184,16,0,0
BRDA:184,16,1,0
BRDA:199,17,0,0
BRDA:199,17,1,0
BRDA:211,18,0,0
BRDA:211,18,1,0
BRDA:224,19,0,0
BRDA:224,19,1,0
BRDA:254,20,0,0
BRDA:254,20,1,0
BRDA:259,21,0,0
BRDA:259,21,1,0
BRDA:275,22,0,0
BRDA:275,22,1,0
BRDA:302,23,0,0
BRDA:302,23,1,0
BRDA:306,24,0,0
BRDA:306,24,1,0
BRDA:312,25,0,0
BRDA:312,25,1,0
BRDA:312,26,0,0
BRDA:312,26,1,0
BRDA:321,27,0,0
BRDA:321,27,1,0
BRDA:335,28,0,0
BRDA:335,28,1,0
BRDA:471,29,0,0
BRDA:471,29,1,0
BRDA:604,30,0,0
BRDA:604,30,1,0
BRDA:604,31,0,0
BRDA:604,31,1,0
BRDA:604,31,2,0
BRDA:604,31,3,0
BRDA:617,32,0,0
BRDA:617,32,1,0
BRDA:619,33,0,0
BRDA:619,33,1,0
BRF:94
BRH:0
end_of_record
TN:
SF:/home/user/Docker/iris/src/js/services/snapcast/reducer.js
FN:2,reducer
FNF:1
FNH:1
FNDA:3,reducer
DA:3,3
DA:5,0
DA:8,0
DA:11,0
DA:14,0
DA:17,0
DA:20,0
DA:21,0
DA:23,0
DA:26,0
DA:27,0
DA:29,0
DA:32,0
DA:33,0
DA:35,0
DA:38,0
DA:39,0
DA:44,0
DA:47,0
DA:48,0
DA:50,0
DA:53,0
DA:54,0
DA:56,0
DA:59,3
LF:25
LH:2
BRDA:2,0,0,2
BRDA:3,1,0,0
BRDA:3,1,1,0
BRDA:3,1,2,0
BRDA:3,1,3,0
BRDA:3,1,4,0
BRDA:3,1,5,0
BRDA:3,1,6,0
BRDA:3,1,7,0
BRDA:3,1,8,3
BRDA:20,2,0,0
BRDA:20,2,1,0
BRDA:32,3,0,0
BRDA:32,3,1,0
BRDA:40,4,0,0
BRDA:40,4,1,0
BRDA:47,5,0,0
BRDA:47,5,1,0
BRF:18
BRH:2
end_of_record
TN:
SF:/home/user/Docker/iris/src/js/services/spotify/actions.js
FN:37,(anonymous_0)
FN:44,(anonymous_1)
FN:47,(anonymous_2)
FN:73,status
FN:81,(anonymous_4)
FN:86,(anonymous_5)
FN:99,(anonymous_6)
FN:103,(anonymous_7)
FN:120,getToken
FN:121,(anonymous_9)
FN:139,(anonymous_10)
FN:147,(anonymous_11)
FN:150,(anonymous_12)
FN:158,refreshToken
FN:159,(anonymous_14)
FN:175,(anonymous_15)
FN:186,(anonymous_16)
FN:210,(anonymous_17)
FN:232,(anonymous_18)
FN:247,set
FN:254,connect
FN:255,(anonymous_21)
FN:266,authorizationGranted
FN:271,revokeAuthorization
FN:275,refreshingToken
FN:276,(anonymous_25)
FN:282,tokenChanged
FN:289,importAuthorization
FN:300,getMe
FN:301,(anonymous_29)
FN:304,(anonymous_30)
FN:310,(anonymous_31)
FN:326,getTrack
FN:327,(anonymous_33)
FN:330,(anonymous_34)
FN:333,(anonymous_35)
FN:343,getLibraryTracks
FN:344,(anonymous_37)
FN:347,(anonymous_38)
FN:353,(anonymous_39)
FN:363,getFeaturedPlaylists
FN:364,(anonymous_41)
FN:385,(anonymous_42)
FN:410,(anonymous_43)
FN:420,getCategories
FN:421,(anonymous_45)
FN:424,(anonymous_46)
FN:430,(anonymous_47)
FN:440,getCategory
FN:441,(anonymous_49)
FN:444,(anonymous_50)
FN:454,(anonymous_51)
FN:464,getCategoryPlaylists
FN:465,(anonymous_53)
FN:468,(anonymous_54)
FN:475,(anonymous_55)
FN:485,getNewReleases
FN:486,(anonymous_57)
FN:489,(anonymous_58)
FN:495,(anonymous_59)
FN:505,getURL
FN:506,(anonymous_61)
FN:509,(anonymous_62)
FN:516,(anonymous_63)
FN:526,getMore
FN:527,(anonymous_65)
FN:530,(anonymous_66)
FN:548,(anonymous_67)
FN:558,clearSearchResults
FN:564,getSearchResults
FN:565,(anonymous_70)
FN:581,(anonymous_71)
FN:621,(anonymous_72)
FN:642,(anonymous_73)
FN:652,getAutocompleteResults
FN:653,(anonymous_75)
FN:668,(anonymous_76)
FN:713,(anonymous_77)
FN:723,clearAutocompleteResults
FN:730,following
FN:731,(anonymous_80)
FN:788,(anonymous_81)
FN:811,(anonymous_82)
FN:826,resolveRadioSeeds
FN:827,(anonymous_84)
FN:837,(anonymous_85)
FN:847,(anonymous_86)
FN:865,(anonymous_87)
FN:871,(anonymous_88)
FN:894,getFavorites
FN:895,(anonymous_90)
FN:903,(anonymous_91)
FN:910,(anonymous_92)
FN:927,getRecommendations
FN:928,(anonymous_94)
FN:975,(anonymous_95)
FN:1028,(anonymous_96)
FN:1044,getGenres
FN:1045,(anonymous_98)
FN:1048,(anonymous_99)
FN:1054,(anonymous_100)
FN:1076,getArtist
FN:1077,(anonymous_102)
FN:1086,(anonymous_103)
FN:1089,(anonymous_104)
FN:1103,(anonymous_105)
FN:1106,(anonymous_106)
FN:1118,(anonymous_107)
FN:1122,(anonymous_108)
FN:1133,(anonymous_109)
FN:1146,(anonymous_110)
FN:1153,(anonymous_111)
FN:1165,getArtists
FN:1166,(anonymous_113)
FN:1176,(anonymous_114)
FN:1190,(anonymous_115)
FN:1201,getArtistImages
FN:1202,(anonymous_117)
FN:1204,(anonymous_118)
FN:1213,(anonymous_119)
FN:1224,playArtistTopTracks
FN:1225,(anonymous_121)
FN:1237,(anonymous_122)
FN:1241,(anonymous_123)
FN:1258,getUser
FN:1259,(anonymous_125)
FN:1262,(anonymous_126)
FN:1265,(anonymous_127)
FN:1275,getUserPlaylists
FN:1276,(anonymous_129)
FN:1280,(anonymous_130)
FN:1300,(anonymous_131)
FN:1321,getAlbum
FN:1322,(anonymous_133)
FN:1326,(anonymous_134)
FN:1361,(anonymous_135)
FN:1364,(anonymous_136)
FN:1372,(anonymous_137)
FN:1388,createPlaylist
FN:1389,(anonymous_139)
FN:1399,(anonymous_140)
FN:1420,(anonymous_141)
FN:1430,savePlaylist
FN:1431,(anonymous_143)
FN:1444,(anonymous_144)
FN:1452,(anonymous_145)
FN:1464,(anonymous_146)
FN:1486,(anonymous_147)
FN:1496,getPlaylist
FN:1497,(anonymous_149)
FN:1501,(anonymous_150)
FN:1528,(anonymous_151)
FN:1544,getLibraryTracksAndPlay
FN:1545,(anonymous_153)
FN:1557,getLibraryTracksAndPlayProcessor
FN:1558,(anonymous_155)
FN:1561,(anonymous_156)
FN:1607,(anonymous_157)
FN:1623,getAllPlaylistTracks
FN:1624,(anonymous_159)
FN:1641,getAllPlaylistTracksProcessor
FN:1642,(anonymous_161)
FN:1645,(anonymous_162)
FN:1718,(anonymous_163)
FN:1728,addTracksToPlaylist
FN:1729,(anonymous_165)
FN:1732,(anonymous_166)
FN:1740,(anonymous_167)
FN:1750,deleteTracksFromPlaylist
FN:1751,(anonymous_169)
FN:1754,(anonymous_170)
FN:1762,(anonymous_171)
FN:1772,reorderPlaylistTracks
FN:1773,(anonymous_173)
FN:1778,(anonymous_174)
FN:1788,(anonymous_175)
FN:1804,flushLibrary
FN:1815,getLibraryPlaylists
FN:1816,(anonymous_178)
FN:1831,getLibraryPlaylistsProcessor
FN:1832,(anonymous_180)
FN:1835,(anonymous_181)
FN:1871,(anonymous_182)
FN:1886,getLibraryArtists
FN:1887,(anonymous_184)
FN:1902,getLibraryArtistsProcessor
FN:1903,(anonymous_186)
FN:1906,(anonymous_187)
FN:1930,(anonymous_188)
FN:1945,getLibraryAlbums
FN:1946,(anonymous_190)
FN:1961,getLibraryAlbumsProcessor
FN:1962,(anonymous_192)
FN:1965,(anonymous_193)
FN:2000,(anonymous_194)
FNF:195
FNH:0
FNDA:0,(anonymous_0)
FNDA:0,(anonymous_1)
FNDA:0,(anonymous_2)
FNDA:0,status
FNDA:0,(anonymous_4)
FNDA:0,(anonymous_5)
FNDA:0,(anonymous_6)
FNDA:0,(anonymous_7)
FNDA:0,getToken
FNDA:0,(anonymous_9)
FNDA:0,(anonymous_10)
FNDA:0,(anonymous_11)
FNDA:0,(anonymous_12)
FNDA:0,refreshToken
FNDA:0,(anonymous_14)
FNDA:0,(anonymous_15)
FNDA:0,(anonymous_16)
FNDA:0,(anonymous_17)
FNDA:0,(anonymous_18)
FNDA:0,set
FNDA:0,connect
FNDA:0,(anonymous_21)
FNDA:0,authorizationGranted
FNDA:0,revokeAuthorization
FNDA:0,refreshingToken
FNDA:0,(anonymous_25)
FNDA:0,tokenChanged
FNDA:0,importAuthorization
FNDA:0,getMe
FNDA:0,(anonymous_29)
FNDA:0,(anonymous_30)
FNDA:0,(anonymous_31)
FNDA:0,getTrack
FNDA:0,(anonymous_33)
FNDA:0,(anonymous_34)
FNDA:0,(anonymous_35)
FNDA:0,getLibraryTracks
FNDA:0,(anonymous_37)
FNDA:0,(anonymous_38)
FNDA:0,(anonymous_39)
FNDA:0,getFeaturedPlaylists
FNDA:0,(anonymous_41)
FNDA:0,(anonymous_42)
FNDA:0,(anonymous_43)
FNDA:0,getCategories
FNDA:0,(anonymous_45)
FNDA:0,(anonymous_46)
FNDA:0,(anonymous_47)
FNDA:0,getCategory
FNDA:0,(anonymous_49)
FNDA:0,(anonymous_50)
FNDA:0,(anonymous_51)
FNDA:0,getCategoryPlaylists
FNDA:0,(anonymous_53)
FNDA:0,(anonymous_54)
FNDA:0,(anonymous_55)
FNDA:0,getNewReleases
FNDA:0,(anonymous_57)
FNDA:0,(anonymous_58)
FNDA:0,(anonymous_59)
FNDA:0,getURL
FNDA:0,(anonymous_61)
FNDA:0,(anonymous_62)
FNDA:0,(anonymous_63)
FNDA:0,getMore
FNDA:0,(anonymous_65)
FNDA:0,(anonymous_66)
FNDA:0,(anonymous_67)
FNDA:0,clearSearchResults
FNDA:0,getSearchResults
FNDA:0,(anonymous_70)
FNDA:0,(anonymous_71)
FNDA:0,(anonymous_72)
FNDA:0,(anonymous_73)
FNDA:0,getAutocompleteResults
FNDA:0,(anonymous_75)
FNDA:0,(anonymous_76)
FNDA:0,(anonymous_77)
FNDA:0,clearAutocompleteResults
FNDA:0,following
FNDA:0,(anonymous_80)
FNDA:0,(anonymous_81)
FNDA:0,(anonymous_82)
FNDA:0,resolveRadioSeeds
FNDA:0,(anonymous_84)
FNDA:0,(anonymous_85)
FNDA:0,(anonymous_86)
FNDA:0,(anonymous_87)
FNDA:0,(anonymous_88)
FNDA:0,getFavorites
FNDA:0,(anonymous_90)
FNDA:0,(anonymous_91)
FNDA:0,(anonymous_92)
FNDA:0,getRecommendations
FNDA:0,(anonymous_94)
FNDA:0,(anonymous_95)
FNDA:0,(anonymous_96)
FNDA:0,getGenres
FNDA:0,(anonymous_98)
FNDA:0,(anonymous_99)
FNDA:0,(anonymous_100)
FNDA:0,getArtist
FNDA:0,(anonymous_102)
FNDA:0,(anonymous_103)
FNDA:0,(anonymous_104)
FNDA:0,(anonymous_105)
FNDA:0,(anonymous_106)
FNDA:0,(anonymous_107)
FNDA:0,(anonymous_108)
FNDA:0,(anonymous_109)
FNDA:0,(anonymous_110)
FNDA:0,(anonymous_111)
FNDA:0,getArtists
FNDA:0,(anonymous_113)
FNDA:0,(anonymous_114)
FNDA:0,(anonymous_115)
FNDA:0,getArtistImages
FNDA:0,(anonymous_117)
FNDA:0,(anonymous_118)
FNDA:0,(anonymous_119)
FNDA:0,playArtistTopTracks
FNDA:0,(anonymous_121)
FNDA:0,(anonymous_122)
FNDA:0,(anonymous_123)
FNDA:0,getUser
FNDA:0,(anonymous_125)
FNDA:0,(anonymous_126)
FNDA:0,(anonymous_127)
FNDA:0,getUserPlaylists
FNDA:0,(anonymous_129)
FNDA:0,(anonymous_130)
FNDA:0,(anonymous_131)
FNDA:0,getAlbum
FNDA:0,(anonymous_133)
FNDA:0,(anonymous_134)
FNDA:0,(anonymous_135)
FNDA:0,(anonymous_136)
FNDA:0,(anonymous_137)
FNDA:0,createPlaylist
FNDA:0,(anonymous_139)
FNDA:0,(anonymous_140)
FNDA:0,(anonymous_141)
[...]
FN:182,compare
FN:239,(anonymous_12)
FNF:13
FNH:1
FNDA:0,(anonymous_0)
FNDA:0,(anonymous_1)
FNDA:0,(anonymous_2)
FNDA:2,(anonymous_3)
FNDA:0,(anonymous_4)
FNDA:0,(anonymous_5)
FNDA:0,(anonymous_6)
FNDA:0,(anonymous_7)
FNDA:0,sortAsc
FNDA:0,(anonymous_9)
FNDA:0,get_value
FNDA:0,compare
FNDA:0,(anonymous_12)
DA:9,1
DA:10,0
DA:12,0
DA:13,0
DA:15,0
DA:25,1
DA:26,2
DA:27,2
DA:29,5
DA:30,3
DA:33,2
DA:43,1
DA:44,0
DA:45,0
DA:47,0
DA:48,0
DA:49,0
DA:50,0
DA:52,0
DA:55,0
DA:56,0
DA:59,0
DA:68,1
DA:69,0
DA:71,0
DA:72,0
DA:73,0
DA:77,0
DA:90,1
DA:91,0
DA:93,0
DA:94,0
DA:95,0
DA:96,0
DA:98,0
DA:102,0
DA:112,1
DA:115,0
DA:117,0
DA:120,0
DA:121,0
DA:122,0
DA:123,0
DA:124,0
DA:125,0
DA:130,0
DA:145,1
DA:146,0
DA:147,0
DA:151,0
DA:152,0
DA:154,0
DA:155,0
DA:156,0
DA:157,0
DA:159,0
DA:163,0
DA:164,0
DA:165,0
DA:167,0
DA:171,0
DA:172,0
DA:176,0
DA:179,0
DA:183,0
DA:184,0
DA:187,0
DA:188,0
DA:189,0
DA:194,0
DA:195,0
DA:196,0
DA:197,0
DA:198,0
DA:201,0
DA:202,0
DA:203,0
DA:204,0
DA:207,0
DA:208,0
DA:209,0
DA:210,0
DA:211,0
DA:212,0
DA:213,0
DA:217,0
DA:218,0
DA:219,0
DA:220,0
DA:221,0
DA:222,0
DA:226,0
DA:227,0
DA:228,0
DA:230,0
DA:239,1
DA:242,0
DA:243,0
DA:244,0
DA:245,0
DA:246,0
DA:248,0
LF:102
LH:13
BRDA:10,0,0,0
BRDA:10,0,1,0
BRDA:12,1,0,0
BRDA:12,1,1,0
BRDA:29,2,0,3
BRDA:29,2,1,2
BRDA:29,3,0,5
BRDA:29,3,1,4
BRDA:49,4,0,0
BRDA:49,4,1,0
BRDA:72,5,0,0
BRDA:72,5,1,0
BRDA:90,6,0,0
BRDA:94,7,0,0
BRDA:94,7,1,0
BRDA:94,8,0,0
BRDA:94,8,1,0
BRDA:95,9,0,0
BRDA:95,9,1,0
BRDA:123,10,0,0
BRDA:123,10,1,0
BRDA:123,11,0,0
BRDA:123,11,1,0
BRDA:145,12,0,0
BRDA:145,13,0,0
BRDA:146,14,0,0
BRDA:146,14,1,0
BRDA:146,15,0,0
BRDA:146,15,1,0
BRDA:154,16,0,0
BRDA:154,16,1,0
BRDA:155,17,0,0
BRDA:155,17,1,0
BRDA:155,18,0,0
BRDA:155,18,1,0
BRDA:163,19,0,0
BRDA:163,19,1,0
BRDA:164,20,0,0
BRDA:164,20,1,0
BRDA:171,21,0,0
BRDA:171,21,1,0
BRDA:187,22,0,0
BRDA:187,22,1,0
BRDA:194,23,0,0
BRDA:194,23,1,0
BRDA:197,24,0,0
BRDA:197,24,1,0
BRDA:198,25,0,0
BRDA:198,25,1,0
BRDA:201,26,0,0
BRDA:201,26,1,0
BRDA:201,27,0,0
BRDA:201,27,1,0
BRDA:202,28,0,0
BRDA:202,28,1,0
BRDA:202,29,0,0
BRDA:202,29,1,0
BRDA:203,30,0,0
BRDA:203,30,1,0
BRDA:203,31,0,0
BRDA:203,31,1,0
BRDA:207,32,0,0
BRDA:207,32,1,0
BRDA:207,33,0,0
BRDA:207,33,1,0
BRDA:208,34,0,0
BRDA:208,34,1,0
BRDA:208,35,0,0
BRDA:208,35,1,0
BRDA:209,36,0,0
BRDA:209,36,1,0
BRDA:210,37,0,0
BRDA:210,37,1,0
BRDA:211,38,0,0
BRDA:211,38,1,0
BRDA:212,39,0,0
BRDA:212,39,1,0
BRDA:217,40,0,0
BRDA:217,40,1,0
BRDA:217,41,0,0
BRDA:217,41,1,0
BRDA:218,42,0,0
BRDA:218,42,1,0
BRDA:218,43,0,0
BRDA:218,43,1,0
BRDA:219,44,0,0
BRDA:219,44,1,0
BRDA:219,45,0,0
BRDA:219,45,1,0
BRDA:220,46,0,0
BRDA:220,46,1,0
BRDA:221,47,0,0
BRDA:221,47,1,0
BRDA:227,48,0,0
BRDA:227,48,1,0
BRF:95
BRH:4
end_of_record
TN:
SF:/home/user/Docker/iris/src/js/util/format.js
FN:15,(anonymous_0)
FN:37,(anonymous_1)
FN:55,(anonymous_2)
FN:97,(anonymous_3)
FN:204,(anonymous_4)
FN:226,(anonymous_5)
FN:233,(anonymous_6)
FN:240,(anonymous_7)
FN:247,(anonymous_8)
FN:254,(anonymous_9)
FN:269,(anonymous_10)
FN:328,(anonymous_11)
FN:393,(anonymous_12)
FN:471,(anonymous_13)
FN:526,(anonymous_14)
FN:629,(anonymous_15)
FN:693,(anonymous_16)
FN:725,(anonymous_17)
FNF:18
FNH:1
FNDA:0,(anonymous_0)
FNDA:0,(anonymous_1)
FNDA:0,(anonymous_2)
FNDA:12,(anonymous_3)
FNDA:0,(anonymous_4)
FNDA:0,(anonymous_5)
FNDA:0,(anonymous_6)
FNDA:0,(anonymous_7)
FNDA:0,(anonymous_8)
FNDA:0,(anonymous_9)
FNDA:0,(anonymous_10)
FNDA:0,(anonymous_11)
FNDA:0,(anonymous_12)
FNDA:0,(anonymous_13)
FNDA:0,(anonymous_14)
FNDA:0,(anonymous_15)
FNDA:0,(anonymous_16)
FNDA:0,(anonymous_17)
DA:15,1
DA:17,0
DA:18,0
DA:19,0
DA:24,0
DA:25,0
DA:27,0
DA:29,0
DA:37,1
DA:38,0
DA:39,0
DA:40,0
DA:41,0
DA:42,0
DA:43,0
DA:44,0
DA:55,1
DA:56,0
DA:58,0
DA:60,0
DA:62,0
DA:63,0
DA:64,0
DA:68,0
DA:71,0
DA:72,0
DA:76,0
DA:78,0
DA:79,0
DA:83,0
DA:86,0
DA:97,1
DA:98,12
DA:106,12
DA:107,0
DA:111,12
DA:112,11
DA:113,0
DA:116,11
DA:117,11
DA:120,11
DA:121,1
DA:124,10
DA:125,1
DA:126,0
DA:127,1
DA:128,1
DA:129,0
DA:130,0
DA:132,0
DA:136,9
DA:137,1
DA:140,8
DA:141,7
DA:142,3
DA:143,4
DA:144,1
DA:145,3
DA:146,0
DA:148,3
DA:152,1
DA:153,1
DA:157,0
DA:158,0
DA:161,1
DA:162,1
DA:170,1
DA:171,1
DA:172,1
DA:173,1
DA:178,11
DA:179,5
DA:180,3
DA:181,3
DA:182,0
DA:184,11
DA:185,9
DA:186,9
DA:187,6
DA:189,11
DA:190,11
DA:192,11
DA:204,1
DA:205,0
DA:206,0
DA:211,0
DA:212,0
DA:213,0
DA:217,0
DA:226,1
DA:227,0
DA:228,0
DA:229,0
DA:231,0
DA:233,1
DA:234,0
DA:235,0
DA:236,0
DA:238,0
DA:240,1
DA:241,0
DA:242,0
DA:243,0
DA:245,0
DA:247,1
DA:248,0
DA:249,0
DA:250,0
DA:252,0
DA:254,1
DA:255,0
DA:256,0
DA:257,0
DA:259,0
DA:269,1
DA:270,0
DA:271,0
DA:293,0
DA:294,0
DA:295,0
DA:299,0
DA:300,0
DA:303,0
DA:304,0
DA:305,0
DA:306,0
DA:308,0
DA:309,0
DA:311,0
DA:312,0
DA:314,0
DA:315,0
DA:318,0
DA:328,1
DA:329,0
DA:330,0
DA:353,0
DA:354,0
DA:355,0
DA:359,0
DA:360,0
DA:363,0
DA:364,0
DA:367,0
DA:368,0
DA:369,0
DA:371,0
DA:372,0
DA:374,0
DA:375,0
DA:379,0
DA:380,0
DA:383,0
DA:393,1
DA:394,0
DA:395,0
DA:417,0
DA:418,0
DA:419,0
DA:423,0
DA:424,0
DA:427,0
DA:428,0
DA:431,0
DA:432,0
DA:435,0
DA:436,0
DA:439,0
DA:440,0
DA:441,0
DA:442,0
DA:445,0
DA:446,0
DA:451,0
DA:455,0
DA:457,0
DA:458,0
DA:461,0
DA:471,1
DA:472,0
DA:473,0
DA:486,0
DA:487,0
DA:488,0
DA:492,0
DA:493,0
DA:494,0
DA:495,0
DA:496,0
DA:497,0
DA:500,0
DA:501,0
DA:503,0
DA:504,0
DA:506,0
DA:507,0
DA:509,0
DA:510,0
DA:512,0
DA:513,0
DA:516,0
DA:526,1
DA:527,0
DA:528,0
DA:553,0
DA:555,0
DA:556,0
DA:558,0
DA:559,0
DA:561,0
DA:562,0
DA:566,0
DA:570,0
DA:571,0
DA:572,0
DA:576,0
DA:577,0
DA:580,0
DA:581,0
DA:582,0
DA:583,0
DA:586,0
DA:587,0
DA:588,0
DA:589,0
DA:592,0
DA:593,0
DA:596,0
DA:597,0
DA:600,0
DA:601,0
DA:604,0
DA:605,0
DA:610,0
DA:611,0
DA:612,0
DA:616,0
DA:617,0
DA:620,0
DA:629,1
DA:630,0
DA:631,0
DA:643,0
DA:644,0
DA:645,0
DA:649,0
DA:650,0
DA:651,0
DA:654,0
DA:655,0
DA:658,0
DA:659,0
DA:660,0
DA:662,0
DA:663,0
DA:667,0
DA:668,0
DA:670,0
DA:671,0
DA:672,0
DA:674,0
DA:675,0
DA:680,0
DA:681,0
DA:684,0
DA:693,1
DA:694,0
DA:695,0
DA:703,0
DA:704,0
DA:705,0
DA:709,0
DA:710,0
DA:713,0
DA:725,1
DA:730,0
DA:734,0
DA:735,0
DA:736,0
DA:737,0
DA:738,0
DA:739,0
DA:740,0
DA:742,0
DA:743,0
DA:744,0
DA:745,0
DA:746,0
DA:750,0
DA:751,0
DA:752,0
DA:753,0
DA:757,0
DA:758,0
DA:759,0
DA:764,0
DA:765,0
DA:766,0
DA:767,0
DA:768,0
DA:772,0
DA:773,0
DA:774,0
DA:779,0
DA:780,0
DA:781,0
DA:782,0
DA:783,0
DA:787,0
DA:788,0
DA:789,0
DA:794,0
DA:795,0
DA:796,0
DA:797,0
DA:798,0
DA:802,0
DA:803,0
DA:804,0
DA:809,0
DA:810,0
DA:811,0
DA:812,0
DA:813,0
DA:817,0
DA:818,0
DA:819,0
DA:824,0
DA:825,0
DA:826,0
DA:827,0
DA:828,0
DA:834,0
LF:333
LH:58
BRDA:24,0,0,0
BRDA:24,0,1,0
BRDA:37,1,0,0
BRDA:37,2,0,0
BRDA:38,3,0,0
BRDA:38,3,1,0
BRDA:39,4,0,0
BRDA:39,4,1,0
BRDA:40,5,0,0
BRDA:40,5,1,0
BRDA:41,6,0,0
BRDA:41,6,1,0
BRDA:43,7,0,0
BRDA:43,7,1,0
BRDA:60,8,0,0
BRDA:60,8,1,0
BRDA:63,9,0,0
BRDA:63,9,1,0
BRDA:63,10,0,0
BRDA:63,10,1,0
BRDA:71,11,0,0
BRDA:71,11,1,0
BRDA:71,12,0,0
BRDA:71,12,1,0
BRDA:76,13,0,0
BRDA:76,13,1,0
BRDA:78,14,0,0
BRDA:78,14,1,0
BRDA:106,15,0,0
BRDA:106,15,1,12
BRDA:111,16,0,11
BRDA:111,16,1,1
BRDA:112,17,0,0
BRDA:112,17,1,11
BRDA:120,18,0,1
BRDA:120,18,1,10
BRDA:124,19,0,1
BRDA:124,19,1,9
BRDA:124,20,0,10
BRDA:124,20,1,1
BRDA:125,21,0,0
BRDA:125,21,1,1
BRDA:127,22,0,1
BRDA:127,22,1,0
BRDA:129,23,0,0
BRDA:129,23,1,0
BRDA:136,24,0,1
BRDA:136,24,1,8
BRDA:140,25,0,7
BRDA:140,25,1,1
BRDA:141,26,0,3
BRDA:141,26,1,4
BRDA:143,27,0,1
BRDA:143,27,1,3
BRDA:145,28,0,0
BRDA:145,28,1,3
BRDA:152,29,0,1
BRDA:152,29,1,0
BRDA:153,30,0,0
BRDA:153,30,1,0
BRDA:153,30,2,0
BRDA:153,30,3,0
BRDA:153,30,4,1
BRDA:170,31,0,1
BRDA:170,31,1,0
BRDA:171,32,0,0
BRDA:171,32,1,1
BRDA:172,33,0,0
BRDA:172,33,1,1
BRDA:173,34,0,0
BRDA:173,34,1,1
BRDA:178,35,0,5
BRDA:178,35,1,6
BRDA:179,36,0,2
BRDA:179,36,1,3
BRDA:180,37,0,0
BRDA:180,37,1,3
BRDA:181,38,0,3
BRDA:181,38,1,0
BRDA:184,39,0,9
BRDA:184,39,1,2
BRDA:185,40,0,0
BRDA:185,40,1,9
BRDA:186,41,0,3
BRDA:186,41,1,6
BRDA:189,42,0,11
BRDA:189,42,1,0
BRDA:190,43,0,8
BRDA:190,43,1,3
BRDA:212,44,0,0
BRDA:212,44,1,0
BRDA:226,45,0,0
BRDA:233,46,0,0
BRDA:240,47,0,0
BRDA:247,48,0,0
BRDA:254,49,0,0
BRDA:294,50,0,0
BRDA:294,50,1,0
BRDA:299,51,0,0
BRDA:299,51,1,0
BRDA:299,52,0,0
BRDA:299,52,1,0
BRDA:303,53,0,0
BRDA:303,53,1,0
BRDA:303,54,0,0
BRDA:303,54,1,0
BRDA:305,55,0,0
BRDA:305,55,1,0
BRDA:305,56,0,0
BRDA:305,56,1,0
BRDA:308,57,0,0
BRDA:308,57,1,0
BRDA:308,58,0,0
BRDA:308,58,1,0
BRDA:311,59,0,0
BRDA:311,59,1,0
BRDA:314,60,0,0
BRDA:314,60,1,0
BRDA:314,61,0,0
BRDA:314,61,1,0
BRDA:354,62,0,0
BRDA:354,62,1,0
BRDA:359,63,0,0
BRDA:359,63,1,0
BRDA:359,64,0,0
BRDA:359,64,1,0
BRDA:363,65,0,0
BRDA:363,65,1,0
BRDA:363,66,0,0
BRDA:363,66,1,0
BRDA:367,67,0,0
BRDA:367,67,1,0
BRDA:368,68,0,0
BRDA:368,68,1,0
BRDA:368,69,0,0
BRDA:368,69,1,0
BRDA:371,70,0,0
BRDA:371,70,1,0
BRDA:371,71,0,0
BRDA:371,71,1,0
BRDA:371,71,2,0
BRDA:371,71,3,0
BRDA:374,72,0,0
BRDA:374,72,1,0
BRDA:374,73,0,0
BRDA:374,73,1,0
BRDA:379,74,0,0
BRDA:379,74,1,0
BRDA:379,75,0,0
BRDA:379,75,1,0
BRDA:418,76,0,0
BRDA:418,76,1,0
BRDA:423,77,0,0
BRDA:423,77,1,0
BRDA:423,78,0,0
BRDA:423,78,1,0
BRDA:427,79,0,0
BRDA:427,79,1,0
BRDA:427,80,0,0
BRDA:427,80,1,0
BRDA:431,81,0,0
BRDA:431,81,1,0
BRDA:431,82,0,0
BRDA:431,82,1,0
BRDA:435,83,0,0
BRDA:435,83,1,0
BRDA:435,84,0,0
BRDA:435,84,1,0
BRDA:439,85,0,0
BRDA:439,85,1,0
BRDA:439,86,0,0
BRDA:439,86,1,0
BRDA:441,87,0,0
BRDA:441,87,1,0
BRDA:441,88,0,0
BRDA:441,88,1,0
BRDA:445,89,0,0
BRDA:445,89,1,0
BRDA:449,90,0,0
BRDA:449,90,1,0
BRDA:457,91,0,0
BRDA:457,91,1,0
BRDA:457,92,0,0
BRDA:457,92,1,0
BRDA:487,93,0,0
BRDA:487,93,1,0
BRDA:492,94,0,0
BRDA:492,94,1,0
BRDA:492,95,0,0
BRDA:492,95,1,0
BRDA:494,96,0,0
BRDA:494,96,1,0
BRDA:494,97,0,0
BRDA:494,97,1,0
BRDA:496,98,0,0
BRDA:496,98,1,0
BRDA:496,99,0,0
BRDA:496,99,1,0
BRDA:500,100,0,0
BRDA:500,100,1,0
BRDA:500,101,0,0
BRDA:500,101,1,0
BRDA:503,102,0,0
BRDA:503,102,1,0
BRDA:506,103,0,0
BRDA:506,103,1,0
BRDA:506,104,0,0
BRDA:506,104,1,0
BRDA:509,105,0,0
BRDA:509,105,1,0
BRDA:509,106,0,0
BRDA:509,106,1,0
BRDA:512,107,0,0
BRDA:512,107,1,0
BRDA:512,108,0,0
BRDA:512,108,1,0
BRDA:553,109,0,0
BRDA:553,109,1,0
BRDA:553,110,0,0
BRDA:553,110,1,0
BRDA:553,110,2,0
BRDA:555,111,0,0
BRDA:555,111,1,0
BRDA:558,112,0,0
BRDA:558,112,1,0
BRDA:561,113,0,0
BRDA:561,113,1,0
BRDA:571,114,0,0
BRDA:571,114,1,0
BRDA:576,115,0,0
BRDA:576,115,1,0
BRDA:576,116,0,0
BRDA:576,116,1,0
BRDA:580,117,0,0
BRDA:580,117,1,0
BRDA:580,118,0,0
BRDA:580,118,1,0
BRDA:582,119,0,0
BRDA:582,119,1,0
BRDA:582,120,0,0
BRDA:582,120,1,0
BRDA:586,121,0,0
BRDA:586,121,1,0
BRDA:586,122,0,0
BRDA:586,122,1,0
BRDA:588,123,0,0
BRDA:588,123,1,0
BRDA:588,124,0,0
BRDA:588,124,1,0
BRDA:592,125,0,0
BRDA:592,125,1,0
BRDA:592,126,0,0
BRDA:592,126,1,0
BRDA:596,127,0,0
BRDA:596,127,1,0
BRDA:596,128,0,0
BRDA:596,128,1,0
BRDA:600,129,0,0
BRDA:600,129,1,0
BRDA:600,130,0,0
BRDA:600,130,1,0
BRDA:604,131,0,0
BRDA:604,131,1,0
BRDA:604,132,0,0
BRDA:604,132,1,0
BRDA:610,133,0,0
BRDA:610,133,1,0
BRDA:610,134,0,0
BRDA:610,134,1,0
BRDA:611,135,0,0
BRDA:611,135,1,0
BRDA:611,136,0,0
BRDA:611,136,1,0
BRDA:616,137,0,0
BRDA:616,137,1,0
BRDA:616,138,0,0
BRDA:616,138,1,0
BRDA:644,139,0,0
BRDA:644,139,1,0
BRDA:649,140,0,0
BRDA:649,140,1,0
BRDA:650,141,0,0
BRDA:650,141,1,0
BRDA:650,142,0,0
BRDA:650,142,1,0
BRDA:654,143,0,0
BRDA:654,143,1,0
BRDA:654,144,0,0
BRDA:654,144,1,0
BRDA:658,145,0,0
BRDA:658,145,1,0
BRDA:659,146,0,0
BRDA:659,146,1,0
BRDA:662,147,0,0
BRDA:662,147,1,0
BRDA:667,148,0,0
BRDA:667,148,1,0
BRDA:667,149,0,0
BRDA:667,149,1,0
BRDA:670,150,0,0
BRDA:670,150,1,0
BRDA:671,151,0,0
BRDA:671,151,1,0
BRDA:674,152,0,0
BRDA:674,152,1,0
BRDA:680,153,0,0
BRDA:680,153,1,0
BRDA:680,154,0,0
BRDA:680,154,1,0
BRDA:680,154,2,0
BRDA:704,155,0,0
BRDA:704,155,1,0
BRDA:709,156,0,0
BRDA:709,156,1,0
BRDA:709,157,0,0
BRDA:709,157,1,0
BRDA:725,158,0,0
BRDA:734,159,0,0
BRDA:734,159,1,0
BRDA:735,160,0,0
BRDA:735,160,1,0
BRDA:736,161,0,0
BRDA:736,161,1,0
BRDA:737,162,0,0
BRDA:737,162,1,0
BRDA:738,163,0,0
BRDA:738,163,1,0
BRDA:739,164,0,0
BRDA:739,164,1,0
BRDA:740,165,0,0
BRDA:740,165,1,0
BRDA:742,166,0,0
BRDA:742,166,1,0
BRDA:743,167,0,0
BRDA:743,167,1,0
BRDA:745,168,0,0
BRDA:745,168,1,0
BRDA:750,169,0,0
BRDA:750,169,1,0
BRDA:752,170,0,0
BRDA:752,170,1,0
BRDA:757,171,0,0
BRDA:757,171,1,0
BRDA:758,172,0,0
BRDA:758,172,1,0
BRDA:764,173,0,0
BRDA:764,173,1,0
BRDA:765,174,0,0
BRDA:765,174,1,0
BRDA:767,175,0,0
BRDA:767,175,1,0
BRDA:772,176,0,0
BRDA:772,176,1,0
BRDA:773,177,0,0
BRDA:773,177,1,0
BRDA:779,178,0,0
BRDA:779,178,1,0
BRDA:780,179,0,0
BRDA:780,179,1,0
BRDA:782,180,0,0
BRDA:782,180,1,0
BRDA:787,181,0,0
BRDA:787,181,1,0
BRDA:788,182,0,0
BRDA:788,182,1,0
BRDA:794,183,0,0
BRDA:794,183,1,0
BRDA:795,184,0,0
BRDA:795,184,1,0
BRDA:797,185,0,0
BRDA:797,185,1,0
BRDA:802,186,0,0
BRDA:802,186,1,0
BRDA:803,187,0,0
BRDA:803,187,1,0
BRDA:809,188,0,0
BRDA:809,188,1,0
BRDA:810,189,0,0
BRDA:810,189,1,0
BRDA:812,190,0,0
BRDA:812,190,1,0
BRDA:817,191,0,0
BRDA:817,191,1,0
BRDA:818,192,0,0
BRDA:818,192,1,0
BRDA:824,193,0,0
BRDA:824,193,1,0
BRDA:825,194,0,0
BRDA:825,194,1,0
BRDA:827,195,0,0
BRDA:827,195,1,0
BRF:391
BRH:41
end_of_record
TN:
SF:/home/user/Docker/iris/src/js/util/helpers.js
FN:7,(anonymous_0)
FN:9,(anonymous_1)
FN:14,(anonymous_2)
FN:32,(anonymous_3)
FN:34,(anonymous_4)
FN:52,(anonymous_5)
FN:77,(anonymous_6)
FN:79,(anonymous_7)
FN:87,(anonymous_8)
FN:100,(anonymous_9)
FN:108,(anonymous_10)
FN:116,(anonymous_11)
FN:117,isCurrentConnection
FN:131,(anonymous_13)
FN:144,(anonymous_14)
FN:175,(anonymous_15)
FN:208,(anonymous_16)
FN:268,(anonymous_17)
FN:297,(anonymous_18)
FN:314,(anonymous_19)
FN:323,(anonymous_20)
FN:333,(anonymous_21)
FN:349,(anonymous_22)
FN:373,(anonymous_23)
FN:388,(anonymous_24)
FN:412,(anonymous_25)
FN:419,(anonymous_26)
FN:491,(anonymous_27)
FN:543,(anonymous_28)
FN:557,(anonymous_29)
FN:567,(anonymous_30)
FN:578,(anonymous_31)
FNF:32
FNH:5
FNDA:0,(anonymous_0)
FNDA:0,(anonymous_1)
FNDA:0,(anonymous_2)
FNDA:0,(anonymous_3)
FNDA:0,(anonymous_4)
FNDA:0,(anonymous_5)
FNDA:0,(anonymous_6)
FNDA:0,(anonymous_7)
FNDA:0,(anonymous_8)
FNDA:2,(anonymous_9)
FNDA:0,(anonymous_10)
FNDA:0,(anonymous_11)
FNDA:0,isCurrentConnection
FNDA:3,(anonymous_13)
FNDA:5,(anonymous_14)
FNDA:2,(anonymous_15)
FNDA:0,(anonymous_16)
FNDA:0,(anonymous_17)
FNDA:2,(anonymous_18)
FNDA:0,(anonymous_19)
FNDA:0,(anonymous_20)
FNDA:0,(anonymous_21)
FNDA:0,(anonymous_22)
FNDA:0,(anonymous_23)
FNDA:0,(anonymous_24)
FNDA:0,(anonymous_25)
FNDA:0,(anonymous_26)
FNDA:0,(anonymous_27)
FNDA:0,(anonymous_28)
FNDA:0,(anonymous_29)
FNDA:0,(anonymous_30)
FNDA:0,(anonymous_31)
DA:7,2
DA:9,0
DA:10,0
DA:12,0
DA:14,0
DA:15,0
DA:16,0
DA:17,0
DA:21,0
DA:22,0
DA:23,0
DA:25,0
DA:26,0
DA:32,2
DA:33,0
DA:34,0
DA:35,0
DA:36,0
DA:37,0
DA:39,0
DA:40,0
DA:52,2
DA:53,0
DA:54,0
DA:56,0
DA:57,0
DA:58,0
DA:59,0
DA:60,0
DA:61,0
DA:65,0
DA:66,0
DA:77,2
DA:78,0
DA:79,0
DA:80,0
DA:81,0
DA:85,0
DA:86,0
DA:87,0
DA:90,0
DA:93,0
DA:94,0
DA:95,0
DA:100,2
DA:102,2
DA:103,2
DA:104,2
DA:105,2
DA:107,0
DA:108,0
DA:109,0
DA:111,0
DA:112,0
DA:116,2
DA:118,0
DA:121,0
DA:122,0
DA:124,0
DA:131,2
DA:132,3
DA:133,0
DA:135,3
DA:136,3
DA:144,2
DA:145,5
DA:147,5
DA:149,5
DA:150,0
DA:153,5
DA:154,0
DA:157,5
DA:163,5
DA:165,0
DA:166,0
DA:168,0
DA:170,0
DA:175,2
DA:176,2
DA:177,2
DA:180,0
DA:183,0
DA:190,0
DA:195,0
DA:198,2
DA:208,2
DA:209,0
DA:210,0
DA:212,0
DA:214,0
DA:215,0
DA:216,0
DA:219,0
DA:220,0
DA:222,0
DA:225,0
DA:226,0
DA:228,0
DA:231,0
DA:232,0
DA:234,0
DA:235,0
DA:237,0
DA:240,0
DA:241,0
DA:243,0
DA:246,0
DA:247,0
DA:249,0
DA:252,0
DA:253,0
DA:255,0
DA:258,0
DA:259,0
DA:261,0
DA:264,0
DA:265,0
DA:266,0
DA:267,0
DA:268,0
DA:270,0
DA:273,0
DA:274,0
DA:276,0
DA:279,0
DA:280,0
DA:282,0
DA:285,0
DA:297,2
DA:299,2
DA:300,2
DA:305,2
DA:306,2
DA:308,2
DA:314,2
DA:315,0
DA:323,2
DA:324,0
DA:333,2
DA:334,0
DA:349,2
DA:351,0
DA:353,0
DA:355,0
DA:356,0
DA:357,0
DA:362,0
DA:373,2
DA:376,0
DA:377,0
DA:388,2
DA:389,0
DA:392,0
DA:393,0
DA:396,0
DA:397,0
DA:398,0
DA:402,0
DA:412,2
DA:413,0
DA:419,2
DA:420,0
DA:473,0
DA:474,0
DA:475,0
DA:476,0
DA:491,2
DA:492,0
DA:495,0
DA:496,0
DA:500,0
DA:501,0
DA:502,0
DA:507,0
DA:508,0
DA:510,0
DA:511,0
DA:512,0
DA:513,0
DA:514,0
DA:515,0
DA:518,0
DA:521,0
DA:522,0
DA:525,0
DA:529,0
DA:530,0
DA:543,2
DA:544,0
DA:546,0
DA:547,0
DA:548,0
DA:550,0
DA:553,0
DA:557,2
DA:558,0
DA:567,2
DA:568,0
DA:569,0
DA:570,0
DA:571,0
DA:572,0
DA:573,0
DA:574,0
DA:575,0
DA:578,2
DA:579,0
DA:580,0
DA:581,0
DA:582,0
DA:583,0
DA:584,0
DA:585,0
DA:586,0
LF:214
LH:45
BRDA:16,0,0,0
BRDA:16,0,1,0
BRDA:21,1,0,0
BRDA:21,1,1,0
BRDA:25,2,0,0
BRDA:25,2,1,0
BRDA:36,3,0,0
BRDA:36,3,1,0
BRDA:60,4,0,0
BRDA:60,4,1,0
BRDA:77,5,0,0
BRDA:85,6,0,0
BRDA:85,6,1,0
BRDA:93,7,0,0
BRDA:93,7,1,0
BRDA:93,8,0,0
BRDA:93,8,1,0
BRDA:94,9,0,0
BRDA:94,9,1,0
BRDA:94,10,0,0
BRDA:94,10,1,0
BRDA:100,11,0,2
BRDA:100,12,0,2
BRDA:102,13,0,2
BRDA:102,13,1,0
BRDA:111,14,0,0
BRDA:111,14,1,0
BRDA:122,15,0,0
BRDA:122,15,1,0
BRDA:132,16,0,0
BRDA:132,16,1,3
BRDA:145,17,0,0
BRDA:145,17,1,5
BRDA:149,18,0,0
BRDA:149,18,1,5
BRDA:153,19,0,0
BRDA:153,19,1,5
BRDA:157,20,0,0
BRDA:157,20,1,0
BRDA:157,20,2,5
BRDA:157,20,3,5
BRDA:157,20,4,5
BRDA:157,20,5,0
BRDA:157,20,6,0
BRDA:165,21,0,0
BRDA:165,21,1,0
BRDA:165,22,0,0
BRDA:165,22,1,0
BRDA:175,23,0,2
BRDA:176,24,0,2
BRDA:176,24,1,0
BRDA:177,25,0,0
BRDA:177,25,1,0
BRDA:177,25,2,0
BRDA:177,25,3,0
BRDA:177,25,4,0
BRDA:177,25,5,0
BRDA:177,25,6,0
BRDA:177,25,7,0
BRDA:177,25,8,0
BRDA:177,25,9,0
BRDA:177,25,10,0
BRDA:177,25,11,2
BRDA:208,26,0,0
BRDA:212,27,0,0
BRDA:212,27,1,0
BRDA:212,27,2,0
BRDA:212,27,3,0
BRDA:212,27,4,0
BRDA:212,27,5,0
BRDA:212,27,6,0
BRDA:212,27,7,0
BRDA:212,27,8,0
BRDA:212,27,9,0
BRDA:212,27,10,0
BRDA:212,27,11,0
BRDA:215,28,0,0
BRDA:215,28,1,0
BRDA:219,29,0,0
BRDA:219,29,1,0
BRDA:225,30,0,0
BRDA:225,30,1,0
BRDA:231,31,0,0
BRDA:231,31,1,0
BRDA:234,32,0,0
BRDA:234,32,1,0
BRDA:234,33,0,0
BRDA:234,33,1,0
BRDA:240,34,0,0
BRDA:240,34,1,0
BRDA:240,35,0,0
BRDA:240,35,1,0
BRDA:246,36,0,0
BRDA:246,36,1,0
BRDA:252,37,0,0
BRDA:252,37,1,0
BRDA:258,38,0,0
BRDA:258,38,1,0
BRDA:264,39,0,0
BRDA:264,39,1,0
BRDA:266,40,0,0
BRDA:266,40,1,0
BRDA:273,41,0,0
BRDA:273,41,1,0
BRDA:279,42,0,0
BRDA:279,42,1,0
BRDA:324,43,0,0
BRDA:324,43,1,0
BRDA:334,44,0,0
BRDA:334,44,1,0
BRDA:349,45,0,0
BRDA:349,46,0,0
BRDA:353,47,0,0
BRDA:353,47,1,0
BRDA:356,48,0,0
BRDA:356,48,1,0
BRDA:373,49,0,0
BRDA:392,50,0,0
BRDA:392,50,1,0
BRDA:397,51,0,0
BRDA:397,51,1,0
BRDA:475,52,0,0
BRDA:475,52,1,0
BRDA:491,53,0,0
BRDA:491,54,0,0
BRDA:495,55,0,0
BRDA:495,55,1,0
BRDA:500,56,0,0
BRDA:500,56,1,0
BRDA:500,57,0,0
BRDA:500,57,1,0
BRDA:501,58,0,0
BRDA:501,58,1,0
BRDA:507,59,0,0
BRDA:507,59,1,0
BRDA:510,60,0,0
BRDA:510,60,1,0
BRDA:512,61,0,0
BRDA:512,61,1,0
BRDA:514,62,0,0
BRDA:514,62,1,0
BRDA:521,63,0,0
BRDA:521,63,1,0
BRDA:521,64,0,0
BRDA:521,64,1,0
BRDA:529,65,0,0
BRDA:529,65,1,0
BRDA:547,66,0,0
BRDA:547,66,1,0
BRDA:567,67,0,0
BRDA:568,68,0,0
BRDA:568,68,1,0
BRDA:578,69,0,0
BRDA:579,70,0,0
BRDA:579,70,1,0
BRF:155
BRH:13
end_of_record
TN:
SF:/home/user/Docker/iris/src/js/util/index.js
FNF:0
FNH:0
LF:0
LH:0
BRF:0
BRH:0
end_of_record
TN:
SF:/home/user/Docker/iris/src/js/util/storage.js
FN:7,(anonymous_0)
FN:27,(anonymous_1)
FN:46,(anonymous_2)
FN:77,(anonymous_3)
FN:83,(anonymous_4)
FN:89,(anonymous_5)
FN:102,(anonymous_6)
FNF:7
FNH:4
FNDA:1,(anonymous_0)
FNDA:13,(anonymous_1)
FNDA:1,(anonymous_2)
FNDA:0,(anonymous_3)
FNDA:0,(anonymous_4)
FNDA:0,(anonymous_5)
FNDA:1,(anonymous_6)
DA:7,1
DA:8,1
DA:11,1
DA:12,1
DA:13,1
DA:14,1
DA:15,1
DA:17,0
DA:27,1
DA:28,13
DA:29,13
DA:30,13
DA:31,1
DA:33,12
DA:35,0
DA:36,0
DA:46,1
DA:47,1
DA:48,1
DA:51,1
DA:52,1
DA:56,0
DA:62,1
DA:64,0
DA:76,1
DA:78,0
DA:79,0
DA:80,0
DA:84,0
DA:85,0
DA:86,0
DA:87,0
DA:90,0
DA:102,1
DA:103,1
DA:104,1
DA:105,1
LF:37
LH:24
BRDA:15,0,0,1
BRDA:15,0,1,1
BRDA:27,1,0,12
BRDA:28,2,0,13
BRDA:28,2,1,0
BRDA:30,3,0,1
BRDA:30,3,1,12
BRDA:46,4,0,1
BRDA:47,5,0,1
BRDA:47,5,1,0
BRDA:51,6,0,1
BRDA:51,6,1,0
BRDA:51,7,0,1
BRDA:51,7,1,0
BRDA:79,8,0,0
BRDA:79,8,1,0
BRF:16
BRH:10
end_of_record
TN:
SF:/home/user/Docker/iris/tests/state.js
FNF:0
FNH:0
DA:4,1
DA:9,1
DA:20,1
DA:26,1
DA:32,1
DA:41,1
DA:57,1
DA:70,1
DA:78,1
DA:87,1
DA:96,1
LF:11
LH:11
BRF:0
BRH:0
end_of_record
